[2019-03-15 15:26:20.396] [exthost] [info] extension host started
[2019-03-15 15:26:20.422] [exthost] [info] ExtensionService#_doActivateExtension vscode.debug-auto-launch {"startup":true,"activationEvent":"*"}
[2019-03-15 15:26:20.422] [exthost] [info] ExtensionService#loadCommonJSModule /usr/share/code/resources/app/extensions/debug-auto-launch/dist/extension
[2019-03-15 15:26:20.427] [exthost] [info] ExtensionService#_doActivateExtension vscode.emmet {"startup":true,"activationEvent":"*"}
[2019-03-15 15:26:20.427] [exthost] [info] ExtensionService#loadCommonJSModule /usr/share/code/resources/app/extensions/emmet/dist/extension
[2019-03-15 15:26:20.453] [exthost] [info] ExtensionService#_doActivateExtension vscode.git {"startup":true,"activationEvent":"*"}
[2019-03-15 15:26:20.453] [exthost] [info] ExtensionService#loadCommonJSModule /usr/share/code/resources/app/extensions/git/dist/main
[2019-03-15 15:26:20.564] [exthost] [info] ExtensionService#_doActivateExtension vscode.merge-conflict {"startup":true,"activationEvent":"*"}
[2019-03-15 15:26:20.564] [exthost] [info] ExtensionService#loadCommonJSModule /usr/share/code/resources/app/extensions/merge-conflict/dist/extension
[2019-03-15 15:26:20.569] [exthost] [info] ExtensionService#_doActivateExtension vscodevim.vim {"startup":true,"activationEvent":"*"}
[2019-03-15 15:26:20.569] [exthost] [info] ExtensionService#loadCommonJSModule /home/gbravoma/.vscode/extensions/vscodevim.vim-1.1.0/out/extension
[2019-03-15 15:26:20.937] [exthost] [info] eager extensions activated
[2019-03-15 15:26:31.730] [exthost] [info] ExtensionService#_doActivateExtension ms-vscode.Go {"startup":false,"activationEvent":"onLanguage:go"}
[2019-03-15 15:26:31.730] [exthost] [info] ExtensionService#loadCommonJSModule /home/gbravoma/.vscode/extensions/ms-vscode.go-0.9.2/out/src/goMain
[2019-03-15 15:36:06.486] [exthost] [error] [ms-vscode.Go] provider FAILED
[2019-03-15 15:36:06.486] [exthost] [error] Command failed: /home/gbravoma/go/bin/godef -t -i -f /home/gbravoma/go/src/gitlab.cern.ch/compute-accounting/accounting-historian-daemon/main.go -o 446
godef: no identifier found

[2019-03-15 17:21:37.956] [exthost] [error] [ms-vscode.Go] provider FAILED
[2019-03-15 17:21:37.956] [exthost] [error] Command failed: /home/gbravoma/go/bin/godef -t -i -f /home/gbravoma/go/src/gitlab.cern.ch/compute-accounting/accounting-historian-daemon/main.go -o 968

[2019-03-19 11:00:04.982] [exthost] [error] [ms-vscode.Go] provider FAILED
[2019-03-19 11:00:04.982] [exthost] [error] Command failed: /home/gbravoma/go/bin/godef -t -i -f /home/gbravoma/go/src/gitlab.cern.ch/compute-accounting/accounting-historian-daemon/main.go -o 254

[2019-03-19 11:13:54.097] [exthost] [error] [ms-vscode.Go] provider FAILED
[2019-03-19 11:13:54.097] [exthost] [error] Command failed: /home/gbravoma/go/bin/godef -t -i -f /home/gbravoma/go/src/gitlab.cern.ch/compute-accounting/accounting-historian-daemon/main.go -o 242

[2019-03-19 11:13:54.200] [exthost] [error] [ms-vscode.Go] provider FAILED
[2019-03-19 11:13:54.200] [exthost] [error] Command failed: /home/gbravoma/go/bin/godef -t -i -f /home/gbravoma/go/src/gitlab.cern.ch/compute-accounting/accounting-historian-daemon/main.go -o 303

[2019-03-19 11:14:02.428] [exthost] [error] [ms-vscode.Go] provider FAILED
[2019-03-19 11:14:02.428] [exthost] [error] Command failed: /home/gbravoma/go/bin/godef -t -i -f /home/gbravoma/go/src/gitlab.cern.ch/compute-accounting/accounting-historian-daemon/main.go -o 292

