[2019-02-26 09:36:12.878] [exthost] [info] extension host started
[2019-02-26 09:36:12.951] [exthost] [info] ExtensionService#_doActivateExtension vscode.debug-auto-launch {"startup":true,"activationEvent":"*"}
[2019-02-26 09:36:12.951] [exthost] [info] ExtensionService#loadCommonJSModule /usr/share/code/resources/app/extensions/debug-auto-launch/dist/extension
[2019-02-26 09:36:12.955] [exthost] [info] ExtensionService#_doActivateExtension vscode.emmet {"startup":true,"activationEvent":"*"}
[2019-02-26 09:36:12.955] [exthost] [info] ExtensionService#loadCommonJSModule /usr/share/code/resources/app/extensions/emmet/dist/extension
[2019-02-26 09:36:12.977] [exthost] [info] ExtensionService#_doActivateExtension vscode.git {"startup":true,"activationEvent":"*"}
[2019-02-26 09:36:12.977] [exthost] [info] ExtensionService#loadCommonJSModule /usr/share/code/resources/app/extensions/git/dist/main
[2019-02-26 09:36:13.261] [exthost] [info] ExtensionService#_doActivateExtension vscode.merge-conflict {"startup":true,"activationEvent":"*"}
[2019-02-26 09:36:13.261] [exthost] [info] ExtensionService#loadCommonJSModule /usr/share/code/resources/app/extensions/merge-conflict/dist/extension
[2019-02-26 09:36:13.281] [exthost] [info] ExtensionService#_doActivateExtension ms-vscode.Go {"startup":false,"activationEvent":"onLanguage:go"}
[2019-02-26 09:36:13.282] [exthost] [info] ExtensionService#loadCommonJSModule /home/gbravoma/.vscode/extensions/ms-vscode.go-0.9.2/out/src/goMain
[2019-02-26 09:36:13.520] [exthost] [info] eager extensions activated
[2019-02-26 09:37:02.031] [exthost] [info] ExtensionService#_doActivateExtension vscodevim.vim {"startup":false,"activationEvent":"*"}
[2019-02-26 09:37:02.032] [exthost] [info] ExtensionService#loadCommonJSModule /home/gbravoma/.vscode/extensions/vscodevim.vim-1.1.0/out/extension
[2019-02-26 09:38:35.200] [exthost] [info] ExtensionService#_doActivateExtension ms-vscode.node-debug2 {"startup":false,"activationEvent":"onDebugInitialConfigurations"}
[2019-02-26 09:38:35.200] [exthost] [info] ExtensionService#loadCommonJSModule /usr/share/code/resources/app/extensions/ms-vscode.node-debug2/out/src/extension
[2019-02-26 09:38:35.217] [exthost] [info] ExtensionService#_doActivateExtension ms-vscode.node-debug {"startup":false,"activationEvent":"onDebugInitialConfigurations"}
[2019-02-26 09:38:35.217] [exthost] [info] ExtensionService#loadCommonJSModule /usr/share/code/resources/app/extensions/ms-vscode.node-debug/dist/extension.js
[2019-02-26 09:38:35.942] [exthost] [info] ExtensionService#_doActivateExtension vscode.configuration-editing {"startup":false,"activationEvent":"onLanguage:jsonc"}
[2019-02-26 09:38:35.947] [exthost] [info] ExtensionService#loadCommonJSModule /usr/share/code/resources/app/extensions/configuration-editing/dist/extension
[2019-02-26 09:38:35.982] [exthost] [info] ExtensionService#_doActivateExtension vscode.json-language-features {"startup":false,"activationEvent":"onLanguage:jsonc"}
[2019-02-26 09:38:35.982] [exthost] [info] ExtensionService#loadCommonJSModule /usr/share/code/resources/app/extensions/json-language-features/client/dist/jsonMain
[2019-02-26 09:38:36.344] [exthost] [info] ExtensionService#_doActivateExtension vscode.typescript-language-features {"startup":false,"activationEvent":"onLanguage:jsonc"}
[2019-02-26 09:38:36.344] [exthost] [info] ExtensionService#loadCommonJSModule /usr/share/code/resources/app/extensions/typescript-language-features/dist/extension
