[2019-02-26 15:27:02.670] [exthost] [info] extension host started
[2019-02-26 15:27:02.734] [exthost] [info] ExtensionService#_doActivateExtension vscode.debug-auto-launch {"startup":true,"activationEvent":"*"}
[2019-02-26 15:27:02.735] [exthost] [info] ExtensionService#loadCommonJSModule /usr/share/code/resources/app/extensions/debug-auto-launch/dist/extension
[2019-02-26 15:27:02.738] [exthost] [info] ExtensionService#_doActivateExtension vscode.emmet {"startup":true,"activationEvent":"*"}
[2019-02-26 15:27:02.738] [exthost] [info] ExtensionService#loadCommonJSModule /usr/share/code/resources/app/extensions/emmet/dist/extension
[2019-02-26 15:27:02.758] [exthost] [info] ExtensionService#_doActivateExtension vscode.git {"startup":true,"activationEvent":"*"}
[2019-02-26 15:27:02.758] [exthost] [info] ExtensionService#loadCommonJSModule /usr/share/code/resources/app/extensions/git/dist/main
[2019-02-26 15:27:02.902] [exthost] [info] ExtensionService#_doActivateExtension vscode.merge-conflict {"startup":true,"activationEvent":"*"}
[2019-02-26 15:27:02.902] [exthost] [info] ExtensionService#loadCommonJSModule /usr/share/code/resources/app/extensions/merge-conflict/dist/extension
[2019-02-26 15:27:02.909] [exthost] [info] ExtensionService#_doActivateExtension vscodevim.vim {"startup":true,"activationEvent":"*"}
[2019-02-26 15:27:02.909] [exthost] [info] ExtensionService#loadCommonJSModule /home/gbravoma/.vscode/extensions/vscodevim.vim-1.1.0/out/extension
[2019-02-26 15:27:03.419] [exthost] [info] ExtensionService#_doActivateExtension ms-vscode.Go {"startup":false,"activationEvent":"onLanguage:go"}
[2019-02-26 15:27:03.419] [exthost] [info] ExtensionService#loadCommonJSModule /home/gbravoma/.vscode/extensions/ms-vscode.go-0.9.2/out/src/goMain
[2019-02-26 15:27:03.596] [exthost] [info] eager extensions activated
[2019-02-26 15:32:43.295] [exthost] [info] ExtensionService#_doActivateExtension vscode.configuration-editing {"startup":false,"activationEvent":"onLanguage:jsonc"}
[2019-02-26 15:32:43.295] [exthost] [info] ExtensionService#loadCommonJSModule /usr/share/code/resources/app/extensions/configuration-editing/dist/extension
[2019-02-26 15:32:43.318] [exthost] [info] ExtensionService#_doActivateExtension vscode.json-language-features {"startup":false,"activationEvent":"onLanguage:jsonc"}
[2019-02-26 15:32:43.318] [exthost] [info] ExtensionService#loadCommonJSModule /usr/share/code/resources/app/extensions/json-language-features/client/dist/jsonMain
[2019-02-26 15:32:43.475] [exthost] [info] ExtensionService#_doActivateExtension vscode.typescript-language-features {"startup":false,"activationEvent":"onLanguage:jsonc"}
[2019-02-26 15:32:43.475] [exthost] [info] ExtensionService#loadCommonJSModule /usr/share/code/resources/app/extensions/typescript-language-features/dist/extension
[2019-02-26 15:34:22.412] [exthost] [error] [ms-vscode.Go] provider FAILED
[2019-02-26 15:34:22.412] [exthost] [error] Command failed: /home/gbravoma/go/bin/godef -t -i -f /home/gbravoma/go/src/gitlab.cern.ch/compute-accounting/monit-accounting/controllers/readers/s3_reader.go -o 851

[2019-02-26 16:00:13.582] [exthost] [error] [ms-vscode.Go] provider FAILED
[2019-02-26 16:00:13.582] [exthost] [error] Check the console in dev tools to find errors when formatting.
[2019-02-26 16:00:15.122] [exthost] [error] [ms-vscode.Go] provider FAILED
[2019-02-26 16:00:15.122] [exthost] [error] Check the console in dev tools to find errors when formatting.
[2019-02-26 16:00:18.041] [exthost] [error] [ms-vscode.Go] provider FAILED
[2019-02-26 16:00:18.041] [exthost] [error] Check the console in dev tools to find errors when formatting.
[2019-02-26 16:06:27.538] [exthost] [error] [ms-vscode.Go] provider FAILED
[2019-02-26 16:06:27.538] [exthost] [error] Check the console in dev tools to find errors when formatting.
