[2019-02-26 09:32:42.844] [sharedprocess] [info] main {"machineId":"024c84439ed80f9708a8bcc94c774ab69959af2b0ad175138d863b0a9d73ee54"}
[2019-02-26 09:32:42.947] [sharedprocess] [info] Scanned user extensions: 0
[2019-02-26 09:32:43.014] [sharedprocess] [info] Scanned user extensions: 0
[2019-02-26 09:32:43.018] [sharedprocess] [info] Scanned user extensions: 0
[2019-02-26 09:32:43.207] [sharedprocess] [info] Scanned system extensions: 71
[2019-02-26 09:32:43.219] [sharedprocess] [info] Scanned system extensions: 71
[2019-02-26 09:32:43.230] [sharedprocess] [info] Scanned system extensions: 71
[2019-02-26 09:32:45.072] [sharedprocess] [info] Scanned user extensions: 0
[2019-02-26 09:33:22.867] [sharedprocess] [info] Starting to clean up unused language packs.
[2019-02-26 09:34:30.752] [sharedprocess] [info] Scanned user extensions: 0
[2019-02-26 09:34:30.828] [sharedprocess] [info] Scanned system extensions: 71
[2019-02-26 09:34:36.709] [sharedprocess] [info] Scanned user extensions: 0
[2019-02-26 09:34:36.711] [sharedprocess] [info] Scanned user extensions: 0
[2019-02-26 09:34:36.713] [sharedprocess] [info] Scanned user extensions: 0
[2019-02-26 09:34:36.728] [sharedprocess] [info] Scanned user extensions: 0
[2019-02-26 09:34:36.772] [sharedprocess] [info] Scanned user extensions: 0
[2019-02-26 09:34:36.880] [sharedprocess] [info] Scanned system extensions: 71
[2019-02-26 09:34:36.896] [sharedprocess] [info] Scanned system extensions: 71
[2019-02-26 09:34:36.907] [sharedprocess] [info] Scanned system extensions: 71
[2019-02-26 09:34:36.931] [sharedprocess] [info] Scanned system extensions: 71
[2019-02-26 09:34:36.993] [sharedprocess] [info] Installing extension: ms-vscode.go
[2019-02-26 09:34:36.996] [sharedprocess] [info] Scanned user extensions: 0
[2019-02-26 09:34:37.291] [sharedprocess] [info] Scanned user extensions: 0
[2019-02-26 09:34:37.323] [sharedprocess] [info] Scanned user extensions: 0
[2019-02-26 09:34:37.332] [sharedprocess] [info] Scanned user extensions: 0
[2019-02-26 09:34:37.474] [sharedprocess] [info] Scanned system extensions: 71
[2019-02-26 09:34:37.480] [sharedprocess] [info] Scanned system extensions: 71
[2019-02-26 09:34:37.490] [sharedprocess] [info] Scanned system extensions: 71
[2019-02-26 09:34:37.680] [sharedprocess] [info] Downloaded extension: ms-vscode.go /tmp/bfd2e707-6d8c-41e9-8980-f149646f46bc
[2019-02-26 09:34:40.117] [sharedprocess] [info] Extracted extension to /home/gbravoma/.vscode/extensions/.ms-vscode.go-0.9.2: ms-vscode.go
[2019-02-26 09:34:40.118] [sharedprocess] [info] Renamed to /home/gbravoma/.vscode/extensions/ms-vscode.go-0.9.2
[2019-02-26 09:34:40.120] [sharedprocess] [info] Installation completed. ms-vscode.go
[2019-02-26 09:34:40.137] [sharedprocess] [info] Extensions installed successfully: ms-vscode.go
