[2019-03-14 15:25:43.578] [exthost] [info] extension host started
[2019-03-14 15:25:43.642] [exthost] [info] ExtensionService#_doActivateExtension vscode.debug-auto-launch {"startup":true,"activationEvent":"*"}
[2019-03-14 15:25:43.642] [exthost] [info] ExtensionService#loadCommonJSModule /usr/share/code/resources/app/extensions/debug-auto-launch/dist/extension
[2019-03-14 15:25:43.654] [exthost] [info] ExtensionService#_doActivateExtension vscode.emmet {"startup":true,"activationEvent":"*"}
[2019-03-14 15:25:43.654] [exthost] [info] ExtensionService#loadCommonJSModule /usr/share/code/resources/app/extensions/emmet/dist/extension
[2019-03-14 15:25:43.684] [exthost] [info] ExtensionService#_doActivateExtension vscode.git {"startup":true,"activationEvent":"*"}
[2019-03-14 15:25:43.684] [exthost] [info] ExtensionService#loadCommonJSModule /usr/share/code/resources/app/extensions/git/dist/main
[2019-03-14 15:25:43.812] [exthost] [info] ExtensionService#_doActivateExtension vscode.merge-conflict {"startup":true,"activationEvent":"*"}
[2019-03-14 15:25:43.812] [exthost] [info] ExtensionService#loadCommonJSModule /usr/share/code/resources/app/extensions/merge-conflict/dist/extension
[2019-03-14 15:25:43.818] [exthost] [info] ExtensionService#_doActivateExtension vscodevim.vim {"startup":true,"activationEvent":"*"}
[2019-03-14 15:25:43.818] [exthost] [info] ExtensionService#loadCommonJSModule /home/gbravoma/.vscode/extensions/vscodevim.vim-1.1.0/out/extension
[2019-03-14 15:25:44.281] [exthost] [info] ExtensionService#_doActivateExtension ms-vscode.Go {"startup":false,"activationEvent":"onLanguage:go"}
[2019-03-14 15:25:44.281] [exthost] [info] ExtensionService#loadCommonJSModule /home/gbravoma/.vscode/extensions/ms-vscode.go-0.9.2/out/src/goMain
[2019-03-14 15:25:44.468] [exthost] [info] eager extensions activated
[2019-03-14 15:26:50.624] [exthost] [error] [ms-vscode.Go] provider FAILED
[2019-03-14 15:26:50.624] [exthost] [error] Command failed: /home/gbravoma/go/bin/godef -t -i -f /home/gbravoma/go/src/github.com/minio/minio-go/api-get-object.go -o 7768

[2019-03-14 16:09:24.241] [exthost] [info] ExtensionService#_doActivateExtension ms-vscode.node-debug2 {"startup":false,"activationEvent":"onDebugInitialConfigurations"}
[2019-03-14 16:09:24.241] [exthost] [info] ExtensionService#loadCommonJSModule /usr/share/code/resources/app/extensions/ms-vscode.node-debug2/out/src/extension
[2019-03-14 16:09:24.252] [exthost] [info] ExtensionService#_doActivateExtension ms-vscode.node-debug {"startup":false,"activationEvent":"onDebugInitialConfigurations"}
[2019-03-14 16:09:24.252] [exthost] [info] ExtensionService#loadCommonJSModule /usr/share/code/resources/app/extensions/ms-vscode.node-debug/dist/extension.js
[2019-03-14 16:09:24.374] [exthost] [info] ExtensionService#_doActivateExtension vscode.configuration-editing {"startup":false,"activationEvent":"onLanguage:jsonc"}
[2019-03-14 16:09:24.374] [exthost] [info] ExtensionService#loadCommonJSModule /usr/share/code/resources/app/extensions/configuration-editing/dist/extension
[2019-03-14 16:09:24.396] [exthost] [info] ExtensionService#_doActivateExtension vscode.json-language-features {"startup":false,"activationEvent":"onLanguage:jsonc"}
[2019-03-14 16:09:24.396] [exthost] [info] ExtensionService#loadCommonJSModule /usr/share/code/resources/app/extensions/json-language-features/client/dist/jsonMain
[2019-03-14 16:09:24.552] [exthost] [info] ExtensionService#_doActivateExtension vscode.typescript-language-features {"startup":false,"activationEvent":"onLanguage:jsonc"}
[2019-03-14 16:09:24.552] [exthost] [info] ExtensionService#loadCommonJSModule /usr/share/code/resources/app/extensions/typescript-language-features/dist/extension
[2019-03-14 16:21:31.582] [exthost] [error] [ms-vscode.Go] provider FAILED
[2019-03-14 16:21:31.582] [exthost] [error] Command failed: /home/gbravoma/go/bin/godef -t -i -f /home/gbravoma/go/src/github.com/minio/minio-go/api-get-object.go -o 1014

[2019-03-14 16:21:32.256] [exthost] [error] [ms-vscode.Go] provider FAILED
[2019-03-14 16:21:32.256] [exthost] [error] Command failed: /home/gbravoma/go/bin/godef -t -i -f /home/gbravoma/go/src/github.com/minio/minio-go/api-get-object.go -o 919

[2019-03-14 16:21:32.660] [exthost] [error] [ms-vscode.Go] provider FAILED
[2019-03-14 16:21:32.660] [exthost] [error] Command failed: /home/gbravoma/go/bin/godef -t -i -f /home/gbravoma/go/src/github.com/minio/minio-go/api-get-object.go -o 929

[2019-03-14 17:05:54.529] [exthost] [error] [ms-vscode.Go] provider FAILED
[2019-03-14 17:05:54.529] [exthost] [error] Check the console in dev tools to find errors when formatting.
[2019-03-14 17:06:05.328] [exthost] [error] [ms-vscode.Go] provider FAILED
[2019-03-14 17:06:05.328] [exthost] [error] Command failed: /home/gbravoma/go/bin/godef -t -i -f /home/gbravoma/go/src/gitlab.cern.ch/compute-accounting/monit-accounting/main.go -o 1261
godef: Offset 1261 was not a valid identifier

[2019-03-14 17:06:05.816] [exthost] [error] [ms-vscode.Go] provider FAILED
[2019-03-14 17:06:05.816] [exthost] [error] Command failed: /home/gbravoma/go/bin/godef -t -i -f /home/gbravoma/go/src/gitlab.cern.ch/compute-accounting/monit-accounting/main.go -o 1261
godef: Offset 1261 was not a valid identifier

[2019-03-14 17:06:06.722] [exthost] [error] [ms-vscode.Go] provider FAILED
[2019-03-14 17:06:06.722] [exthost] [error] Command failed: /home/gbravoma/go/bin/godef -t -i -f /home/gbravoma/go/src/gitlab.cern.ch/compute-accounting/monit-accounting/main.go -o 1260
godef: Offset 1260 was not a valid identifier

[2019-03-14 17:06:07.326] [exthost] [error] [ms-vscode.Go] provider FAILED
[2019-03-14 17:06:07.326] [exthost] [error] Command failed: /home/gbravoma/go/bin/godef -t -i -f /home/gbravoma/go/src/gitlab.cern.ch/compute-accounting/monit-accounting/main.go -o 1254
godef: Offset 1254 was not a valid identifier

[2019-03-14 17:06:07.577] [exthost] [error] [ms-vscode.Go] provider FAILED
[2019-03-14 17:06:07.577] [exthost] [error] Command failed: /home/gbravoma/go/bin/godef -t -i -f /home/gbravoma/go/src/gitlab.cern.ch/compute-accounting/monit-accounting/main.go -o 1254
godef: Offset 1254 was not a valid identifier

[2019-03-14 17:06:09.046] [exthost] [error] [ms-vscode.Go] provider FAILED
[2019-03-14 17:06:09.046] [exthost] [error] Command failed: /home/gbravoma/go/bin/godef -t -i -f /home/gbravoma/go/src/gitlab.cern.ch/compute-accounting/monit-accounting/main.go -o 1236
godef: Offset 1236 was not a valid identifier

[2019-03-15 09:04:16.281] [exthost] [error] [ms-vscode.Go] provider FAILED
[2019-03-15 09:04:16.281] [exthost] [error] Command failed: /home/gbravoma/go/bin/godef -t -i -f /home/gbravoma/go/src/gitlab.cern.ch/compute-accounting/monit-accounting/main.go -o 337

