/home/gbravoma/go/src/gitlab.cern.ch/compute-accounting/monit-accounting/controllers/readers>Finished running tool: /home/gbravoma/go/bin/golint
/home/gbravoma/go/src/gitlab.cern.ch/compute-accounting/monit-accounting/controllers/readers/readers.go:3: exported type Reader should have comment or be unexported
/home/gbravoma/go/src/gitlab.cern.ch/compute-accounting/monit-accounting/controllers/readers/s3_reader.go:13: exported type S3reader should have comment or be unexported
/home/gbravoma/go/src/gitlab.cern.ch/compute-accounting/monit-accounting/controllers/readers/s3_reader.go:15: exported type S3params should have comment or be unexported
/home/gbravoma/go/src/gitlab.cern.ch/compute-accounting/monit-accounting/controllers/readers/s3_reader.go:75: exported method S3reader.Process should have comment or be unexported

/home/gbravoma/go/src/gitlab.cern.ch/compute-accounting/monit-accounting/controllers/readers>Finished running tool: /usr/bin/go build -i -o /tmp/vscode-goFJG3vM/go-code-check gitlab.cern.ch/compute-accounting/monit-accounting/controllers/readers

/home/gbravoma/go/src/gitlab.cern.ch/compute-accounting/monit-accounting/controllers/readers>Finished running tool: /usr/bin/go vet ./...
/home/gbravoma/go/src/gitlab.cern.ch/compute-accounting/monit-accounting/controllers/readers/s3_reader.go:27: result of fmt.Errorf call not used

/home/gbravoma/go/src/gitlab.cern.ch/compute-accounting/monit-accounting/controllers/readers>Finished running tool: /home/gbravoma/go/bin/golint
/home/gbravoma/go/src/gitlab.cern.ch/compute-accounting/monit-accounting/controllers/readers/readers.go:3: exported type Reader should have comment or be unexported
/home/gbravoma/go/src/gitlab.cern.ch/compute-accounting/monit-accounting/controllers/readers/s3_reader.go:13: exported type S3reader should have comment or be unexported
/home/gbravoma/go/src/gitlab.cern.ch/compute-accounting/monit-accounting/controllers/readers/s3_reader.go:15: exported type S3params should have comment or be unexported
/home/gbravoma/go/src/gitlab.cern.ch/compute-accounting/monit-accounting/controllers/readers/s3_reader.go:75: exported method S3reader.Process should have comment or be unexported

/home/gbravoma/go/src/gitlab.cern.ch/compute-accounting/monit-accounting/controllers/readers>Finished running tool: /usr/bin/go build -i -o /tmp/vscode-goFJG3vM/go-code-check gitlab.cern.ch/compute-accounting/monit-accounting/controllers/readers

/home/gbravoma/go/src/gitlab.cern.ch/compute-accounting/monit-accounting/controllers/readers>Finished running tool: /usr/bin/go vet ./...
/home/gbravoma/go/src/gitlab.cern.ch/compute-accounting/monit-accounting/controllers/readers/s3_reader.go:27: result of fmt.Errorf call not used

/home/gbravoma/go/src/gitlab.cern.ch/compute-accounting/monit-accounting/controllers/readers>Finished running tool: /home/gbravoma/go/bin/golint
/home/gbravoma/go/src/gitlab.cern.ch/compute-accounting/monit-accounting/controllers/readers/readers.go:3: exported type Reader should have comment or be unexported
/home/gbravoma/go/src/gitlab.cern.ch/compute-accounting/monit-accounting/controllers/readers/s3_reader.go:12: exported type S3reader should have comment or be unexported
/home/gbravoma/go/src/gitlab.cern.ch/compute-accounting/monit-accounting/controllers/readers/s3_reader.go:14: exported type S3params should have comment or be unexported
/home/gbravoma/go/src/gitlab.cern.ch/compute-accounting/monit-accounting/controllers/readers/s3_reader.go:73: exported method S3reader.Process should have comment or be unexported

/home/gbravoma/go/src/gitlab.cern.ch/compute-accounting/monit-accounting/controllers/readers>Finished running tool: /usr/bin/go build -i -o /tmp/vscode-goFJG3vM/go-code-check gitlab.cern.ch/compute-accounting/monit-accounting/controllers/readers

/home/gbravoma/go/src/gitlab.cern.ch/compute-accounting/monit-accounting/controllers/readers>Finished running tool: /usr/bin/go vet ./...
/home/gbravoma/go/src/gitlab.cern.ch/compute-accounting/monit-accounting/controllers/readers/s3_reader.go:26: result of fmt.Errorf call not used

/home/gbravoma/go/src/gitlab.cern.ch/compute-accounting/monit-accounting/controllers/readers>Finished running tool: /home/gbravoma/go/bin/golint
/home/gbravoma/go/src/gitlab.cern.ch/compute-accounting/monit-accounting/controllers/readers/readers.go:3: exported type Reader should have comment or be unexported
/home/gbravoma/go/src/gitlab.cern.ch/compute-accounting/monit-accounting/controllers/readers/s3_reader.go:13: exported type S3reader should have comment or be unexported
/home/gbravoma/go/src/gitlab.cern.ch/compute-accounting/monit-accounting/controllers/readers/s3_reader.go:15: exported type S3params should have comment or be unexported
/home/gbravoma/go/src/gitlab.cern.ch/compute-accounting/monit-accounting/controllers/readers/s3_reader.go:75: exported method S3reader.Process should have comment or be unexported

/home/gbravoma/go/src/gitlab.cern.ch/compute-accounting/monit-accounting/controllers/readers>Finished running tool: /usr/bin/go build -i -o /tmp/vscode-goFJG3vM/go-code-check gitlab.cern.ch/compute-accounting/monit-accounting/controllers/readers

/home/gbravoma/go/src/gitlab.cern.ch/compute-accounting/monit-accounting/controllers/readers>Finished running tool: /usr/bin/go vet ./...
/home/gbravoma/go/src/gitlab.cern.ch/compute-accounting/monit-accounting/controllers/readers/s3_reader.go:27: result of fmt.Errorf call not used

/home/gbravoma/go/src/gitlab.cern.ch/compute-accounting/monit-accounting/controllers/readers>Finished running tool: /home/gbravoma/go/bin/golint
/home/gbravoma/go/src/gitlab.cern.ch/compute-accounting/monit-accounting/controllers/readers/readers.go:3: exported type Reader should have comment or be unexported
/home/gbravoma/go/src/gitlab.cern.ch/compute-accounting/monit-accounting/controllers/readers/s3_reader.go:13: exported type S3reader should have comment or be unexported
/home/gbravoma/go/src/gitlab.cern.ch/compute-accounting/monit-accounting/controllers/readers/s3_reader.go:15: exported type S3params should have comment or be unexported
/home/gbravoma/go/src/gitlab.cern.ch/compute-accounting/monit-accounting/controllers/readers/s3_reader.go:76: exported method S3reader.Process should have comment or be unexported

/home/gbravoma/go/src/gitlab.cern.ch/compute-accounting/monit-accounting/controllers/readers>Finished running tool: /usr/bin/go build -i -o /tmp/vscode-goFJG3vM/go-code-check gitlab.cern.ch/compute-accounting/monit-accounting/controllers/readers

/home/gbravoma/go/src/gitlab.cern.ch/compute-accounting/monit-accounting/controllers/readers>Finished running tool: /usr/bin/go vet ./...
/home/gbravoma/go/src/gitlab.cern.ch/compute-accounting/monit-accounting/controllers/readers/s3_reader.go:27: result of fmt.Errorf call not used

