[2019-02-26 09:36:14.321] [sharedprocess] [info] main {"machineId":"024c84439ed80f9708a8bcc94c774ab69959af2b0ad175138d863b0a9d73ee54"}
[2019-02-26 09:36:14.414] [sharedprocess] [info] Scanned user extensions: 1
[2019-02-26 09:36:14.503] [sharedprocess] [info] Scanned user extensions: 1
[2019-02-26 09:36:14.507] [sharedprocess] [info] Scanned user extensions: 1
[2019-02-26 09:36:14.565] [sharedprocess] [info] Scanned system extensions: 71
[2019-02-26 09:36:14.597] [sharedprocess] [info] Scanned system extensions: 71
[2019-02-26 09:36:14.600] [sharedprocess] [info] Scanned system extensions: 71
[2019-02-26 09:36:14.752] [sharedprocess] [info] Scanned user extensions: 1
[2019-02-26 09:36:50.926] [sharedprocess] [info] Scanned user extensions: 1
[2019-02-26 09:36:50.933] [sharedprocess] [info] Scanned user extensions: 1
[2019-02-26 09:36:50.937] [sharedprocess] [info] Scanned user extensions: 1
[2019-02-26 09:36:50.947] [sharedprocess] [info] Scanned user extensions: 1
[2019-02-26 09:36:51.100] [sharedprocess] [info] Scanned system extensions: 71
[2019-02-26 09:36:51.115] [sharedprocess] [info] Scanned system extensions: 71
[2019-02-26 09:36:51.130] [sharedprocess] [info] Scanned system extensions: 71
[2019-02-26 09:36:54.327] [sharedprocess] [info] Starting to clean up unused language packs.
[2019-02-26 09:36:54.901] [sharedprocess] [info] Installing extension: vscodevim.vim
[2019-02-26 09:36:54.905] [sharedprocess] [info] Scanned user extensions: 1
[2019-02-26 09:36:55.518] [sharedprocess] [info] Downloaded extension: vscodevim.vim /tmp/82a71ceb-321d-487c-a9fc-3607997d8ec5
[2019-02-26 09:37:01.928] [sharedprocess] [info] Extracted extension to /home/gbravoma/.vscode/extensions/.vscodevim.vim-1.1.0: vscodevim.vim
[2019-02-26 09:37:01.928] [sharedprocess] [info] Renamed to /home/gbravoma/.vscode/extensions/vscodevim.vim-1.1.0
[2019-02-26 09:37:01.931] [sharedprocess] [info] Installation completed. vscodevim.vim
[2019-02-26 09:37:01.954] [sharedprocess] [info] Extensions installed successfully: vscodevim.vim
[2019-02-26 09:41:14.771] [sharedprocess] [info] Scanned user extensions: 2
[2019-02-26 09:46:14.782] [sharedprocess] [info] Scanned user extensions: 2
[2019-02-26 09:51:14.795] [sharedprocess] [info] Scanned user extensions: 2
[2019-02-26 09:56:14.815] [sharedprocess] [info] Scanned user extensions: 2
[2019-02-26 10:01:14.824] [sharedprocess] [info] Scanned user extensions: 2
[2019-02-26 10:06:14.834] [sharedprocess] [info] Scanned user extensions: 2
[2019-02-26 10:11:14.849] [sharedprocess] [info] Scanned user extensions: 2
[2019-02-26 10:16:14.860] [sharedprocess] [info] Scanned user extensions: 2
[2019-02-26 10:21:14.869] [sharedprocess] [info] Scanned user extensions: 2
[2019-02-26 10:26:14.880] [sharedprocess] [info] Scanned user extensions: 2
[2019-02-26 10:31:14.891] [sharedprocess] [info] Scanned user extensions: 2
[2019-02-26 10:36:14.948] [sharedprocess] [info] Scanned user extensions: 2
[2019-02-26 10:41:14.963] [sharedprocess] [info] Scanned user extensions: 2
[2019-02-26 10:46:14.979] [sharedprocess] [info] Scanned user extensions: 2
[2019-02-26 10:51:14.988] [sharedprocess] [info] Scanned user extensions: 2
[2019-02-26 10:56:15.009] [sharedprocess] [info] Scanned user extensions: 2
[2019-02-26 11:01:15.019] [sharedprocess] [info] Scanned user extensions: 2
[2019-02-26 11:06:15.031] [sharedprocess] [info] Scanned user extensions: 2
[2019-02-26 11:11:15.042] [sharedprocess] [info] Scanned user extensions: 2
[2019-02-26 11:16:15.050] [sharedprocess] [info] Scanned user extensions: 2
[2019-02-26 11:21:15.061] [sharedprocess] [info] Scanned user extensions: 2
[2019-02-26 11:26:15.072] [sharedprocess] [info] Scanned user extensions: 2
