Looking for git in: git
Using git 2.7.4 from git
> git rev-parse --show-toplevel
> git config --get commit.template
Open repository: /home/gbravoma/go/src/gitlab.cern.ch/compute-accounting/monit-accounting
> git status -z -u
> git symbolic-ref --short HEAD
> git rev-parse pandas_monit
> git rev-parse --symbolic-full-name pandas_monit@{u}
> git rev-list --left-right pandas_monit...refs/remotes/origin/pandas_monit
> git for-each-ref --format %(refname) %(objectname) --sort -committerdate
> git remote --verbose
> git check-ignore -z --stdin
> git rev-parse --show-toplevel
> git config --get commit.template
Open repository: /home/gbravoma/go/src/golang.org/x/lint
> git status -z -u
> git symbolic-ref --short HEAD
> git rev-parse master
> git rev-parse --symbolic-full-name master@{u}
> git rev-list --left-right master...refs/remotes/origin/master
> git for-each-ref --format %(refname) %(objectname) --sort -committerdate
> git remote --verbose
> git check-ignore -z --stdin
> git check-ignore -z --stdin
> git status -z -u
> git symbolic-ref --short HEAD
> git rev-parse master
> git rev-parse --symbolic-full-name master@{u}
> git rev-list --left-right master...refs/remotes/origin/master
> git for-each-ref --format %(refname) %(objectname) --sort -committerdate
> git remote --verbose
> git check-ignore -z --stdin
> git show :main.go
> git status -z -u
> git symbolic-ref --short HEAD
> git rev-parse pandas_monit
> git rev-parse --symbolic-full-name pandas_monit@{u}
> git rev-list --left-right pandas_monit...refs/remotes/origin/pandas_monit
> git for-each-ref --format %(refname) %(objectname) --sort -committerdate
> git remote --verbose
> git status -z -u
> git symbolic-ref --short HEAD
> git rev-parse pandas_monit
> git rev-parse --symbolic-full-name pandas_monit@{u}
> git rev-list --left-right pandas_monit...refs/remotes/origin/pandas_monit
> git for-each-ref --format %(refname) %(objectname) --sort -committerdate
> git remote --verbose
> git status -z -u
> git symbolic-ref --short HEAD
> git rev-parse pandas_monit
> git rev-parse --symbolic-full-name pandas_monit@{u}
> git rev-list --left-right pandas_monit...refs/remotes/origin/pandas_monit
> git for-each-ref --format %(refname) %(objectname) --sort -committerdate
> git remote --verbose
> git status -z -u
> git symbolic-ref --short HEAD
> git rev-parse pandas_monit
> git rev-parse --symbolic-full-name pandas_monit@{u}
> git rev-list --left-right pandas_monit...refs/remotes/origin/pandas_monit
> git for-each-ref --format %(refname) %(objectname) --sort -committerdate
> git remote --verbose
> git show :main.go
> git status -z -u
> git symbolic-ref --short HEAD
> git rev-parse pandas_monit
> git rev-parse --symbolic-full-name pandas_monit@{u}
> git rev-list --left-right pandas_monit...refs/remotes/origin/pandas_monit
> git for-each-ref --format %(refname) %(objectname) --sort -committerdate
> git remote --verbose
