/home/gbravoma/go/src/gitlab.cern.ch/compute-accounting/monit-accounting>Finished running tool: /home/gbravoma/go/bin/golint
/home/gbravoma/go/src/gitlab.cern.ch/compute-accounting/monit-accounting/main.go:13: don't use underscores in Go names; var s3cfg_file should be s3cfgFile

/home/gbravoma/go/src/gitlab.cern.ch/compute-accounting/monit-accounting>Finished running tool: /usr/bin/go vet ./...
/home/gbravoma/go/src/gitlab.cern.ch/compute-accounting/monit-accounting/pandas/configUtils/fileUtils/JsonHandler.go:6: cannot find package "github.com/tidwall/gjson" in any of:
/home/gbravoma/go/src/gitlab.cern.ch/compute-accounting/monit-accounting/pandas/configUtils/fileUtils/JsonHandler.go:7: cannot find package "github.com/tidwall/sjson" in any of:

/home/gbravoma/go/src/gitlab.cern.ch/compute-accounting/monit-accounting>Finished running tool: /usr/bin/go build -i -o /tmp/vscode-gogB4n6T/go-code-check gitlab.cern.ch/compute-accounting/monit-accounting
/home/gbravoma/go/src/gitlab.cern.ch/compute-accounting/monit-accounting/main.go:16: multiple-value read.Read() in single-value context

/home/gbravoma/go/src/gitlab.cern.ch/compute-accounting/monit-accounting>Finished running tool: /home/gbravoma/go/bin/golint
/home/gbravoma/go/src/gitlab.cern.ch/compute-accounting/monit-accounting/main.go:13: don't use underscores in Go names; var s3cfg_file should be s3cfgFile

/home/gbravoma/go/src/gitlab.cern.ch/compute-accounting/monit-accounting>Finished running tool: /usr/bin/go vet ./...
/home/gbravoma/go/src/gitlab.cern.ch/compute-accounting/monit-accounting/pandas/configUtils/fileUtils/JsonHandler.go:6: cannot find package "github.com/tidwall/gjson" in any of:
/home/gbravoma/go/src/gitlab.cern.ch/compute-accounting/monit-accounting/pandas/configUtils/fileUtils/JsonHandler.go:7: cannot find package "github.com/tidwall/sjson" in any of:

/home/gbravoma/go/src/gitlab.cern.ch/compute-accounting/monit-accounting>Finished running tool: /usr/bin/go build -i -o /tmp/vscode-gogB4n6T/go-code-check gitlab.cern.ch/compute-accounting/monit-accounting
/home/gbravoma/go/src/gitlab.cern.ch/compute-accounting/monit-accounting/main.go:16: multiple-value read.Read() in single-value context

/home/gbravoma/go/src/gitlab.cern.ch/compute-accounting/monit-accounting>Finished running tool: /home/gbravoma/go/bin/golint
/home/gbravoma/go/src/gitlab.cern.ch/compute-accounting/monit-accounting/main.go:13: don't use underscores in Go names; var s3cfg_file should be s3cfgFile

/home/gbravoma/go/src/gitlab.cern.ch/compute-accounting/monit-accounting>Finished running tool: /usr/bin/go vet ./...
/home/gbravoma/go/src/gitlab.cern.ch/compute-accounting/monit-accounting/pandas/configUtils/fileUtils/JsonHandler.go:6: cannot find package "github.com/tidwall/gjson" in any of:
/home/gbravoma/go/src/gitlab.cern.ch/compute-accounting/monit-accounting/pandas/configUtils/fileUtils/JsonHandler.go:7: cannot find package "github.com/tidwall/sjson" in any of:

/home/gbravoma/go/src/gitlab.cern.ch/compute-accounting/monit-accounting>Finished running tool: /usr/bin/go build -i -o /tmp/vscode-gogB4n6T/go-code-check gitlab.cern.ch/compute-accounting/monit-accounting
/home/gbravoma/go/src/gitlab.cern.ch/compute-accounting/monit-accounting/main.go:16: err declared and not used

/home/gbravoma/go/src/gitlab.cern.ch/compute-accounting/monit-accounting>Finished running tool: /home/gbravoma/go/bin/golint
/home/gbravoma/go/src/gitlab.cern.ch/compute-accounting/monit-accounting/main.go:13: don't use underscores in Go names; var s3cfg_file should be s3cfgFile

/home/gbravoma/go/src/gitlab.cern.ch/compute-accounting/monit-accounting>Finished running tool: /usr/bin/go vet ./...
/home/gbravoma/go/src/gitlab.cern.ch/compute-accounting/monit-accounting/pandas/configUtils/fileUtils/JsonHandler.go:6: cannot find package "github.com/tidwall/gjson" in any of:
/home/gbravoma/go/src/gitlab.cern.ch/compute-accounting/monit-accounting/pandas/configUtils/fileUtils/JsonHandler.go:7: cannot find package "github.com/tidwall/sjson" in any of:

/home/gbravoma/go/src/gitlab.cern.ch/compute-accounting/monit-accounting>Finished running tool: /usr/bin/go build -i -o /tmp/vscode-gogB4n6T/go-code-check gitlab.cern.ch/compute-accounting/monit-accounting
/home/gbravoma/go/src/gitlab.cern.ch/compute-accounting/monit-accounting/main.go:18: undefined: log

