[2019-02-26 15:27:07.078] [renderer1] [info] no standard startup: panel is active
[2019-02-26 15:34:22.414] [renderer1] [error] An unknown error occurred. Please consult the log for more details.
[2019-02-26 15:48:04.297] [renderer1] [error] Tree element not found: [object Object]: Error: Tree element not found: [object Object]
    at e.getElementLocation (file:///usr/share/code/resources/app/out/vs/workbench/workbench.main.js:99:985)
    at e.isCollapsed (file:///usr/share/code/resources/app/out/vs/workbench/workbench.main.js:99:340)
    at i.e.isCollapsed (file:///usr/share/code/resources/app/out/vs/workbench/workbench.main.js:1017:981)
    at t.revealMarkersForCurrentActiveEditor (file:///usr/share/code/resources/app/out/vs/workbench/workbench.main.js:4900:276)
    at t.autoReveal (file:///usr/share/code/resources/app/out/vs/workbench/workbench.main.js:4900:95)
    at t.onActiveEditorChanged (file:///usr/share/code/resources/app/out/vs/workbench/workbench.main.js:4897:212)
    at e.fire (file:///usr/share/code/resources/app/out/vs/workbench/workbench.main.js:81:332)
    at t.doEmitActiveEditorChangeEvent (file:///usr/share/code/resources/app/out/vs/workbench/workbench.main.js:4911:709)
    at t.handleActiveEditorChange (file:///usr/share/code/resources/app/out/vs/workbench/workbench.main.js:4911:485)
    at file:///usr/share/code/resources/app/out/vs/workbench/workbench.main.js:4911:833
    at e.fire (file:///usr/share/code/resources/app/out/vs/workbench/workbench.main.js:81:312)
    at file:///usr/share/code/resources/app/out/vs/workbench/workbench.main.js:5348:314
    at process._tickCallback (internal/process/next_tick.js:68:7)
[2019-02-26 15:49:20.158] [renderer1] [error] Tree element not found: [object Object]: Error: Tree element not found: [object Object]
    at e.getElementLocation (file:///usr/share/code/resources/app/out/vs/workbench/workbench.main.js:99:985)
    at e.isCollapsed (file:///usr/share/code/resources/app/out/vs/workbench/workbench.main.js:99:340)
    at i.e.isCollapsed (file:///usr/share/code/resources/app/out/vs/workbench/workbench.main.js:1017:981)
    at t.revealMarkersForCurrentActiveEditor (file:///usr/share/code/resources/app/out/vs/workbench/workbench.main.js:4900:276)
    at t.autoReveal (file:///usr/share/code/resources/app/out/vs/workbench/workbench.main.js:4900:95)
    at t.onActiveEditorChanged (file:///usr/share/code/resources/app/out/vs/workbench/workbench.main.js:4897:212)
    at e.fire (file:///usr/share/code/resources/app/out/vs/workbench/workbench.main.js:81:332)
    at t.doEmitActiveEditorChangeEvent (file:///usr/share/code/resources/app/out/vs/workbench/workbench.main.js:4911:709)
    at t.handleActiveEditorChange (file:///usr/share/code/resources/app/out/vs/workbench/workbench.main.js:4911:485)
    at file:///usr/share/code/resources/app/out/vs/workbench/workbench.main.js:4911:833
    at e.fire (file:///usr/share/code/resources/app/out/vs/workbench/workbench.main.js:81:312)
    at file:///usr/share/code/resources/app/out/vs/workbench/workbench.main.js:5348:314
[2019-02-26 15:50:55.926] [renderer1] [error] Tree element not found: [object Object]: Error: Tree element not found: [object Object]
    at e.getElementLocation (file:///usr/share/code/resources/app/out/vs/workbench/workbench.main.js:99:985)
    at e.isCollapsed (file:///usr/share/code/resources/app/out/vs/workbench/workbench.main.js:99:340)
    at i.e.isCollapsed (file:///usr/share/code/resources/app/out/vs/workbench/workbench.main.js:1017:981)
    at t.revealMarkersForCurrentActiveEditor (file:///usr/share/code/resources/app/out/vs/workbench/workbench.main.js:4900:276)
    at t.autoReveal (file:///usr/share/code/resources/app/out/vs/workbench/workbench.main.js:4900:95)
    at t.onActiveEditorChanged (file:///usr/share/code/resources/app/out/vs/workbench/workbench.main.js:4897:212)
    at e.fire (file:///usr/share/code/resources/app/out/vs/workbench/workbench.main.js:81:332)
    at t.doEmitActiveEditorChangeEvent (file:///usr/share/code/resources/app/out/vs/workbench/workbench.main.js:4911:709)
    at t.handleActiveEditorChange (file:///usr/share/code/resources/app/out/vs/workbench/workbench.main.js:4911:485)
    at file:///usr/share/code/resources/app/out/vs/workbench/workbench.main.js:4911:833
    at e.fire (file:///usr/share/code/resources/app/out/vs/workbench/workbench.main.js:81:312)
    at file:///usr/share/code/resources/app/out/vs/workbench/workbench.main.js:5348:314
[2019-02-26 15:50:56.000] [renderer1] [error] Data tree node not found: [object Object]: Error: Data tree node not found: [object Object]
    at i.e.getDataNode (file:///usr/share/code/resources/app/out/vs/workbench/workbench.main.js:1037:266)
    at i.<anonymous> (file:///usr/share/code/resources/app/out/vs/workbench/workbench.main.js:1034:703)
    at file:///usr/share/code/resources/app/out/vs/workbench/workbench.main.js:33:935
    at Object.next (file:///usr/share/code/resources/app/out/vs/workbench/workbench.main.js:34:33)
    at file:///usr/share/code/resources/app/out/vs/workbench/workbench.main.js:33:160
    at new Promise (<anonymous>)
    at i (file:///usr/share/code/resources/app/out/vs/workbench/workbench.main.js:32:952)
    at i.e.expand (file:///usr/share/code/resources/app/out/vs/workbench/workbench.main.js:1034:342)
    at Array.<anonymous> (file:///usr/share/code/resources/app/out/vs/workbench/workbench.main.js:5627:417)
    at t (file:///usr/share/code/resources/app/out/vs/workbench/workbench.main.js:105:891)
    at process._tickCallback (internal/process/next_tick.js:68:7)
[2019-02-26 15:50:57.143] [renderer1] [error] Tree element not found: [object Object]: Error: Tree element not found: [object Object]
    at e.getElementLocation (file:///usr/share/code/resources/app/out/vs/workbench/workbench.main.js:99:985)
    at e.isCollapsed (file:///usr/share/code/resources/app/out/vs/workbench/workbench.main.js:99:340)
    at i.e.isCollapsed (file:///usr/share/code/resources/app/out/vs/workbench/workbench.main.js:1017:981)
    at t.revealMarkersForCurrentActiveEditor (file:///usr/share/code/resources/app/out/vs/workbench/workbench.main.js:4900:276)
    at t.autoReveal (file:///usr/share/code/resources/app/out/vs/workbench/workbench.main.js:4900:95)
    at t.onActiveEditorChanged (file:///usr/share/code/resources/app/out/vs/workbench/workbench.main.js:4897:212)
    at e.fire (file:///usr/share/code/resources/app/out/vs/workbench/workbench.main.js:81:332)
    at t.doEmitActiveEditorChangeEvent (file:///usr/share/code/resources/app/out/vs/workbench/workbench.main.js:4911:709)
    at t.handleActiveEditorChange (file:///usr/share/code/resources/app/out/vs/workbench/workbench.main.js:4911:485)
    at file:///usr/share/code/resources/app/out/vs/workbench/workbench.main.js:4911:833
    at e.fire (file:///usr/share/code/resources/app/out/vs/workbench/workbench.main.js:81:312)
    at file:///usr/share/code/resources/app/out/vs/workbench/workbench.main.js:5348:314
[2019-02-26 15:50:57.252] [renderer1] [error] Data tree node not found: [object Object]: Error: Data tree node not found: [object Object]
    at i.e.getDataNode (file:///usr/share/code/resources/app/out/vs/workbench/workbench.main.js:1037:266)
    at i.<anonymous> (file:///usr/share/code/resources/app/out/vs/workbench/workbench.main.js:1034:703)
    at file:///usr/share/code/resources/app/out/vs/workbench/workbench.main.js:33:935
    at Object.next (file:///usr/share/code/resources/app/out/vs/workbench/workbench.main.js:34:33)
    at file:///usr/share/code/resources/app/out/vs/workbench/workbench.main.js:33:160
    at new Promise (<anonymous>)
    at i (file:///usr/share/code/resources/app/out/vs/workbench/workbench.main.js:32:952)
    at i.e.expand (file:///usr/share/code/resources/app/out/vs/workbench/workbench.main.js:1034:342)
    at Array.<anonymous> (file:///usr/share/code/resources/app/out/vs/workbench/workbench.main.js:5627:417)
    at t (file:///usr/share/code/resources/app/out/vs/workbench/workbench.main.js:105:891)
[2019-02-26 15:51:57.884] [renderer1] [error] Tree element not found: [object Object]: Error: Tree element not found: [object Object]
    at e.getElementLocation (file:///usr/share/code/resources/app/out/vs/workbench/workbench.main.js:99:985)
    at e.isCollapsed (file:///usr/share/code/resources/app/out/vs/workbench/workbench.main.js:99:340)
    at i.e.isCollapsed (file:///usr/share/code/resources/app/out/vs/workbench/workbench.main.js:1017:981)
    at t.revealMarkersForCurrentActiveEditor (file:///usr/share/code/resources/app/out/vs/workbench/workbench.main.js:4900:276)
    at t.autoReveal (file:///usr/share/code/resources/app/out/vs/workbench/workbench.main.js:4900:95)
    at t.onActiveEditorChanged (file:///usr/share/code/resources/app/out/vs/workbench/workbench.main.js:4897:212)
    at e.fire (file:///usr/share/code/resources/app/out/vs/workbench/workbench.main.js:81:332)
    at t.doEmitActiveEditorChangeEvent (file:///usr/share/code/resources/app/out/vs/workbench/workbench.main.js:4911:709)
    at t.handleActiveEditorChange (file:///usr/share/code/resources/app/out/vs/workbench/workbench.main.js:4911:485)
    at file:///usr/share/code/resources/app/out/vs/workbench/workbench.main.js:4911:833
    at e.fire (file:///usr/share/code/resources/app/out/vs/workbench/workbench.main.js:81:312)
    at file:///usr/share/code/resources/app/out/vs/workbench/workbench.main.js:5348:314
[2019-02-26 15:52:53.899] [renderer1] [error] Tree element not found: [object Object]: Error: Tree element not found: [object Object]
    at e.getElementLocation (file:///usr/share/code/resources/app/out/vs/workbench/workbench.main.js:99:985)
    at e.isCollapsed (file:///usr/share/code/resources/app/out/vs/workbench/workbench.main.js:99:340)
    at i.e.isCollapsed (file:///usr/share/code/resources/app/out/vs/workbench/workbench.main.js:1017:981)
    at t.revealMarkersForCurrentActiveEditor (file:///usr/share/code/resources/app/out/vs/workbench/workbench.main.js:4900:276)
    at t.autoReveal (file:///usr/share/code/resources/app/out/vs/workbench/workbench.main.js:4900:95)
    at t.onActiveEditorChanged (file:///usr/share/code/resources/app/out/vs/workbench/workbench.main.js:4897:212)
    at e.fire (file:///usr/share/code/resources/app/out/vs/workbench/workbench.main.js:81:332)
    at t.doEmitActiveEditorChangeEvent (file:///usr/share/code/resources/app/out/vs/workbench/workbench.main.js:4911:709)
    at t.handleActiveEditorChange (file:///usr/share/code/resources/app/out/vs/workbench/workbench.main.js:4911:485)
    at file:///usr/share/code/resources/app/out/vs/workbench/workbench.main.js:4911:833
    at e.fire (file:///usr/share/code/resources/app/out/vs/workbench/workbench.main.js:81:312)
    at file:///usr/share/code/resources/app/out/vs/workbench/workbench.main.js:5348:314
[2019-02-26 15:54:49.975] [renderer1] [error] Tree element not found: [object Object]: Error: Tree element not found: [object Object]
    at e.getElementLocation (file:///usr/share/code/resources/app/out/vs/workbench/workbench.main.js:99:985)
    at e.isCollapsed (file:///usr/share/code/resources/app/out/vs/workbench/workbench.main.js:99:340)
    at i.e.isCollapsed (file:///usr/share/code/resources/app/out/vs/workbench/workbench.main.js:1017:981)
    at t.revealMarkersForCurrentActiveEditor (file:///usr/share/code/resources/app/out/vs/workbench/workbench.main.js:4900:276)
    at t.autoReveal (file:///usr/share/code/resources/app/out/vs/workbench/workbench.main.js:4900:95)
    at t.onActiveEditorChanged (file:///usr/share/code/resources/app/out/vs/workbench/workbench.main.js:4897:212)
    at e.fire (file:///usr/share/code/resources/app/out/vs/workbench/workbench.main.js:81:332)
    at t.doEmitActiveEditorChangeEvent (file:///usr/share/code/resources/app/out/vs/workbench/workbench.main.js:4911:709)
    at t.handleActiveEditorChange (file:///usr/share/code/resources/app/out/vs/workbench/workbench.main.js:4911:485)
    at file:///usr/share/code/resources/app/out/vs/workbench/workbench.main.js:4911:833
    at e.fire (file:///usr/share/code/resources/app/out/vs/workbench/workbench.main.js:81:312)
    at file:///usr/share/code/resources/app/out/vs/workbench/workbench.main.js:5348:314
[2019-02-26 15:55:19.718] [renderer1] [error] Tree element not found: [object Object]: Error: Tree element not found: [object Object]
    at e.getElementLocation (file:///usr/share/code/resources/app/out/vs/workbench/workbench.main.js:99:985)
    at e.isCollapsed (file:///usr/share/code/resources/app/out/vs/workbench/workbench.main.js:99:340)
    at i.e.isCollapsed (file:///usr/share/code/resources/app/out/vs/workbench/workbench.main.js:1017:981)
    at t.revealMarkersForCurrentActiveEditor (file:///usr/share/code/resources/app/out/vs/workbench/workbench.main.js:4900:276)
    at t.autoReveal (file:///usr/share/code/resources/app/out/vs/workbench/workbench.main.js:4900:95)
    at t.onActiveEditorChanged (file:///usr/share/code/resources/app/out/vs/workbench/workbench.main.js:4897:212)
    at e.fire (file:///usr/share/code/resources/app/out/vs/workbench/workbench.main.js:81:332)
    at t.doEmitActiveEditorChangeEvent (file:///usr/share/code/resources/app/out/vs/workbench/workbench.main.js:4911:709)
    at t.handleActiveEditorChange (file:///usr/share/code/resources/app/out/vs/workbench/workbench.main.js:4911:485)
    at file:///usr/share/code/resources/app/out/vs/workbench/workbench.main.js:4911:833
    at e.fire (file:///usr/share/code/resources/app/out/vs/workbench/workbench.main.js:81:312)
    at file:///usr/share/code/resources/app/out/vs/workbench/workbench.main.js:5348:314
[2019-02-26 15:58:00.624] [renderer1] [error] Tree element not found: [object Object]: Error: Tree element not found: [object Object]
    at e.getElementLocation (file:///usr/share/code/resources/app/out/vs/workbench/workbench.main.js:99:985)
    at e.isCollapsed (file:///usr/share/code/resources/app/out/vs/workbench/workbench.main.js:99:340)
    at i.e.isCollapsed (file:///usr/share/code/resources/app/out/vs/workbench/workbench.main.js:1017:981)
    at t.revealMarkersForCurrentActiveEditor (file:///usr/share/code/resources/app/out/vs/workbench/workbench.main.js:4900:276)
    at t.autoReveal (file:///usr/share/code/resources/app/out/vs/workbench/workbench.main.js:4900:95)
    at t.onActiveEditorChanged (file:///usr/share/code/resources/app/out/vs/workbench/workbench.main.js:4897:212)
    at e.fire (file:///usr/share/code/resources/app/out/vs/workbench/workbench.main.js:81:332)
    at t.doEmitActiveEditorChangeEvent (file:///usr/share/code/resources/app/out/vs/workbench/workbench.main.js:4911:709)
    at t.handleActiveEditorChange (file:///usr/share/code/resources/app/out/vs/workbench/workbench.main.js:4911:485)
    at file:///usr/share/code/resources/app/out/vs/workbench/workbench.main.js:4911:833
    at e.fire (file:///usr/share/code/resources/app/out/vs/workbench/workbench.main.js:81:312)
    at file:///usr/share/code/resources/app/out/vs/workbench/workbench.main.js:5348:314
[2019-02-26 15:58:30.695] [renderer1] [error] Tree element not found: [object Object]: Error: Tree element not found: [object Object]
    at e.getElementLocation (file:///usr/share/code/resources/app/out/vs/workbench/workbench.main.js:99:985)
    at e.isCollapsed (file:///usr/share/code/resources/app/out/vs/workbench/workbench.main.js:99:340)
    at i.e.isCollapsed (file:///usr/share/code/resources/app/out/vs/workbench/workbench.main.js:1017:981)
    at t.revealMarkersForCurrentActiveEditor (file:///usr/share/code/resources/app/out/vs/workbench/workbench.main.js:4900:276)
    at t.autoReveal (file:///usr/share/code/resources/app/out/vs/workbench/workbench.main.js:4900:95)
    at t.onActiveEditorChanged (file:///usr/share/code/resources/app/out/vs/workbench/workbench.main.js:4897:212)
    at e.fire (file:///usr/share/code/resources/app/out/vs/workbench/workbench.main.js:81:332)
    at t.doEmitActiveEditorChangeEvent (file:///usr/share/code/resources/app/out/vs/workbench/workbench.main.js:4911:709)
    at t.handleActiveEditorChange (file:///usr/share/code/resources/app/out/vs/workbench/workbench.main.js:4911:485)
    at file:///usr/share/code/resources/app/out/vs/workbench/workbench.main.js:4911:833
    at e.fire (file:///usr/share/code/resources/app/out/vs/workbench/workbench.main.js:81:312)
    at file:///usr/share/code/resources/app/out/vs/workbench/workbench.main.js:5348:314
[2019-02-26 16:00:13.583] [renderer1] [error] An unknown error occurred. Please consult the log for more details.
[2019-02-26 16:00:15.122] [renderer1] [error] An unknown error occurred. Please consult the log for more details.
[2019-02-26 16:00:18.041] [renderer1] [error] An unknown error occurred. Please consult the log for more details.
[2019-02-26 16:04:06.481] [renderer1] [error] Tree element not found: [object Object]: Error: Tree element not found: [object Object]
    at e.getElementLocation (file:///usr/share/code/resources/app/out/vs/workbench/workbench.main.js:99:985)
    at e.isCollapsed (file:///usr/share/code/resources/app/out/vs/workbench/workbench.main.js:99:340)
    at i.e.isCollapsed (file:///usr/share/code/resources/app/out/vs/workbench/workbench.main.js:1017:981)
    at t.revealMarkersForCurrentActiveEditor (file:///usr/share/code/resources/app/out/vs/workbench/workbench.main.js:4900:276)
    at t.autoReveal (file:///usr/share/code/resources/app/out/vs/workbench/workbench.main.js:4900:95)
    at t.onActiveEditorChanged (file:///usr/share/code/resources/app/out/vs/workbench/workbench.main.js:4897:212)
    at e.fire (file:///usr/share/code/resources/app/out/vs/workbench/workbench.main.js:81:332)
    at t.doEmitActiveEditorChangeEvent (file:///usr/share/code/resources/app/out/vs/workbench/workbench.main.js:4911:709)
    at t.handleActiveEditorChange (file:///usr/share/code/resources/app/out/vs/workbench/workbench.main.js:4911:485)
    at file:///usr/share/code/resources/app/out/vs/workbench/workbench.main.js:4911:833
    at e.fire (file:///usr/share/code/resources/app/out/vs/workbench/workbench.main.js:81:312)
    at file:///usr/share/code/resources/app/out/vs/workbench/workbench.main.js:5348:314
[2019-02-26 16:06:27.539] [renderer1] [error] An unknown error occurred. Please consult the log for more details.
