/home/gbravoma/go/src/gitlab.cern.ch/compute-accounting/monit-accounting>Finished running tool: /home/gbravoma/go/bin/golint

/home/gbravoma/go/src/gitlab.cern.ch/compute-accounting/monit-accounting>Finished running tool: /usr/bin/go vet ./...
/home/gbravoma/go/src/gitlab.cern.ch/compute-accounting/monit-accounting/pandas/configUtils/fileUtils/JsonHandler.go:6: cannot find package "github.com/tidwall/gjson" in any of:
/home/gbravoma/go/src/gitlab.cern.ch/compute-accounting/monit-accounting/pandas/configUtils/fileUtils/JsonHandler.go:7: cannot find package "github.com/tidwall/sjson" in any of:

/home/gbravoma/go/src/gitlab.cern.ch/compute-accounting/monit-accounting>Finished running tool: /usr/bin/go build -i -o /tmp/vscode-goa6rm6A/go-code-check gitlab.cern.ch/compute-accounting/monit-accounting

/home/gbravoma/go/src/gitlab.cern.ch/compute-accounting/monit-accounting>Finished running tool: /home/gbravoma/go/bin/golint
/home/gbravoma/go/src/gitlab.cern.ch/compute-accounting/monit-accounting/main.go:13: don't use underscores in Go names; var s3cfg_file should be s3cfgFile

/home/gbravoma/go/src/gitlab.cern.ch/compute-accounting/monit-accounting>Finished running tool: /usr/bin/go vet ./...
/home/gbravoma/go/src/gitlab.cern.ch/compute-accounting/monit-accounting/pandas/configUtils/fileUtils/JsonHandler.go:6: cannot find package "github.com/tidwall/gjson" in any of:
/home/gbravoma/go/src/gitlab.cern.ch/compute-accounting/monit-accounting/pandas/configUtils/fileUtils/JsonHandler.go:7: cannot find package "github.com/tidwall/sjson" in any of:

/home/gbravoma/go/src/gitlab.cern.ch/compute-accounting/monit-accounting>Finished running tool: /usr/bin/go build -i -o /tmp/vscode-goa6rm6A/go-code-check gitlab.cern.ch/compute-accounting/monit-accounting
/home/gbravoma/go/src/gitlab.cern.ch/compute-accounting/monit-accounting/main.go:16: undefined: readers.S3reader

/home/gbravoma/go/src/gitlab.cern.ch/compute-accounting/monit-accounting>Finished running tool: /home/gbravoma/go/bin/golint
/home/gbravoma/go/src/gitlab.cern.ch/compute-accounting/monit-accounting/main.go:13: don't use underscores in Go names; var s3cfg_file should be s3cfgFile

/home/gbravoma/go/src/gitlab.cern.ch/compute-accounting/monit-accounting>Finished running tool: /usr/bin/go vet ./...
/home/gbravoma/go/src/gitlab.cern.ch/compute-accounting/monit-accounting/pandas/configUtils/fileUtils/JsonHandler.go:6: cannot find package "github.com/tidwall/gjson" in any of:
/home/gbravoma/go/src/gitlab.cern.ch/compute-accounting/monit-accounting/pandas/configUtils/fileUtils/JsonHandler.go:7: cannot find package "github.com/tidwall/sjson" in any of:

/home/gbravoma/go/src/gitlab.cern.ch/compute-accounting/monit-accounting>Finished running tool: /usr/bin/go build -i -o /tmp/vscode-goa6rm6A/go-code-check gitlab.cern.ch/compute-accounting/monit-accounting
/home/gbravoma/go/src/gitlab.cern.ch/compute-accounting/monit-accounting/main.go:16: undefined: readers.S3reader

/home/gbravoma/go/src/gitlab.cern.ch/compute-accounting/monit-accounting/controllers/readers>Finished running tool: /home/gbravoma/go/bin/golint
/home/gbravoma/go/src/gitlab.cern.ch/compute-accounting/monit-accounting/controllers/readers/readers.go:3: exported type Reader should have comment or be unexported
/home/gbravoma/go/src/gitlab.cern.ch/compute-accounting/monit-accounting/controllers/readers/s3_reader.go:13: exported type S3reader should have comment or be unexported
/home/gbravoma/go/src/gitlab.cern.ch/compute-accounting/monit-accounting/controllers/readers/s3_reader.go:15: exported type S3params should have comment or be unexported
/home/gbravoma/go/src/gitlab.cern.ch/compute-accounting/monit-accounting/controllers/readers/s3_reader.go:75: exported method S3reader.Process should have comment or be unexported

/home/gbravoma/go/src/gitlab.cern.ch/compute-accounting/monit-accounting/controllers/readers>Finished running tool: /usr/bin/go build -i -o /tmp/vscode-goa6rm6A/go-code-check gitlab.cern.ch/compute-accounting/monit-accounting/controllers/readers
/home/gbravoma/go/src/gitlab.cern.ch/compute-accounting/monit-accounting/controllers/readers/s3_reader.go:31: undefined: s3p
/home/gbravoma/go/src/gitlab.cern.ch/compute-accounting/monit-accounting/controllers/readers/s3_reader.go:37: undefined: s3p

/home/gbravoma/go/src/gitlab.cern.ch/compute-accounting/monit-accounting/controllers/readers>Finished running tool: /usr/bin/go vet ./...
/home/gbravoma/go/src/gitlab.cern.ch/compute-accounting/monit-accounting/controllers/readers/s3_reader.go:31: undefined: s3p
/home/gbravoma/go/src/gitlab.cern.ch/compute-accounting/monit-accounting/controllers/readers/s3_reader.go:37: undefined: s3p

/home/gbravoma/go/src/gitlab.cern.ch/compute-accounting/monit-accounting/controllers/readers>Finished running tool: /home/gbravoma/go/bin/golint
/home/gbravoma/go/src/gitlab.cern.ch/compute-accounting/monit-accounting/controllers/readers/readers.go:3: exported type Reader should have comment or be unexported
/home/gbravoma/go/src/gitlab.cern.ch/compute-accounting/monit-accounting/controllers/readers/s3_reader.go:13: exported type S3reader should have comment or be unexported
/home/gbravoma/go/src/gitlab.cern.ch/compute-accounting/monit-accounting/controllers/readers/s3_reader.go:15: exported type S3params should have comment or be unexported
/home/gbravoma/go/src/gitlab.cern.ch/compute-accounting/monit-accounting/controllers/readers/s3_reader.go:75: exported method S3reader.Process should have comment or be unexported

/home/gbravoma/go/src/gitlab.cern.ch/compute-accounting/monit-accounting/controllers/readers>Finished running tool: /usr/bin/go build -i -o /tmp/vscode-goa6rm6A/go-code-check gitlab.cern.ch/compute-accounting/monit-accounting/controllers/readers

/home/gbravoma/go/src/gitlab.cern.ch/compute-accounting/monit-accounting/controllers/readers>Finished running tool: /usr/bin/go vet ./...
/home/gbravoma/go/src/gitlab.cern.ch/compute-accounting/monit-accounting/controllers/readers/s3_reader.go:27: result of fmt.Errorf call not used

/home/gbravoma/go/src/gitlab.cern.ch/compute-accounting/monit-accounting>Finished running tool: /home/gbravoma/go/bin/golint
/home/gbravoma/go/src/gitlab.cern.ch/compute-accounting/monit-accounting/main.go:14: don't use underscores in Go names; var s3cfg_file should be s3cfgFile

/home/gbravoma/go/src/gitlab.cern.ch/compute-accounting/monit-accounting>Finished running tool: /usr/bin/go vet ./...
/home/gbravoma/go/src/gitlab.cern.ch/compute-accounting/monit-accounting/pandas/configUtils/fileUtils/JsonHandler.go:6: cannot find package "github.com/tidwall/gjson" in any of:
/home/gbravoma/go/src/gitlab.cern.ch/compute-accounting/monit-accounting/pandas/configUtils/fileUtils/JsonHandler.go:7: cannot find package "github.com/tidwall/sjson" in any of:

/home/gbravoma/go/src/gitlab.cern.ch/compute-accounting/monit-accounting>Finished running tool: /usr/bin/go build -i -o /tmp/vscode-goa6rm6A/go-code-check gitlab.cern.ch/compute-accounting/monit-accounting

