[03/12/19, 15:22:45:169] info: ╔═════════════════════════════════════════════════════════════════════════════════╗
[03/12/19, 15:22:45:170] info: ║      Slack 3.3.7, linux 4.4.0-116-generic on x64 at 03/12/19, 15:22:45:167      ║
[03/12/19, 15:22:45:170] info: ╚═════════════════════════════════════════════════════════════════════════════════╝
[03/12/19, 15:22:45:538] info: Initializing local storage instance at path: /home/gbravoma/.config/Slack/local-settings.json
[03/12/19, 15:22:45:649] error: Locale: Tried to access systemLocale before application was ready
[03/12/19, 15:22:45:934] info: TraceRecorder: setting up trace recorder, trace will be stored under /home/gbravoma/.config/Slack/logs/recorded-trace
[03/12/19, 15:22:45:940] info: Configuring uncaughtExceptionHandler
[03/12/19, 15:22:45:941] info: Configuring unhandledRejectionHandler
[03/12/19, 15:22:45:941] info: Registered with apiKey acaff8df67924f677747922423057034
[03/12/19, 15:22:50:705] error: TransformPasswords: Cannot access keychain
{
  "error": {
    "message": "Cannot create an item in a locked collection",
    "stack": "Error: Cannot create an item in a locked collection"
  }
}
[03/12/19, 15:22:50:711] warn: BrowserStore: Couldn't access keychain, make note of it
[03/12/19, 15:22:50:723] info: Store: persist/REHYDRATE
[03/12/19, 15:22:50:757] info: Store: UPDATE_SETTINGS
{
  "isSignedIntoSlackOrg": false
}
[03/12/19, 15:22:50:759] info: UpdaterEpics: Updates disabled because
{
  "reasons": [
    "using Linux"
  ]
}
[03/12/19, 15:22:50:762] info: Generated uuid and stored
{
  "uuid": "6329aa9c-0a6f-5b45-aa5b-8c98c17f9b39"
}
[03/12/19, 15:22:51:053] info: Tray Handler: Showing a tray balloon with title: Welcome to Slack!
[03/12/19, 15:22:51:057] info: Store: INITIALIZE_SETTINGS
{
  "releaseChannel": "prod",
  "platformVersion": {
    "major": 4,
    "minor": 4,
    "build": 0
  },
  "isTitleBarHidden": false,
  "isDevMode": false,
  "appVersion": "3.3.7",
  "versionName": "Alaska",
  "devEnv": null,
  "resourcePath": "/usr/lib/slack/resources/app.asar",
  "webappSrcPath": null,
  "webappParams": null,
  "launchOnStartup": false,
  "openDevToolsOnStart": false,
  "logFile": null,
  "pretendNotReallyWindows10": false,
  "isAeroGlassEnabled": false,
  "isGpuCompositionAvailable": true,
  "linux": {
    "os": "Ubuntu 16.04.4 LTS",
    "release": "xenial",
    "desktopEnvironment": "i3"
  }
}
[03/12/19, 15:22:51:058] info: AutoLoginEpic: Checking for autologin.
[03/12/19, 15:22:51:061] info: Store: UPDATE_SETTINGS
{
  "hasRunApp": true
}
[03/12/19, 15:22:51:066] info: WebContentsMediator: Attaching to new webContents
[03/12/19, 15:22:51:067] info: Store: ADD_WINDOW
{
  "id": 2,
  "type": "main"
}
[03/12/19, 15:22:51:069] info: BrowserViewManager: Starting initialization
[03/12/19, 15:22:51:070] info: PersistSettingsWindowBehavior: Loading windowMetrics
{
  "settings": null
}
[03/12/19, 15:22:51:071] info: PersistSettingsWindowBehavior: Resetting to default window position
{
  "settings": {
    "position": [
      88,
      192
    ],
    "size": [
      1024,
      1536
    ]
  }
}
[03/12/19, 15:22:51:071] info: Store: SAVE_WINDOW_SETTINGS
{
  "position": [
    88,
    192
  ],
  "size": [
    1024,
    1536
  ]
}
[03/12/19, 15:22:51:093] info: Store: UPDATE_SETTINGS
{
  "PrefSSBFileDownloadPath": "/home/gbravoma/Downloads"
}
[03/12/19, 15:22:51:094] info: DownloadListener: Downloads directory set to
{
  "downloadsDirectory": "/home/gbravoma/Downloads"
}
[03/12/19, 15:22:51:095] info: Application: Setting main window ID
{
  "id": 2
}
[03/12/19, 15:22:51:096] info: App: Welcome to Slack 3.3.7 x64
[03/12/19, 15:22:51:096] info: App load time: 6,167959068
[03/12/19, 15:22:52:236] info: Store: BACKGROUND_CLIENTS_INITIALIZED
[03/12/19, 15:22:52:240] info: Store: BACKGROUND_CLIENTS_INITIALIZED true
[03/12/19, 15:22:52:833] info: Store: SET_NETWORK_STATUS online
[03/12/19, 15:22:52:834] info: Store: MAIN_WINDOW_SHOWN
[03/12/19, 15:22:52:846] info: createSignInWindowEpic: No teams signed in, showing sign-in window
[03/12/19, 15:22:52:849] info: WebContentsMediator: Attaching to new webContents
[03/12/19, 15:22:52:850] info: Store: ADD_WINDOW
{
  "id": 3,
  "type": "sign-in"
}
[03/12/19, 15:22:52:853] info: SignInEpic: Loading URL in new window
[03/12/19, 15:23:19:114] info: Store: SIGN_IN_CANCELED
[03/12/19, 15:23:19:117] info: SignInEpic: Sign-in window closed
[03/12/19, 15:23:19:117] info: maybeQuitAppAction
{
  "canceledSignIn": true,
  "hasNoTeams": true
}
[03/12/19, 15:23:19:117] info: SignInEpic: End of the road
{
  "action": "QUIT_APP"
}
[03/12/19, 15:23:19:118] info: Store: QUIT_APP
[03/12/19, 15:23:19:119] info: quitApplicationEpic: found update metadata, send telemetry
[03/12/19, 15:23:19:120] info: EpicHelpers: Flushing cookie store
[03/12/19, 15:23:19:121] info: Store: REMOVE_WINDOW 3
[03/12/19, 15:23:19:169] info: EpicHelpers: Flushing local-settings.json
[03/12/19, 15:23:19:197] info: quitApplicationEpic: Closing main window
{
  "id": 2
}
[03/12/19, 15:23:19:197] info: Allowing window close because user chose to quit
[03/12/19, 15:23:19:198] info: Notification Window Manager: Trying to close notifications window
[03/12/19, 15:23:19:198] warn: Notification Window Manager: Could not find notifications window in state
[03/12/19, 15:23:19:199] info: App: Disposing application
[03/12/19, 15:23:19:200] info: Store: REMOVE_WINDOW 2
[03/12/19, 15:23:19:201] info: quitApplicationEpic: Disposing item
{
  "type": "ReduxPersistStorage"
}
[03/12/19, 15:23:19:249] info: Store: QUIT_APP
[03/12/19, 15:23:19:367] info: Store: QUIT_APP
[03/13/19, 09:18:25:170] info: ╔═════════════════════════════════════════════════════════════════════════════════╗
[03/13/19, 09:18:25:171] info: ║      Slack 3.3.7, linux 4.4.0-116-generic on x64 at 03/13/19, 09:18:25:168      ║
[03/13/19, 09:18:25:171] info: ╚═════════════════════════════════════════════════════════════════════════════════╝
[03/13/19, 09:18:25:537] info: Initializing local storage instance at path: /home/gbravoma/.config/Slack/local-settings.json
[03/13/19, 09:18:25:660] error: Locale: Tried to access systemLocale before application was ready
[03/13/19, 09:18:25:974] info: TraceRecorder: setting up trace recorder, trace will be stored under /home/gbravoma/.config/Slack/logs/recorded-trace
[03/13/19, 09:18:25:979] info: Copying current Cookies into StaleCookies
[03/13/19, 09:18:25:987] info: Configuring uncaughtExceptionHandler
[03/13/19, 09:18:25:987] info: Configuring unhandledRejectionHandler
[03/13/19, 09:18:25:987] info: Registered with apiKey acaff8df67924f677747922423057034
[03/13/19, 09:18:26:100] info: BrowserStore: Keychain access previously denied, don't ask again
[03/13/19, 09:18:26:114] info: Store: persist/REHYDRATE
{
  "appTeams": {
    "selectedTeamId": null,
    "teamsByIndex": [],
    "teamsToSignOut": []
  },
  "enterprise": {},
  "settings": {
    "appVersion": "3.3.7",
    "versionName": "Alaska",
    "platform": "linux",
    "platformVersion": {
      "major": 4,
      "minor": 4,
      "build": 0
    },
    "isWin10": false,
    "isBeforeWin10": false,
    "resourcePath": "/usr/lib/slack/resources/app.asar",
    "webappSrcPath": null,
    "webappParams": null,
    "isDevMode": false,
    "devEnv": null,
    "logFile": null,
    "rxLogging": false,
    "openDevToolsOnStart": false,
    "pretendNotReallyWindows10": false,
    "releaseChannel": "prod",
    "autoHideMenuBar": false,
    "defaultSigninTeam": null,
    "isTitleBarHidden": false,
    "hasRunApp": true,
    "hasRunFromTray": false,
    "reportIssueOnStartup": false,
    "isSignedIntoSlackOrg": false,
    "isGpuCompositionAvailable": true,
    "runFromTray": true,
    "launchOnStartup": false,
    "spellcheckerLanguage": null,
    "zoomLevel": 0,
    "workspaceIdleTimeout": 43200000,
    "whitelistedUrlSchemes": [
      "http:",
      "https:",
      "mailto:",
      "skype:",
      "spotify:",
      "live:",
      "callto:",
      "tel:",
      "im:",
      "sip:",
      "sips:",
      "slack:"
    ],
    "isTitleBarForcedByUser": false,
    "useHwAcceleration": true,
    "isOpenExternalShellForced": true,
    "PrefSSBFileDownloadPath": "/home/gbravoma/Downloads",
    "notificationMethod": null,
    "notificationPlayback": null,
    "notificationFailover": 0,
    "notificationFailoverEnabled": true,
    "notificationClickThrough": false,
    "notificationClickThroughMain": true,
    "notificationTimeout": 6000,
    "notificationAfterHoverTimeout": 2000,
    "notificationMaxItems": 3,
    "notificationZoomLevel": null,
    "notificationStyle": null,
    "notificationPresentationCheck": null,
    "notifyPosition": {
      "corner": "bottom_right",
      "display": "same_as_app"
    },
    "locale": "en-US",
    "spellCheckerVersion": "V2",
    "os": false,
    "release": false,
    "desktopEnvironment": false,
    "isAeroGlassEnabled": false,
    "linux": {
      "os": "Ubuntu 16.04.4 LTS",
      "release": "xenial",
      "desktopEnvironment": "i3"
    }
  },
  "windowFrame": {
    "windowSettings": {
      "position": [
        88,
        192
      ],
      "size": [
        1024,
        1536
      ]
    },
    "isFullScreen": false
  }
}
[03/13/19, 09:18:26:195] info: Store: UPDATE_SETTINGS
{
  "isSignedIntoSlackOrg": false
}
[03/13/19, 09:18:26:198] info: UpdaterEpics: Updates disabled because
{
  "reasons": [
    "using Linux"
  ]
}
[03/13/19, 09:18:26:200] info: Read UUID from file successful
{
  "uuid": "6329aa9c-0a6f-5b45-aa5b-8c98c17f9b39"
}
[03/13/19, 09:18:26:476] info: Store: INITIALIZE_SETTINGS
{
  "releaseChannel": "prod",
  "platformVersion": {
    "major": 4,
    "minor": 4,
    "build": 0
  },
  "isTitleBarHidden": false,
  "isDevMode": false,
  "appVersion": "3.3.7",
  "versionName": "Alaska",
  "devEnv": null,
  "resourcePath": "/usr/lib/slack/resources/app.asar",
  "webappSrcPath": null,
  "webappParams": null,
  "launchOnStartup": false,
  "openDevToolsOnStart": false,
  "logFile": null,
  "pretendNotReallyWindows10": false,
  "isAeroGlassEnabled": false,
  "isGpuCompositionAvailable": true,
  "linux": {
    "os": "Ubuntu 16.04.4 LTS",
    "release": "xenial",
    "desktopEnvironment": "i3"
  }
}
[03/13/19, 09:18:26:477] info: AutoLoginEpic: Checking for autologin.
[03/13/19, 09:18:26:484] info: WebContentsMediator: Attaching to new webContents
[03/13/19, 09:18:26:485] info: Store: ADD_WINDOW
{
  "id": 2,
  "type": "main"
}
[03/13/19, 09:18:26:486] info: BrowserViewManager: Starting initialization
[03/13/19, 09:18:26:488] info: PersistSettingsWindowBehavior: Loading windowMetrics
{
  "settings": {
    "position": [
      88,
      192
    ],
    "size": [
      1024,
      1536
    ]
  }
}
[03/13/19, 09:18:26:513] info: Application: Setting main window ID
{
  "id": 2
}
[03/13/19, 09:18:26:515] info: App: Welcome to Slack 3.3.7 x64
[03/13/19, 09:18:26:516] info: App load time: 1,601412961
[03/13/19, 09:18:27:718] info: Store: BACKGROUND_CLIENTS_INITIALIZED
[03/13/19, 09:18:27:723] info: Store: BACKGROUND_CLIENTS_INITIALIZED true
[03/13/19, 09:18:28:267] info: Store: SET_NETWORK_STATUS online
[03/13/19, 09:18:28:269] info: Store: MAIN_WINDOW_SHOWN
[03/13/19, 09:18:28:279] info: createSignInWindowEpic: No teams signed in, showing sign-in window
[03/13/19, 09:18:28:284] info: WebContentsMediator: Attaching to new webContents
[03/13/19, 09:18:28:287] info: Store: ADD_WINDOW
{
  "id": 3,
  "type": "sign-in"
}
[03/13/19, 09:18:28:291] info: SignInEpic: Loading URL in new window
[03/13/19, 09:42:24:309] info: Store: SIGN_IN_CANCELED
[03/13/19, 09:42:24:311] info: SignInEpic: Sign-in window closed
[03/13/19, 09:42:24:311] info: maybeQuitAppAction
{
  "canceledSignIn": true,
  "hasNoTeams": true
}
[03/13/19, 09:42:24:312] info: SignInEpic: End of the road
{
  "action": "QUIT_APP"
}
[03/13/19, 09:42:24:312] info: Store: QUIT_APP
[03/13/19, 09:42:24:314] info: quitApplicationEpic: found update metadata, send telemetry
[03/13/19, 09:42:24:314] info: EpicHelpers: Flushing cookie store
[03/13/19, 09:42:24:315] info: Store: REMOVE_WINDOW 3
[03/13/19, 09:42:24:317] info: EpicHelpers: Flushing local-settings.json
[03/13/19, 09:42:24:319] info: quitApplicationEpic: Closing child window
{
  "id": 3
}
[03/13/19, 09:42:24:319] info: Store: SIGN_IN_CANCELED
[03/13/19, 09:42:24:320] info: Store: REMOVE_WINDOW 3
[03/13/19, 09:42:24:321] info: quitApplicationEpic: Closing main window
{
  "id": 2
}
[03/13/19, 09:42:24:321] info: Allowing window close because user chose to quit
[03/13/19, 09:42:24:322] info: Notification Window Manager: Trying to close notifications window
[03/13/19, 09:42:24:322] warn: Notification Window Manager: Could not find notifications window in state
[03/13/19, 09:42:24:322] info: App: Disposing application
[03/13/19, 09:42:24:323] info: Store: REMOVE_WINDOW 2
[03/13/19, 09:42:24:323] info: quitApplicationEpic: Disposing item
{
  "type": "ReduxPersistStorage"
}
[03/13/19, 09:42:24:325] info: Store: QUIT_APP
[03/13/19, 09:42:24:326] info: Allowing window close because user chose to quit
[03/13/19, 09:42:24:326] info: Store: SIGN_IN_CANCELED
[03/13/19, 09:42:24:326] info: Store: REMOVE_WINDOW 3
[03/13/19, 09:42:24:410] info: Store: QUIT_APP
[03/13/19, 09:48:48:446] info: ╔═════════════════════════════════════════════════════════════════════════════════╗
[03/13/19, 09:48:48:447] info: ║      Slack 3.3.7, linux 4.4.0-116-generic on x64 at 03/13/19, 09:48:48:445      ║
[03/13/19, 09:48:48:447] info: ╚═════════════════════════════════════════════════════════════════════════════════╝
[03/13/19, 09:48:48:757] info: Initializing local storage instance at path: /home/gbravoma/.config/Slack/local-settings.json
[03/13/19, 09:48:48:853] error: Locale: Tried to access systemLocale before application was ready
[03/13/19, 09:48:49:194] info: TraceRecorder: setting up trace recorder, trace will be stored under /home/gbravoma/.config/Slack/logs/recorded-trace
[03/13/19, 09:48:49:199] info: Configuring uncaughtExceptionHandler
[03/13/19, 09:48:49:199] info: Configuring unhandledRejectionHandler
[03/13/19, 09:48:49:199] info: Registered with apiKey acaff8df67924f677747922423057034
[03/13/19, 09:48:49:256] info: BrowserStore: Keychain access previously denied, don't ask again
[03/13/19, 09:48:49:294] info: Store: persist/REHYDRATE
{
  "appTeams": {
    "selectedTeamId": null,
    "teamsByIndex": [],
    "teamsToSignOut": []
  },
  "enterprise": {},
  "settings": {
    "appVersion": "3.3.7",
    "versionName": "Alaska",
    "platform": "linux",
    "platformVersion": {
      "major": 4,
      "minor": 4,
      "build": 0
    },
    "isWin10": false,
    "isBeforeWin10": false,
    "resourcePath": "/usr/lib/slack/resources/app.asar",
    "webappSrcPath": null,
    "webappParams": null,
    "isDevMode": false,
    "devEnv": null,
    "logFile": null,
    "rxLogging": false,
    "openDevToolsOnStart": false,
    "pretendNotReallyWindows10": false,
    "releaseChannel": "prod",
    "autoHideMenuBar": false,
    "defaultSigninTeam": null,
    "isTitleBarHidden": false,
    "hasRunApp": true,
    "hasRunFromTray": false,
    "reportIssueOnStartup": false,
    "isSignedIntoSlackOrg": false,
    "isGpuCompositionAvailable": true,
    "runFromTray": true,
    "launchOnStartup": false,
    "spellcheckerLanguage": null,
    "zoomLevel": 0,
    "workspaceIdleTimeout": 43200000,
    "whitelistedUrlSchemes": [
      "http:",
      "https:",
      "mailto:",
      "skype:",
      "spotify:",
      "live:",
      "callto:",
      "tel:",
      "im:",
      "sip:",
      "sips:",
      "slack:"
    ],
    "isTitleBarForcedByUser": false,
    "useHwAcceleration": true,
    "isOpenExternalShellForced": true,
    "PrefSSBFileDownloadPath": "/home/gbravoma/Downloads",
    "notificationMethod": null,
    "notificationPlayback": null,
    "notificationFailover": 0,
    "notificationFailoverEnabled": true,
    "notificationClickThrough": false,
    "notificationClickThroughMain": true,
    "notificationTimeout": 6000,
    "notificationAfterHoverTimeout": 2000,
    "notificationMaxItems": 3,
    "notificationZoomLevel": null,
    "notificationStyle": null,
    "notificationPresentationCheck": null,
    "notifyPosition": {
      "corner": "bottom_right",
      "display": "same_as_app"
    },
    "locale": "en-US",
    "spellCheckerVersion": "V2",
    "os": false,
    "release": false,
    "desktopEnvironment": false,
    "isAeroGlassEnabled": false,
    "linux": {
      "os": "Ubuntu 16.04.4 LTS",
      "release": "xenial",
      "desktopEnvironment": "i3"
    }
  },
  "windowFrame": {
    "windowSettings": {
      "position": [
        88,
        192
      ],
      "size": [
        1024,
        1536
      ]
    },
    "isFullScreen": false
  }
}
[03/13/19, 09:48:49:333] info: Store: UPDATE_SETTINGS
{
  "isSignedIntoSlackOrg": false
}
[03/13/19, 09:48:49:336] info: UpdaterEpics: Updates disabled because
{
  "reasons": [
    "using Linux"
  ]
}
[03/13/19, 09:48:49:337] info: Read UUID from file successful
{
  "uuid": "6329aa9c-0a6f-5b45-aa5b-8c98c17f9b39"
}
[03/13/19, 09:48:49:776] info: Store: INITIALIZE_SETTINGS
{
  "releaseChannel": "prod",
  "platformVersion": {
    "major": 4,
    "minor": 4,
    "build": 0
  },
  "isTitleBarHidden": false,
  "isDevMode": false,
  "appVersion": "3.3.7",
  "versionName": "Alaska",
  "devEnv": null,
  "resourcePath": "/usr/lib/slack/resources/app.asar",
  "webappSrcPath": null,
  "webappParams": null,
  "launchOnStartup": false,
  "openDevToolsOnStart": false,
  "logFile": null,
  "pretendNotReallyWindows10": false,
  "isAeroGlassEnabled": false,
  "isGpuCompositionAvailable": true,
  "linux": {
    "os": "Ubuntu 16.04.4 LTS",
    "release": "xenial",
    "desktopEnvironment": "i3"
  }
}
[03/13/19, 09:48:49:780] info: AutoLoginEpic: Checking for autologin.
[03/13/19, 09:48:49:791] info: WebContentsMediator: Attaching to new webContents
[03/13/19, 09:48:49:794] info: Store: ADD_WINDOW
{
  "id": 2,
  "type": "main"
}
[03/13/19, 09:48:49:796] info: BrowserViewManager: Starting initialization
[03/13/19, 09:48:49:799] info: PersistSettingsWindowBehavior: Loading windowMetrics
{
  "settings": {
    "position": [
      88,
      192
    ],
    "size": [
      1024,
      1536
    ]
  }
}
[03/13/19, 09:48:49:831] info: Application: Setting main window ID
{
  "id": 2
}
[03/13/19, 09:48:49:832] info: App: Welcome to Slack 3.3.7 x64
[03/13/19, 09:48:49:832] info: App load time: 1,598964282
[03/13/19, 09:48:50:890] info: Store: QUIT_APP
[03/13/19, 09:48:50:896] info: quitApplicationEpic: found update metadata, send telemetry
[03/13/19, 09:48:50:896] info: EpicHelpers: Flushing cookie store
[03/13/19, 09:48:50:908] info: Store: BACKGROUND_CLIENTS_INITIALIZED
[03/13/19, 09:48:50:911] info: Store: BACKGROUND_CLIENTS_INITIALIZED true
[03/13/19, 09:48:50:931] info: EpicHelpers: Flushing local-settings.json
[03/13/19, 09:48:50:935] info: quitApplicationEpic: Closing main window
{
  "id": 2
}
[03/13/19, 09:48:50:935] info: Allowing window close because user chose to quit
[03/13/19, 09:48:50:937] info: Notification Window Manager: Trying to close notifications window
[03/13/19, 09:48:50:937] warn: Notification Window Manager: Could not find notifications window in state
[03/13/19, 09:48:50:939] info: App: Disposing application
[03/13/19, 09:48:50:940] info: Store: REMOVE_WINDOW 2
[03/13/19, 09:48:50:944] info: quitApplicationEpic: Disposing item
{
  "type": "ReduxPersistStorage"
}
[03/13/19, 09:48:50:993] info: Store: QUIT_APP
[03/13/19, 09:48:51:116] info: Store: QUIT_APP
[03/13/19, 09:48:57:298] info: ╔═════════════════════════════════════════════════════════════════════════════════╗
[03/13/19, 09:48:57:299] info: ║      Slack 3.3.7, linux 4.4.0-116-generic on x64 at 03/13/19, 09:48:57:297      ║
[03/13/19, 09:48:57:299] info: ╚═════════════════════════════════════════════════════════════════════════════════╝
[03/13/19, 09:48:57:628] info: Initializing local storage instance at path: /home/gbravoma/.config/Slack/local-settings.json
[03/13/19, 09:48:57:713] error: Locale: Tried to access systemLocale before application was ready
[03/13/19, 09:48:58:058] info: TraceRecorder: setting up trace recorder, trace will be stored under /home/gbravoma/.config/Slack/logs/recorded-trace
[03/13/19, 09:48:58:062] info: Configuring uncaughtExceptionHandler
[03/13/19, 09:48:58:063] info: Configuring unhandledRejectionHandler
[03/13/19, 09:48:58:063] info: Registered with apiKey acaff8df67924f677747922423057034
[03/13/19, 09:48:58:122] info: BrowserStore: Keychain access previously denied, don't ask again
[03/13/19, 09:48:58:131] info: Store: persist/REHYDRATE
{
  "appTeams": {
    "selectedTeamId": null,
    "teamsByIndex": [],
    "teamsToSignOut": []
  },
  "enterprise": {},
  "settings": {
    "appVersion": "3.3.7",
    "versionName": "Alaska",
    "platform": "linux",
    "platformVersion": {
      "major": 4,
      "minor": 4,
      "build": 0
    },
    "isWin10": false,
    "isBeforeWin10": false,
    "resourcePath": "/usr/lib/slack/resources/app.asar",
    "webappSrcPath": null,
    "webappParams": null,
    "isDevMode": false,
    "devEnv": null,
    "logFile": null,
    "rxLogging": false,
    "openDevToolsOnStart": false,
    "pretendNotReallyWindows10": false,
    "releaseChannel": "prod",
    "autoHideMenuBar": false,
    "defaultSigninTeam": null,
    "isTitleBarHidden": false,
    "hasRunApp": true,
    "hasRunFromTray": false,
    "reportIssueOnStartup": false,
    "isSignedIntoSlackOrg": false,
    "isGpuCompositionAvailable": true,
    "runFromTray": true,
    "launchOnStartup": false,
    "spellcheckerLanguage": null,
    "zoomLevel": 0,
    "workspaceIdleTimeout": 43200000,
    "whitelistedUrlSchemes": [
      "http:",
      "https:",
      "mailto:",
      "skype:",
      "spotify:",
      "live:",
      "callto:",
      "tel:",
      "im:",
      "sip:",
      "sips:",
      "slack:"
    ],
    "isTitleBarForcedByUser": false,
    "useHwAcceleration": true,
    "isOpenExternalShellForced": true,
    "PrefSSBFileDownloadPath": "/home/gbravoma/Downloads",
    "notificationMethod": null,
    "notificationPlayback": null,
    "notificationFailover": 0,
    "notificationFailoverEnabled": true,
    "notificationClickThrough": false,
    "notificationClickThroughMain": true,
    "notificationTimeout": 6000,
    "notificationAfterHoverTimeout": 2000,
    "notificationMaxItems": 3,
    "notificationZoomLevel": null,
    "notificationStyle": null,
    "notificationPresentationCheck": null,
    "notifyPosition": {
      "corner": "bottom_right",
      "display": "same_as_app"
    },
    "locale": "en-US",
    "spellCheckerVersion": "V2",
    "os": false,
    "release": false,
    "desktopEnvironment": false,
    "isAeroGlassEnabled": false,
    "linux": {
      "os": "Ubuntu 16.04.4 LTS",
      "release": "xenial",
      "desktopEnvironment": "i3"
    }
  },
  "windowFrame": {
    "windowSettings": {
      "position": [
        88,
        192
      ],
      "size": [
        1024,
        1536
      ]
    },
    "isFullScreen": false
  }
}
[03/13/19, 09:48:58:157] info: Store: UPDATE_SETTINGS
{
  "isSignedIntoSlackOrg": false
}
[03/13/19, 09:48:58:159] info: UpdaterEpics: Updates disabled because
{
  "reasons": [
    "using Linux"
  ]
}
[03/13/19, 09:48:58:159] info: Read UUID from file successful
{
  "uuid": "6329aa9c-0a6f-5b45-aa5b-8c98c17f9b39"
}
[03/13/19, 09:48:58:440] info: Store: INITIALIZE_SETTINGS
{
  "releaseChannel": "prod",
  "platformVersion": {
    "major": 4,
    "minor": 4,
    "build": 0
  },
  "isTitleBarHidden": false,
  "isDevMode": false,
  "appVersion": "3.3.7",
  "versionName": "Alaska",
  "devEnv": null,
  "resourcePath": "/usr/lib/slack/resources/app.asar",
  "webappSrcPath": null,
  "webappParams": null,
  "launchOnStartup": false,
  "openDevToolsOnStart": false,
  "logFile": null,
  "pretendNotReallyWindows10": false,
  "isAeroGlassEnabled": false,
  "isGpuCompositionAvailable": true,
  "linux": {
    "os": "Ubuntu 16.04.4 LTS",
    "release": "xenial",
    "desktopEnvironment": "i3"
  }
}
[03/13/19, 09:48:58:442] info: AutoLoginEpic: Checking for autologin.
[03/13/19, 09:48:58:448] info: WebContentsMediator: Attaching to new webContents
[03/13/19, 09:48:58:449] info: Store: ADD_WINDOW
{
  "id": 2,
  "type": "main"
}
[03/13/19, 09:48:58:450] info: BrowserViewManager: Starting initialization
[03/13/19, 09:48:58:452] info: PersistSettingsWindowBehavior: Loading windowMetrics
{
  "settings": {
    "position": [
      88,
      192
    ],
    "size": [
      1024,
      1536
    ]
  }
}
[03/13/19, 09:48:58:474] info: Application: Setting main window ID
{
  "id": 2
}
[03/13/19, 09:48:58:475] info: App: Welcome to Slack 3.3.7 x64
[03/13/19, 09:48:58:476] info: App load time: 1,401525229
[03/13/19, 09:48:59:600] info: Store: BACKGROUND_CLIENTS_INITIALIZED
[03/13/19, 09:48:59:602] info: Store: BACKGROUND_CLIENTS_INITIALIZED true
[03/13/19, 09:49:00:153] info: Store: SET_NETWORK_STATUS online
[03/13/19, 09:49:00:155] info: Store: MAIN_WINDOW_SHOWN
[03/13/19, 09:49:00:166] info: createSignInWindowEpic: No teams signed in, showing sign-in window
[03/13/19, 09:49:00:170] info: WebContentsMediator: Attaching to new webContents
[03/13/19, 09:49:00:172] info: Store: ADD_WINDOW
{
  "id": 3,
  "type": "sign-in"
}
[03/13/19, 09:49:00:177] info: SignInEpic: Loading URL in new window
[03/13/19, 09:50:35:461] info: Store: SIGN_IN_COMPLETE
[03/13/19, 09:50:35:466] info: SignInEpic: Received team(s) from the webapp
[03/13/19, 09:50:35:466] info: SignInEpic: Got signal!
[03/13/19, 09:50:35:467] info: Store: SIGN_IN_CANCELED
[03/13/19, 09:50:35:468] info: SignInEpic: Sign-in window closed
[03/13/19, 09:50:35:468] info: Store: REMOVE_WINDOW 3
[03/13/19, 09:50:35:474] info: maybeQuitAppAction
{
  "canceledSignIn": false,
  "hasNoTeams": true
}
[03/13/19, 09:50:35:475] info: SignInEpic: End of the road
{
  "action": "ADD_NEW_TEAM"
}
[03/13/19, 09:50:35:475] info: Store: ADD_NEW_TEAM
{
  "id": "UGXBQDW4D",
  "team_id": "T029RQSE6"
}
[03/13/19, 09:50:35:501] info: BrowserViewManager: Creating views for new teams
{
  "newTeamIds": [
    "T029RQSE6"
  ]
}
[03/13/19, 09:50:35:502] info: BrowserViewManager: Activating BrowserView
{
  "teamId": "T029RQSE6"
}
[03/13/19, 09:50:35:503] info: BrowserViewManager: Creating BrowserView
{
  "teamId": "T029RQSE6"
}
[03/13/19, 09:50:35:508] info: WebContentsMediator: Attaching to new webContents
[03/13/19, 09:50:35:510] info: Store: UPSERT_WEB_CONTENTS
{
  "id": 4,
  "teamId": "T029RQSE6",
  "state": "unloaded"
}
[03/13/19, 09:50:35:525] info: Background Clients Update: 
+-----------+-------+------------+
|           | Full  | Background |
|-----------+-------+------------+
| T029RQSE6 | start |            |
+-----------+-------+------------+
[03/13/19, 09:50:35:546] info: BrowserViewManager: Activating BrowserView
{
  "teamId": "T029RQSE6"
}
[03/13/19, 09:50:35:549] info: Background Clients Update: 
+-----------+-------+------------+
|           | Full  | Background |
|-----------+-------+------------+
| T029RQSE6 | start |            |
+-----------+-------+------------+
[03/13/19, 09:50:36:571] info: Store: SAVE_WINDOW_SETTINGS
{
  "size": [
    1196,
    930
  ],
  "position": [
    2,
    969
  ],
  "isMaximized": false
}
[03/13/19, 09:50:37:429] info: Team boot count
{
  "count": 1
}
[03/13/19, 09:50:42:111] info: WebContents LifeCycle: webContents:4 from 'unloaded' to 'loaded' took 6572 ms
[03/13/19, 09:50:42:111] info: Store: UPSERT_WEB_CONTENTS
{
  "id": 4,
  "state": "loaded",
  "teamId": "T029RQSE6"
}
[03/13/19, 09:50:42:113] info: Background Clients Update: 
+-----------+---------+------------+
|           | Full    | Background |
|-----------+---------+------------+
| T029RQSE6 | loading |            |
+-----------+---------+------------+
[03/13/19, 09:50:42:339] info: Store: UPDATE_SESSION_STATUS
{
  "hasValidSession": true,
  "teamId": "T029RQSE6"
}
[03/13/19, 09:50:43:195] info: Store: UPDATE_TEAM_ICONS
{
  "icons": {
    "image_102": "https://avatars.slack-edge.com/2018-11-30/493552636231_caa7b448943f6c75be82_102.jpg",
    "image_132": "https://avatars.slack-edge.com/2018-11-30/493552636231_caa7b448943f6c75be82_132.jpg",
    "image_230": "https://avatars.slack-edge.com/2018-11-30/493552636231_caa7b448943f6c75be82_230.jpg",
    "image_34": "https://avatars.slack-edge.com/2018-11-30/493552636231_caa7b448943f6c75be82_34.jpg",
    "image_44": "https://avatars.slack-edge.com/2018-11-30/493552636231_caa7b448943f6c75be82_44.jpg",
    "image_68": "https://avatars.slack-edge.com/2018-11-30/493552636231_caa7b448943f6c75be82_68.jpg",
    "image_88": "https://avatars.slack-edge.com/2018-11-30/493552636231_caa7b448943f6c75be82_88.jpg",
    "image_original": "https://avatars.slack-edge.com/2018-11-30/493552636231_caa7b448943f6c75be82_original.jpg"
  },
  "teamId": "T029RQSE6"
}
[03/13/19, 09:50:43:807] info: Store: SELECT_CHANNEL C029RQSEE
[03/13/19, 09:50:43:826] info: Store: UPDATE_TEAM_LOCALE
{
  "locale": "en-US",
  "teamId": "T029RQSE6"
}
[03/13/19, 09:50:43:833] info: Store: UPDATE_SETTINGS
{
  "locale": "en-US"
}
[03/13/19, 09:50:43:846] info: Store: UPDATE_TEAM_THEME
{
  "teamId": "T029RQSE6",
  "theme": {
    "active_item": "#1264A3",
    "active_item_text": "#FFFFFF",
    "active_presence": "#2BAC76",
    "badge": "#CD2553",
    "column_bg": "#3F0E40",
    "hover_item": "#350D36",
    "menu_bg": "#350d36",
    "text_color": "#FFFFFF"
  }
}
[03/13/19, 09:50:44:276] info: Store: SELECT_CHANNEL DGY439JNB
[03/13/19, 09:50:44:415] info: WebContents LifeCycle: webContents:4 from 'loaded' to 'webapp-loaded' took 2304 ms
[03/13/19, 09:50:44:416] info: Store: UPSERT_WEB_CONTENTS
{
  "id": 4,
  "state": "webapp-loaded",
  "teamId": "T029RQSE6"
}
[03/13/19, 09:50:44:421] info: Background Clients Update: 
+-----------+-------+------------+
|           | Full  | Background |
|-----------+-------+------------+
| T029RQSE6 | ready |            |
+-----------+-------+------------+
[03/13/19, 09:50:44:429] info: Store: UPDATE_SETTINGS
{
  "sandboxSigninWindow": true
}
[03/13/19, 09:50:44:739] info: Store: STORE_ENTERPRISE_ID_PAIR
{
  "teamId": "T029RQSE6",
  "enterpriseId": null
}
[03/13/19, 09:50:44:743] info: Store: STORE_API_TOKEN
{
  "token": "xoxs-⋯",
  "teamId": "T029RQSE6"
}
[03/13/19, 09:51:15:005] info: Store: SELECT_CHANNEL DGYEUP7AA
[03/13/19, 10:08:07:858] info: Store: SELECT_CHANNEL C029RQSEE
[03/13/19, 10:08:38:260] info: Store: SELECT_CHANNEL C08786VLJ
[03/13/19, 10:09:02:636] info: Store: SAVE_WINDOW_SETTINGS
{
  "size": [
    1196,
    931
  ],
  "position": [
    2,
    18
  ],
  "isMaximized": false
}
[03/13/19, 10:09:03:836] info: Store: SAVE_WINDOW_SETTINGS
{
  "size": [
    1196,
    930
  ],
  "position": [
    2,
    969
  ],
  "isMaximized": false
}
[03/13/19, 10:09:05:705] info: Store: SAVE_WINDOW_SETTINGS
{
  "size": [
    1196,
    1881
  ],
  "position": [
    2,
    18
  ],
  "isMaximized": false
}
[03/13/19, 10:11:04:983] info: Store: SELECT_CHANNEL CF86TJ1NW
[03/13/19, 10:18:06:776] info: BrowserViewManager: Activating BrowserView
{
  "teamId": "T029RQSE6"
}
[03/13/19, 10:18:07:779] info: Store: SAVE_WINDOW_SETTINGS
{
  "size": [
    1196,
    1881
  ],
  "position": [
    2,
    18
  ],
  "isMaximized": false
}
[03/13/19, 10:18:09:462] info: BrowserViewManager: Activating BrowserView
{
  "teamId": "T029RQSE6"
}
[03/13/19, 10:18:10:467] info: Store: SAVE_WINDOW_SETTINGS
{
  "size": [
    1196,
    1881
  ],
  "position": [
    2,
    18
  ],
  "isMaximized": false
}
[03/13/19, 10:20:53:280] info: BrowserViewManager: Activating BrowserView
{
  "teamId": "T029RQSE6"
}
[03/13/19, 10:20:54:286] info: Store: SAVE_WINDOW_SETTINGS
{
  "size": [
    1196,
    1881
  ],
  "position": [
    2,
    18
  ],
  "isMaximized": false
}
[03/13/19, 10:21:01:900] info: Store: SELECT_CHANNEL C029RQSEE
[03/13/19, 10:21:30:888] info: BrowserViewManager: Activating BrowserView
{
  "teamId": "T029RQSE6"
}
[03/13/19, 10:21:31:890] info: Store: SAVE_WINDOW_SETTINGS
{
  "size": [
    1196,
    1881
  ],
  "position": [
    2,
    18
  ],
  "isMaximized": false
}
[03/13/19, 10:24:26:694] info: BrowserViewManager: Activating BrowserView
{
  "teamId": "T029RQSE6"
}
[03/13/19, 10:24:27:697] info: Store: SAVE_WINDOW_SETTINGS
{
  "size": [
    1196,
    1881
  ],
  "position": [
    2,
    18
  ],
  "isMaximized": false
}
[03/13/19, 10:24:31:963] info: BrowserViewManager: Activating BrowserView
{
  "teamId": "T029RQSE6"
}
[03/13/19, 10:24:32:966] info: Store: SAVE_WINDOW_SETTINGS
{
  "size": [
    1196,
    1881
  ],
  "position": [
    2,
    18
  ],
  "isMaximized": false
}
[03/13/19, 10:24:47:419] info: BrowserViewManager: Activating BrowserView
{
  "teamId": "T029RQSE6"
}
[03/13/19, 10:24:48:423] info: Store: SAVE_WINDOW_SETTINGS
{
  "size": [
    1196,
    1881
  ],
  "position": [
    2,
    18
  ],
  "isMaximized": false
}
[03/13/19, 10:29:14:986] info: App: Otherwise signaled, foregrounding.
[03/13/19, 10:29:14:987] info: Store: FOREGROUND_APP
[03/13/19, 10:29:14:998] info: BrowserViewManager: Activating BrowserView
{
  "teamId": "T029RQSE6"
}
[03/13/19, 10:29:16:004] info: Store: SAVE_WINDOW_SETTINGS
{
  "size": [
    1196,
    1881
  ],
  "position": [
    2,
    18
  ],
  "isMaximized": false
}
[03/13/19, 10:29:18:597] info: Store: SAVE_WINDOW_SETTINGS
{
  "size": [
    2556,
    691
  ],
  "position": [
    1202,
    18
  ],
  "isMaximized": false
}
[03/13/19, 10:29:21:295] info: Store: SAVE_WINDOW_SETTINGS
{
  "size": [
    2556,
    454
  ],
  "position": [
    1202,
    492
  ],
  "isMaximized": false
}
[03/13/19, 10:29:25:750] info: Store: SAVE_WINDOW_SETTINGS
{
  "size": [
    2556,
    691
  ],
  "position": [
    1202,
    18
  ],
  "isMaximized": false
}
[03/13/19, 10:29:30:977] info: Store: SAVE_WINDOW_SETTINGS
{
  "size": [
    1276,
    1401
  ],
  "position": [
    1202,
    18
  ],
  "isMaximized": false
}
[03/13/19, 10:29:51:780] info: WindowCloseBehavior: Attempted to close the window, hiding due to run from tray
[03/13/19, 10:29:51:782] info: Store: UPDATE_SETTINGS
{
  "hasRunFromTray": true
}
[03/13/19, 10:29:51:784] info: Store: SHOW_TRAY_BALLOON
{
  "title": "Why didn’t Slack quit?",
  "content": "Slack’s set to stay running in the notification area. To change this, visit Preferences > Linux App."
}
[03/13/19, 10:29:51:787] info: Tray Handler: Showing a tray balloon with title: Why didn’t Slack quit?
[03/13/19, 10:30:10:405] info: App: Otherwise signaled, foregrounding.
[03/13/19, 10:30:10:405] info: Store: FOREGROUND_APP
[03/13/19, 10:30:11:414] info: Store: SAVE_WINDOW_SETTINGS
{
  "size": [
    2556,
    654
  ],
  "position": [
    1202,
    765
  ],
  "isMaximized": false
}
[03/13/19, 10:30:12:799] info: Store: SAVE_WINDOW_SETTINGS
{
  "size": [
    1276,
    1329
  ],
  "position": [
    2482,
    90
  ],
  "isMaximized": false
}
[03/13/19, 10:30:14:088] info: BrowserViewManager: Activating BrowserView
{
  "teamId": "T029RQSE6"
}
[03/13/19, 10:30:15:090] info: Store: SAVE_WINDOW_SETTINGS
{
  "size": [
    1276,
    1329
  ],
  "position": [
    2482,
    90
  ],
  "isMaximized": false
}
[03/13/19, 10:30:21:310] info: Store: SELECT_CHANNEL C08786VLJ
[03/13/19, 10:30:30:530] info: Store: SAVE_WINDOW_SETTINGS
{
  "size": [
    849,
    1329
  ],
  "position": [
    2909,
    90
  ],
  "isMaximized": false
}
[03/13/19, 10:30:34:476] info: Store: SAVE_WINDOW_SETTINGS
{
  "size": [
    849,
    1329
  ],
  "position": [
    2909,
    90
  ],
  "isMaximized": false
}
[03/13/19, 10:32:44:160] info: Store: SELECT_CHANNEL DGYEUP7AA
[03/13/19, 10:35:39:702] info: Store: SELECT_CHANNEL C08786VLJ
[03/13/19, 10:42:05:169] info: BrowserViewManager: Activating BrowserView
{
  "teamId": "T029RQSE6"
}
[03/13/19, 10:42:06:180] info: Store: SAVE_WINDOW_SETTINGS
{
  "size": [
    849,
    1329
  ],
  "position": [
    2909,
    90
  ],
  "isMaximized": false
}
[03/13/19, 10:45:59:082] info: BrowserViewManager: Activating BrowserView
{
  "teamId": "T029RQSE6"
}
[03/13/19, 10:46:00:091] info: Store: SAVE_WINDOW_SETTINGS
{
  "size": [
    849,
    1329
  ],
  "position": [
    2909,
    90
  ],
  "isMaximized": false
}
[03/13/19, 10:57:24:644] info: BrowserViewManager: Activating BrowserView
{
  "teamId": "T029RQSE6"
}
[03/13/19, 10:57:25:648] info: Store: SAVE_WINDOW_SETTINGS
{
  "size": [
    849,
    1329
  ],
  "position": [
    2909,
    90
  ],
  "isMaximized": false
}
[03/13/19, 10:57:34:323] info: BrowserViewManager: Activating BrowserView
{
  "teamId": "T029RQSE6"
}
[03/13/19, 10:57:35:326] info: Store: SAVE_WINDOW_SETTINGS
{
  "size": [
    849,
    1329
  ],
  "position": [
    2909,
    90
  ],
  "isMaximized": false
}
[03/13/19, 11:48:10:603] info: BrowserViewManager: Activating BrowserView
{
  "teamId": "T029RQSE6"
}
[03/13/19, 11:48:11:608] info: Store: SAVE_WINDOW_SETTINGS
{
  "size": [
    849,
    1329
  ],
  "position": [
    2909,
    90
  ],
  "isMaximized": false
}
[03/13/19, 11:52:24:090] info: Store: SAVE_WINDOW_SETTINGS
{
  "size": [
    1276,
    1329
  ],
  "position": [
    2482,
    90
  ],
  "isMaximized": false
}
[03/13/19, 11:52:26:173] info: BrowserViewManager: Activating BrowserView
{
  "teamId": "T029RQSE6"
}
[03/13/19, 11:52:27:175] info: Store: SAVE_WINDOW_SETTINGS
{
  "size": [
    636,
    1347
  ],
  "position": [
    3122,
    72
  ],
  "isMaximized": false
}
[03/13/19, 11:52:29:963] info: Store: SAVE_WINDOW_SETTINGS
{
  "size": [
    636,
    1347
  ],
  "position": [
    2482,
    72
  ],
  "isMaximized": false
}
[03/13/19, 13:28:08:899] info: Store: SAVE_WINDOW_SETTINGS
{
  "size": [
    1276,
    1347
  ],
  "position": [
    2482,
    72
  ],
  "isMaximized": false
}
[03/13/19, 13:28:11:017] info: BrowserViewManager: Activating BrowserView
{
  "teamId": "T029RQSE6"
}
[03/13/19, 13:28:12:021] info: Store: SAVE_WINDOW_SETTINGS
{
  "size": [
    1276,
    1347
  ],
  "position": [
    2482,
    72
  ],
  "isMaximized": false
}
[03/13/19, 13:30:19:922] info: Store: SELECT_CHANNEL C029RQSEE
[03/13/19, 13:30:37:179] info: Store: SELECT_CHANNEL C08786VLJ
[03/13/19, 13:30:38:952] info: Store: OPEN_CONTEXT_MENU
{
  "id": 4
}
[03/13/19, 13:30:40:235] info: Store: OPEN_CONTEXT_MENU
{
  "id": 4
}
[03/13/19, 13:30:44:868] info: BrowserViewManager: Activating BrowserView
{
  "teamId": "T029RQSE6"
}
[03/13/19, 13:30:45:872] info: Store: SAVE_WINDOW_SETTINGS
{
  "size": [
    1276,
    1347
  ],
  "position": [
    2482,
    72
  ],
  "isMaximized": false
}
[03/13/19, 13:30:46:569] info: Store: OPEN_CONTEXT_MENU
{
  "id": 4
}
[03/13/19, 13:30:49:800] info: Store: SELECT_CHANNEL C029RQSEE
[03/13/19, 13:31:37:976] info: Store: SELECT_CHANNEL C029WKFFW
[03/13/19, 13:31:50:315] info: Store: SELECT_CHANNEL C029RQSEE
[03/13/19, 13:35:16:887] info: Store: SELECT_CHANNEL C1N9ZK1A6
[03/13/19, 13:35:25:939] info: Store: SELECT_CHANNEL C7VM3DXJR
[03/13/19, 13:35:32:963] info: Store: SELECT_CHANNEL C029RQSEE
[03/13/19, 13:38:57:941] info: BrowserViewManager: Activating BrowserView
{
  "teamId": "T029RQSE6"
}
[03/13/19, 13:38:58:944] info: Store: SAVE_WINDOW_SETTINGS
{
  "size": [
    1276,
    1347
  ],
  "position": [
    2482,
    72
  ],
  "isMaximized": false
}
[03/13/19, 13:39:00:181] info: BrowserViewManager: Activating BrowserView
{
  "teamId": "T029RQSE6"
}
[03/13/19, 13:39:01:183] info: Store: SAVE_WINDOW_SETTINGS
{
  "size": [
    1276,
    1347
  ],
  "position": [
    2482,
    72
  ],
  "isMaximized": false
}
[03/13/19, 13:39:01:540] info: BrowserViewManager: Activating BrowserView
{
  "teamId": "T029RQSE6"
}
[03/13/19, 13:39:02:549] info: Store: SAVE_WINDOW_SETTINGS
{
  "size": [
    1276,
    1347
  ],
  "position": [
    2482,
    72
  ],
  "isMaximized": false
}
[03/13/19, 13:46:44:769] info: BrowserViewManager: Activating BrowserView
{
  "teamId": "T029RQSE6"
}
[03/13/19, 13:46:45:774] info: Store: SAVE_WINDOW_SETTINGS
{
  "size": [
    1276,
    1347
  ],
  "position": [
    2482,
    72
  ],
  "isMaximized": false
}
[03/13/19, 13:47:02:413] info: Store: SELECT_CHANNEL C08786VLJ
[03/13/19, 13:47:04:188] info: Store: SELECT_CHANNEL C029RQSEE
[03/13/19, 13:54:32:405] info: Store: SELECT_CHANNEL C029WKFFW
[03/13/19, 13:54:44:436] info: WindowCloseBehavior: Attempted to close the window, hiding due to run from tray
[03/13/19, 14:15:41:613] info: Store: NEW_NOTIFICATION
{
  "channel": "C029RQSEE",
  "id": "BPAKsVhjl2BBnLp",
  "launchUri": "slack://channel?id=C029RQSEE&message=1552482941.215600&team=T029RQSE6",
  "silent": true,
  "teamId": "T029RQSE6"
}
[03/13/19, 14:15:41:627] info: Creating new Electron notification.
[03/13/19, 23:34:10:951] info: WebContents LifeCycle: webContents:4 from 'webapp-loaded' to 'page-will-navigate' took 49406537 ms
[03/13/19, 23:34:10:952] info: Store: UPSERT_WEB_CONTENTS
{
  "id": 4,
  "state": "page-will-navigate",
  "teamId": "T029RQSE6"
}
[03/13/19, 23:34:10:956] info: Background Clients Update: 
+-----------+----------+------------+
|           | Full     | Background |
|-----------+----------+------------+
| T029RQSE6 | navigate |            |
+-----------+----------+------------+
[03/13/19, 23:34:11:704] info: Store: UPDATE_SESSION_STATUS
{
  "hasValidSession": true,
  "teamId": "T029RQSE6"
}
[03/13/19, 23:34:11:860] info: Team boot count
{
  "count": 2
}
[03/13/19, 23:34:14:909] info: WebContents LifeCycle: webContents:4 from 'page-will-navigate' to 'loaded' took 3958 ms
[03/13/19, 23:34:14:909] info: Store: UPSERT_WEB_CONTENTS
{
  "id": 4,
  "state": "loaded",
  "teamId": "T029RQSE6"
}
[03/13/19, 23:34:14:911] info: Background Clients Update: 
+-----------+---------+------------+
|           | Full    | Background |
|-----------+---------+------------+
| T029RQSE6 | loading |            |
+-----------+---------+------------+
[03/13/19, 23:34:15:700] info: Store: UPDATE_SESSION_STATUS
{
  "hasValidSession": true,
  "teamId": "T029RQSE6"
}
[03/13/19, 23:34:16:399] info: Store: UPDATE_TEAM_ICONS
{
  "icons": {
    "image_102": "https://avatars.slack-edge.com/2018-11-30/493552636231_caa7b448943f6c75be82_102.jpg",
    "image_132": "https://avatars.slack-edge.com/2018-11-30/493552636231_caa7b448943f6c75be82_132.jpg",
    "image_230": "https://avatars.slack-edge.com/2018-11-30/493552636231_caa7b448943f6c75be82_230.jpg",
    "image_34": "https://avatars.slack-edge.com/2018-11-30/493552636231_caa7b448943f6c75be82_34.jpg",
    "image_44": "https://avatars.slack-edge.com/2018-11-30/493552636231_caa7b448943f6c75be82_44.jpg",
    "image_68": "https://avatars.slack-edge.com/2018-11-30/493552636231_caa7b448943f6c75be82_68.jpg",
    "image_88": "https://avatars.slack-edge.com/2018-11-30/493552636231_caa7b448943f6c75be82_88.jpg",
    "image_original": "https://avatars.slack-edge.com/2018-11-30/493552636231_caa7b448943f6c75be82_original.jpg"
  },
  "teamId": "T029RQSE6"
}
[03/13/19, 23:34:16:533] info: Store: SELECT_CHANNEL C029WKFFW
[03/13/19, 23:34:16:537] info: Store: UPDATE_TEAM_LOCALE
{
  "locale": "en-US",
  "teamId": "T029RQSE6"
}
[03/13/19, 23:34:16:547] info: Store: UPDATE_TEAM_THEME
{
  "teamId": "T029RQSE6",
  "theme": {
    "active_item": "#1264A3",
    "active_item_text": "#FFFFFF",
    "active_presence": "#2BAC76",
    "badge": "#CD2553",
    "column_bg": "#3F0E40",
    "hover_item": "#350D36",
    "menu_bg": "#350d36",
    "text_color": "#FFFFFF"
  }
}
[03/13/19, 23:34:16:786] info: WebContents LifeCycle: webContents:4 from 'loaded' to 'webapp-loaded' took 1877 ms
[03/13/19, 23:34:16:787] info: Store: UPSERT_WEB_CONTENTS
{
  "id": 4,
  "state": "webapp-loaded",
  "teamId": "T029RQSE6"
}
[03/13/19, 23:34:16:788] info: Background Clients Update: 
+-----------+-------+------------+
|           | Full  | Background |
|-----------+-------+------------+
| T029RQSE6 | ready |            |
+-----------+-------+------------+
[03/13/19, 23:34:16:789] info: Store: UPDATE_SETTINGS
{
  "sandboxSigninWindow": true
}
[03/13/19, 23:34:16:872] info: Store: STORE_ENTERPRISE_ID_PAIR
{
  "teamId": "T029RQSE6",
  "enterpriseId": null
}
[03/21/19, 00:28:40:969] info: WebContents LifeCycle: webContents:4 from 'webapp-loaded' to 'page-will-navigate' took 608064183 ms
[03/21/19, 00:28:40:969] info: Store: UPSERT_WEB_CONTENTS
{
  "id": 4,
  "state": "page-will-navigate",
  "teamId": "T029RQSE6"
}
[03/21/19, 00:28:40:973] info: Background Clients Update: 
+-----------+----------+------------+
|           | Full     | Background |
|-----------+----------+------------+
| T029RQSE6 | navigate |            |
+-----------+----------+------------+
[03/21/19, 00:28:41:732] info: Store: UPDATE_SESSION_STATUS
{
  "hasValidSession": true,
  "teamId": "T029RQSE6"
}
[03/21/19, 00:28:41:861] info: Team boot count
{
  "count": 3
}
[03/21/19, 00:28:44:885] info: WebContents LifeCycle: webContents:4 from 'page-will-navigate' to 'loaded' took 3916 ms
[03/21/19, 00:28:44:886] info: Store: UPSERT_WEB_CONTENTS
{
  "id": 4,
  "state": "loaded",
  "teamId": "T029RQSE6"
}
[03/21/19, 00:28:44:887] info: Background Clients Update: 
+-----------+---------+------------+
|           | Full    | Background |
|-----------+---------+------------+
| T029RQSE6 | loading |            |
+-----------+---------+------------+
[03/21/19, 00:28:45:709] info: Store: UPDATE_SESSION_STATUS
{
  "hasValidSession": true,
  "teamId": "T029RQSE6"
}
[03/21/19, 00:28:46:877] info: Store: UPDATE_TEAM_ICONS
{
  "icons": {
    "image_102": "https://avatars.slack-edge.com/2018-11-30/493552636231_caa7b448943f6c75be82_102.jpg",
    "image_132": "https://avatars.slack-edge.com/2018-11-30/493552636231_caa7b448943f6c75be82_132.jpg",
    "image_230": "https://avatars.slack-edge.com/2018-11-30/493552636231_caa7b448943f6c75be82_230.jpg",
    "image_34": "https://avatars.slack-edge.com/2018-11-30/493552636231_caa7b448943f6c75be82_34.jpg",
    "image_44": "https://avatars.slack-edge.com/2018-11-30/493552636231_caa7b448943f6c75be82_44.jpg",
    "image_68": "https://avatars.slack-edge.com/2018-11-30/493552636231_caa7b448943f6c75be82_68.jpg",
    "image_88": "https://avatars.slack-edge.com/2018-11-30/493552636231_caa7b448943f6c75be82_88.jpg",
    "image_original": "https://avatars.slack-edge.com/2018-11-30/493552636231_caa7b448943f6c75be82_original.jpg"
  },
  "teamId": "T029RQSE6"
}
[03/21/19, 00:28:47:006] info: Store: SELECT_CHANNEL C029WKFFW
[03/21/19, 00:28:47:010] info: Store: UPDATE_TEAM_LOCALE
{
  "locale": "en-US",
  "teamId": "T029RQSE6"
}
[03/21/19, 00:28:47:016] info: Store: UPDATE_TEAM_THEME
{
  "teamId": "T029RQSE6",
  "theme": {
    "active_item": "#1264A3",
    "active_item_text": "#FFFFFF",
    "active_presence": "#2BAC76",
    "badge": "#CD2553",
    "column_bg": "#3F0E40",
    "hover_item": "#350D36",
    "menu_bg": "#350d36",
    "text_color": "#FFFFFF"
  }
}
[03/21/19, 00:28:47:256] info: WebContents LifeCycle: webContents:4 from 'loaded' to 'webapp-loaded' took 2371 ms
[03/21/19, 00:28:47:256] info: Store: UPSERT_WEB_CONTENTS
{
  "id": 4,
  "state": "webapp-loaded",
  "teamId": "T029RQSE6"
}
[03/21/19, 00:28:47:258] info: Background Clients Update: 
+-----------+-------+------------+
|           | Full  | Background |
|-----------+-------+------------+
| T029RQSE6 | ready |            |
+-----------+-------+------------+
[03/21/19, 00:28:47:259] info: Store: UPDATE_SETTINGS
{
  "sandboxSigninWindow": true
}
[03/21/19, 00:28:47:367] info: Store: STORE_ENTERPRISE_ID_PAIR
{
  "teamId": "T029RQSE6",
  "enterpriseId": null
}
[03/22/19, 01:04:28:597] info: WebContents LifeCycle: webContents:4 from 'webapp-loaded' to 'page-will-navigate' took 88541341 ms
[03/22/19, 01:04:28:598] info: Store: UPSERT_WEB_CONTENTS
{
  "id": 4,
  "state": "page-will-navigate",
  "teamId": "T029RQSE6"
}
[03/22/19, 01:04:28:601] info: Background Clients Update: 
+-----------+----------+------------+
|           | Full     | Background |
|-----------+----------+------------+
| T029RQSE6 | navigate |            |
+-----------+----------+------------+
[03/22/19, 01:04:29:272] info: Team boot count
{
  "count": 4
}
[03/22/19, 01:04:29:747] info: Store: UPDATE_SESSION_STATUS
{
  "hasValidSession": true,
  "teamId": "T029RQSE6"
}
[03/22/19, 01:04:32:486] info: WebContents LifeCycle: webContents:4 from 'page-will-navigate' to 'loaded' took 3889 ms
[03/22/19, 01:04:32:486] info: Store: UPSERT_WEB_CONTENTS
{
  "id": 4,
  "state": "loaded",
  "teamId": "T029RQSE6"
}
[03/22/19, 01:04:32:488] info: Background Clients Update: 
+-----------+---------+------------+
|           | Full    | Background |
|-----------+---------+------------+
| T029RQSE6 | loading |            |
+-----------+---------+------------+
[03/22/19, 01:04:33:709] info: Store: UPDATE_SESSION_STATUS
{
  "hasValidSession": true,
  "teamId": "T029RQSE6"
}
[03/22/19, 01:04:33:968] info: Store: UPDATE_TEAM_ICONS
{
  "icons": {
    "image_102": "https://avatars.slack-edge.com/2018-11-30/493552636231_caa7b448943f6c75be82_102.jpg",
    "image_132": "https://avatars.slack-edge.com/2018-11-30/493552636231_caa7b448943f6c75be82_132.jpg",
    "image_230": "https://avatars.slack-edge.com/2018-11-30/493552636231_caa7b448943f6c75be82_230.jpg",
    "image_34": "https://avatars.slack-edge.com/2018-11-30/493552636231_caa7b448943f6c75be82_34.jpg",
    "image_44": "https://avatars.slack-edge.com/2018-11-30/493552636231_caa7b448943f6c75be82_44.jpg",
    "image_68": "https://avatars.slack-edge.com/2018-11-30/493552636231_caa7b448943f6c75be82_68.jpg",
    "image_88": "https://avatars.slack-edge.com/2018-11-30/493552636231_caa7b448943f6c75be82_88.jpg",
    "image_original": "https://avatars.slack-edge.com/2018-11-30/493552636231_caa7b448943f6c75be82_original.jpg"
  },
  "teamId": "T029RQSE6"
}
[03/22/19, 01:04:34:101] info: Store: SELECT_CHANNEL C029WKFFW
[03/22/19, 01:04:34:105] info: Store: UPDATE_TEAM_LOCALE
{
  "locale": "en-US",
  "teamId": "T029RQSE6"
}
[03/22/19, 01:04:34:111] info: Store: UPDATE_TEAM_THEME
{
  "teamId": "T029RQSE6",
  "theme": {
    "active_item": "#1264A3",
    "active_item_text": "#FFFFFF",
    "active_presence": "#2BAC76",
    "badge": "#CD2553",
    "column_bg": "#3F0E40",
    "hover_item": "#350D36",
    "menu_bg": "#350d36",
    "text_color": "#FFFFFF"
  }
}
[03/22/19, 01:04:34:369] info: WebContents LifeCycle: webContents:4 from 'loaded' to 'webapp-loaded' took 1883 ms
[03/22/19, 01:04:34:369] info: Store: UPSERT_WEB_CONTENTS
{
  "id": 4,
  "state": "webapp-loaded",
  "teamId": "T029RQSE6"
}
[03/22/19, 01:04:34:370] info: Background Clients Update: 
+-----------+-------+------------+
|           | Full  | Background |
|-----------+-------+------------+
| T029RQSE6 | ready |            |
+-----------+-------+------------+
[03/22/19, 01:04:34:371] info: Store: UPDATE_SETTINGS
{
  "sandboxSigninWindow": true
}
[03/22/19, 01:04:34:508] info: Store: STORE_ENTERPRISE_ID_PAIR
{
  "teamId": "T029RQSE6",
  "enterpriseId": null
}
[03/24/19, 02:04:56:604] info: WebContents LifeCycle: webContents:4 from 'webapp-loaded' to 'page-will-navigate' took 176422235 ms
[03/24/19, 02:04:56:604] info: Store: UPSERT_WEB_CONTENTS
{
  "id": 4,
  "state": "page-will-navigate",
  "teamId": "T029RQSE6"
}
[03/24/19, 02:04:56:609] info: Background Clients Update: 
+-----------+----------+------------+
|           | Full     | Background |
|-----------+----------+------------+
| T029RQSE6 | navigate |            |
+-----------+----------+------------+
[03/24/19, 02:04:57:508] info: Team boot count
{
  "count": 5
}
[03/24/19, 02:04:57:738] info: Store: UPDATE_SESSION_STATUS
{
  "hasValidSession": true,
  "teamId": "T029RQSE6"
}
[03/24/19, 02:05:00:433] info: WebContents LifeCycle: webContents:4 from 'page-will-navigate' to 'loaded' took 3829 ms
[03/24/19, 02:05:00:433] info: Store: UPSERT_WEB_CONTENTS
{
  "id": 4,
  "state": "loaded",
  "teamId": "T029RQSE6"
}
[03/24/19, 02:05:00:434] info: Background Clients Update: 
+-----------+---------+------------+
|           | Full    | Background |
|-----------+---------+------------+
| T029RQSE6 | loading |            |
+-----------+---------+------------+
[03/24/19, 02:05:00:704] info: Store: UPDATE_SESSION_STATUS
{
  "hasValidSession": true,
  "teamId": "T029RQSE6"
}
[03/24/19, 02:05:01:893] info: Store: UPDATE_TEAM_ICONS
{
  "icons": {
    "image_102": "https://avatars.slack-edge.com/2018-11-30/493552636231_caa7b448943f6c75be82_102.jpg",
    "image_132": "https://avatars.slack-edge.com/2018-11-30/493552636231_caa7b448943f6c75be82_132.jpg",
    "image_230": "https://avatars.slack-edge.com/2018-11-30/493552636231_caa7b448943f6c75be82_230.jpg",
    "image_34": "https://avatars.slack-edge.com/2018-11-30/493552636231_caa7b448943f6c75be82_34.jpg",
    "image_44": "https://avatars.slack-edge.com/2018-11-30/493552636231_caa7b448943f6c75be82_44.jpg",
    "image_68": "https://avatars.slack-edge.com/2018-11-30/493552636231_caa7b448943f6c75be82_68.jpg",
    "image_88": "https://avatars.slack-edge.com/2018-11-30/493552636231_caa7b448943f6c75be82_88.jpg",
    "image_original": "https://avatars.slack-edge.com/2018-11-30/493552636231_caa7b448943f6c75be82_original.jpg"
  },
  "teamId": "T029RQSE6"
}
[03/24/19, 02:05:02:027] info: Store: SELECT_CHANNEL C029WKFFW
[03/24/19, 02:05:02:031] info: Store: UPDATE_TEAM_LOCALE
{
  "locale": "en-US",
  "teamId": "T029RQSE6"
}
[03/24/19, 02:05:02:036] info: Store: UPDATE_TEAM_THEME
{
  "teamId": "T029RQSE6",
  "theme": {
    "active_item": "#1264A3",
    "active_item_text": "#FFFFFF",
    "active_presence": "#2BAC76",
    "badge": "#CD2553",
    "column_bg": "#3F0E40",
    "hover_item": "#350D36",
    "menu_bg": "#350d36",
    "text_color": "#FFFFFF"
  }
}
[03/24/19, 02:05:02:312] info: WebContents LifeCycle: webContents:4 from 'loaded' to 'webapp-loaded' took 1879 ms
[03/24/19, 02:05:02:312] info: Store: UPSERT_WEB_CONTENTS
{
  "id": 4,
  "state": "webapp-loaded",
  "teamId": "T029RQSE6"
}
[03/24/19, 02:05:02:314] info: Background Clients Update: 
+-----------+-------+------------+
|           | Full  | Background |
|-----------+-------+------------+
| T029RQSE6 | ready |            |
+-----------+-------+------------+
[03/24/19, 02:05:02:315] info: Store: UPDATE_SETTINGS
{
  "sandboxSigninWindow": true
}
[03/24/19, 02:05:02:451] info: Store: STORE_ENTERPRISE_ID_PAIR
{
  "teamId": "T029RQSE6",
  "enterpriseId": null
}
