[03/12/19, 15:22:51:483] info: ╔═════════════════════════════════════════════════════════════════════════════════╗
[03/12/19, 15:22:51:497] info: ║      Slack 3.3.7, linux 4.4.0-116-generic on x64 at 03/12/19, 15:22:51:479      ║
[03/12/19, 15:22:51:498] info: ╚═════════════════════════════════════════════════════════════════════════════════╝
[03/12/19, 15:22:51:808] info: Initializing local storage instance at path: /home/gbravoma/.config/Slack/local-settings.json
[03/12/19, 15:22:52:045] info: NetworkStatus: Waiting for network online…
[03/12/19, 15:22:52:208] info: Read UUID from file successful
{
  "uuid": "6329aa9c-0a6f-5b45-aa5b-8c98c17f9b39"
}
[03/12/19, 15:22:52:238] info: Store: BACKGROUND_CLIENTS_INITIALIZED
[03/12/19, 15:22:52:245] info: Store: BACKGROUND_CLIENTS_INITIALIZED true
[03/12/19, 15:22:52:432] info: NetworkStatus: Response from api.test
{
  "status": "online"
}
[03/12/19, 15:22:52:834] info: Store: SET_NETWORK_STATUS online
[03/12/19, 15:22:52:836] info: Store: MAIN_WINDOW_SHOWN
[03/12/19, 15:22:52:852] info: Store: ADD_WINDOW
{
  "id": 3,
  "type": "sign-in"
}
[03/12/19, 15:23:19:116] info: Store: SIGN_IN_CANCELED
[03/12/19, 15:23:19:119] info: Store: QUIT_APP
[03/12/19, 15:23:19:122] info: Store: REMOVE_WINDOW 3
[03/12/19, 15:23:19:200] info: Store: REMOVE_WINDOW 2
[03/12/19, 15:23:19:251] info: Store: QUIT_APP
[03/13/19, 09:18:26:966] info: ╔═════════════════════════════════════════════════════════════════════════════════╗
[03/13/19, 09:18:26:966] info: ║      Slack 3.3.7, linux 4.4.0-116-generic on x64 at 03/13/19, 09:18:26:962      ║
[03/13/19, 09:18:26:967] info: ╚═════════════════════════════════════════════════════════════════════════════════╝
[03/13/19, 09:18:27:224] info: Initializing local storage instance at path: /home/gbravoma/.config/Slack/local-settings.json
[03/13/19, 09:18:27:479] info: NetworkStatus: Waiting for network online…
[03/13/19, 09:18:27:689] info: Read UUID from file successful
{
  "uuid": "6329aa9c-0a6f-5b45-aa5b-8c98c17f9b39"
}
[03/13/19, 09:18:27:720] info: Store: BACKGROUND_CLIENTS_INITIALIZED
[03/13/19, 09:18:27:724] info: Store: BACKGROUND_CLIENTS_INITIALIZED true
[03/13/19, 09:18:27:866] info: NetworkStatus: Response from api.test
{
  "status": "online"
}
[03/13/19, 09:18:28:269] info: Store: SET_NETWORK_STATUS online
[03/13/19, 09:18:28:270] info: Store: MAIN_WINDOW_SHOWN
[03/13/19, 09:18:28:290] info: Store: ADD_WINDOW
{
  "id": 3,
  "type": "sign-in"
}
[03/13/19, 09:42:24:312] info: Store: SIGN_IN_CANCELED
[03/13/19, 09:42:24:313] info: Store: QUIT_APP
[03/13/19, 09:42:24:317] info: Store: REMOVE_WINDOW 3
[03/13/19, 09:42:24:320] info: Store: SIGN_IN_CANCELED
[03/13/19, 09:42:24:321] info: Store: REMOVE_WINDOW 3
[03/13/19, 09:42:24:324] info: Store: REMOVE_WINDOW 2
[03/13/19, 09:42:24:380] info: Store: QUIT_APP
[03/13/19, 09:42:24:384] info: Store: SIGN_IN_CANCELED
[03/13/19, 09:42:24:384] info: Store: REMOVE_WINDOW 3
[03/13/19, 09:42:24:411] info: Store: QUIT_APP
[03/13/19, 09:48:50:275] info: ╔═════════════════════════════════════════════════════════════════════════════════╗
[03/13/19, 09:48:50:276] info: ║      Slack 3.3.7, linux 4.4.0-116-generic on x64 at 03/13/19, 09:48:50:272      ║
[03/13/19, 09:48:50:276] info: ╚═════════════════════════════════════════════════════════════════════════════════╝
[03/13/19, 09:48:50:463] info: Initializing local storage instance at path: /home/gbravoma/.config/Slack/local-settings.json
[03/13/19, 09:48:50:670] info: NetworkStatus: Waiting for network online…
[03/13/19, 09:48:50:863] info: Read UUID from file successful
{
  "uuid": "6329aa9c-0a6f-5b45-aa5b-8c98c17f9b39"
}
[03/13/19, 09:48:50:896] info: Store: QUIT_APP
[03/13/19, 09:48:50:916] info: Store: BACKGROUND_CLIENTS_INITIALIZED
[03/13/19, 09:48:50:917] info: Store: BACKGROUND_CLIENTS_INITIALIZED true
[03/13/19, 09:48:50:941] info: Store: REMOVE_WINDOW 2
[03/13/19, 09:48:50:994] info: Store: QUIT_APP
[03/13/19, 09:48:58:878] info: ╔═════════════════════════════════════════════════════════════════════════════════╗
[03/13/19, 09:48:58:878] info: ║      Slack 3.3.7, linux 4.4.0-116-generic on x64 at 03/13/19, 09:48:58:875      ║
[03/13/19, 09:48:58:878] info: ╚═════════════════════════════════════════════════════════════════════════════════╝
[03/13/19, 09:48:59:111] info: Initializing local storage instance at path: /home/gbravoma/.config/Slack/local-settings.json
[03/13/19, 09:48:59:375] info: NetworkStatus: Waiting for network online…
[03/13/19, 09:48:59:569] info: Read UUID from file successful
{
  "uuid": "6329aa9c-0a6f-5b45-aa5b-8c98c17f9b39"
}
[03/13/19, 09:48:59:607] info: Store: BACKGROUND_CLIENTS_INITIALIZED
[03/13/19, 09:48:59:608] info: Store: BACKGROUND_CLIENTS_INITIALIZED true
[03/13/19, 09:48:59:751] info: NetworkStatus: Response from api.test
{
  "status": "online"
}
[03/13/19, 09:49:00:154] info: Store: SET_NETWORK_STATUS online
[03/13/19, 09:49:00:157] info: Store: MAIN_WINDOW_SHOWN
[03/13/19, 09:49:00:173] info: Store: ADD_WINDOW
{
  "id": 3,
  "type": "sign-in"
}
[03/13/19, 09:50:35:463] info: Store: SIGN_IN_COMPLETE
[03/13/19, 09:50:35:468] info: Store: SIGN_IN_CANCELED
[03/13/19, 09:50:35:469] info: Store: REMOVE_WINDOW 3
[03/13/19, 09:50:35:479] info: Store: ADD_NEW_TEAM
{
  "id": "UGXBQDW4D",
  "team_id": "T029RQSE6"
}
[03/13/19, 09:50:35:514] info: Store: UPSERT_WEB_CONTENTS
{
  "id": 4,
  "state": "unloaded",
  "teamId": "T029RQSE6"
}
[03/13/19, 09:50:36:573] info: Store: SAVE_WINDOW_SETTINGS
{
  "isMaximized": false,
  "position": [
    2,
    969
  ],
  "size": [
    1196,
    930
  ]
}
[03/13/19, 09:50:42:113] info: Store: UPSERT_WEB_CONTENTS
{
  "id": 4,
  "state": "loaded",
  "teamId": "T029RQSE6"
}
[03/13/19, 09:50:42:340] info: Store: UPDATE_SESSION_STATUS
{
  "hasValidSession": true,
  "teamId": "T029RQSE6"
}
[03/13/19, 09:50:43:196] info: Store: UPDATE_TEAM_ICONS
{
  "icons": {
    "image_102": "https://avatars.slack-edge.com/2018-11-30/493552636231_caa7b448943f6c75be82_102.jpg",
    "image_132": "https://avatars.slack-edge.com/2018-11-30/493552636231_caa7b448943f6c75be82_132.jpg",
    "image_230": "https://avatars.slack-edge.com/2018-11-30/493552636231_caa7b448943f6c75be82_230.jpg",
    "image_34": "https://avatars.slack-edge.com/2018-11-30/493552636231_caa7b448943f6c75be82_34.jpg",
    "image_44": "https://avatars.slack-edge.com/2018-11-30/493552636231_caa7b448943f6c75be82_44.jpg",
    "image_68": "https://avatars.slack-edge.com/2018-11-30/493552636231_caa7b448943f6c75be82_68.jpg",
    "image_88": "https://avatars.slack-edge.com/2018-11-30/493552636231_caa7b448943f6c75be82_88.jpg",
    "image_original": "https://avatars.slack-edge.com/2018-11-30/493552636231_caa7b448943f6c75be82_original.jpg"
  },
  "teamId": "T029RQSE6"
}
[03/13/19, 09:50:43:808] info: Store: SELECT_CHANNEL C029RQSEE
[03/13/19, 09:50:43:828] info: Store: UPDATE_TEAM_LOCALE
{
  "locale": "en-US",
  "teamId": "T029RQSE6"
}
[03/13/19, 09:50:43:834] info: Store: UPDATE_SETTINGS
{
  "locale": "en-US"
}
[03/13/19, 09:50:43:852] info: Store: UPDATE_TEAM_THEME
{
  "teamId": "T029RQSE6",
  "theme": {
    "active_item": "#1264A3",
    "active_item_text": "#FFFFFF",
    "active_presence": "#2BAC76",
    "badge": "#CD2553",
    "column_bg": "#3F0E40",
    "hover_item": "#350D36",
    "menu_bg": "#350d36",
    "text_color": "#FFFFFF"
  }
}
[03/13/19, 09:50:44:281] info: Store: SELECT_CHANNEL DGY439JNB
[03/13/19, 09:50:44:421] info: Store: UPSERT_WEB_CONTENTS
{
  "id": 4,
  "state": "webapp-loaded",
  "teamId": "T029RQSE6"
}
[03/13/19, 09:50:44:431] info: Store: UPDATE_SETTINGS
{
  "sandboxSigninWindow": true
}
[03/13/19, 09:50:44:742] info: Store: STORE_ENTERPRISE_ID_PAIR
{
  "enterpriseId": null,
  "teamId": "T029RQSE6"
}
[03/13/19, 09:50:44:748] info: Store: STORE_API_TOKEN
{
  "teamId": "T029RQSE6",
  "token": "xoxs-⋯"
}
[03/13/19, 09:51:15:007] info: Store: SELECT_CHANNEL DGYEUP7AA
[03/13/19, 10:08:07:860] info: Store: SELECT_CHANNEL C029RQSEE
[03/13/19, 10:08:38:261] info: Store: SELECT_CHANNEL C08786VLJ
[03/13/19, 10:09:02:637] info: Store: SAVE_WINDOW_SETTINGS
{
  "isMaximized": false,
  "position": [
    2,
    18
  ],
  "size": [
    1196,
    931
  ]
}
[03/13/19, 10:09:03:841] info: Store: SAVE_WINDOW_SETTINGS
{
  "isMaximized": false,
  "position": [
    2,
    969
  ],
  "size": [
    1196,
    930
  ]
}
[03/13/19, 10:09:05:705] info: Store: SAVE_WINDOW_SETTINGS
{
  "isMaximized": false,
  "position": [
    2,
    18
  ],
  "size": [
    1196,
    1881
  ]
}
[03/13/19, 10:11:04:985] info: Store: SELECT_CHANNEL CF86TJ1NW
[03/13/19, 10:18:07:780] info: Store: SAVE_WINDOW_SETTINGS
{
  "isMaximized": false,
  "position": [
    2,
    18
  ],
  "size": [
    1196,
    1881
  ]
}
[03/13/19, 10:18:10:469] info: Store: SAVE_WINDOW_SETTINGS
{
  "isMaximized": false,
  "position": [
    2,
    18
  ],
  "size": [
    1196,
    1881
  ]
}
[03/13/19, 10:20:54:288] info: Store: SAVE_WINDOW_SETTINGS
{
  "isMaximized": false,
  "position": [
    2,
    18
  ],
  "size": [
    1196,
    1881
  ]
}
[03/13/19, 10:21:01:901] info: Store: SELECT_CHANNEL C029RQSEE
[03/13/19, 10:21:31:891] info: Store: SAVE_WINDOW_SETTINGS
{
  "isMaximized": false,
  "position": [
    2,
    18
  ],
  "size": [
    1196,
    1881
  ]
}
[03/13/19, 10:24:27:699] info: Store: SAVE_WINDOW_SETTINGS
{
  "isMaximized": false,
  "position": [
    2,
    18
  ],
  "size": [
    1196,
    1881
  ]
}
[03/13/19, 10:24:32:967] info: Store: SAVE_WINDOW_SETTINGS
{
  "isMaximized": false,
  "position": [
    2,
    18
  ],
  "size": [
    1196,
    1881
  ]
}
[03/13/19, 10:24:48:426] info: Store: SAVE_WINDOW_SETTINGS
{
  "isMaximized": false,
  "position": [
    2,
    18
  ],
  "size": [
    1196,
    1881
  ]
}
[03/13/19, 10:29:14:988] info: Store: FOREGROUND_APP
[03/13/19, 10:29:16:007] info: Store: SAVE_WINDOW_SETTINGS
{
  "isMaximized": false,
  "position": [
    2,
    18
  ],
  "size": [
    1196,
    1881
  ]
}
[03/13/19, 10:29:18:599] info: Store: SAVE_WINDOW_SETTINGS
{
  "isMaximized": false,
  "position": [
    1202,
    18
  ],
  "size": [
    2556,
    691
  ]
}
[03/13/19, 10:29:21:297] info: Store: SAVE_WINDOW_SETTINGS
{
  "isMaximized": false,
  "position": [
    1202,
    492
  ],
  "size": [
    2556,
    454
  ]
}
[03/13/19, 10:29:25:751] info: Store: SAVE_WINDOW_SETTINGS
{
  "isMaximized": false,
  "position": [
    1202,
    18
  ],
  "size": [
    2556,
    691
  ]
}
[03/13/19, 10:29:30:978] info: Store: SAVE_WINDOW_SETTINGS
{
  "isMaximized": false,
  "position": [
    1202,
    18
  ],
  "size": [
    1276,
    1401
  ]
}
[03/13/19, 10:29:51:784] info: Store: UPDATE_SETTINGS
{
  "hasRunFromTray": true
}
[03/13/19, 10:29:51:786] info: Store: SHOW_TRAY_BALLOON
{
  "content": "Slack’s set to stay running in the notification area. To change this, visit Preferences > Linux App.",
  "title": "Why didn’t Slack quit?"
}
[03/13/19, 10:30:10:408] info: Store: FOREGROUND_APP
[03/13/19, 10:30:11:415] info: Store: SAVE_WINDOW_SETTINGS
{
  "isMaximized": false,
  "position": [
    1202,
    765
  ],
  "size": [
    2556,
    654
  ]
}
[03/13/19, 10:30:12:801] info: Store: SAVE_WINDOW_SETTINGS
{
  "isMaximized": false,
  "position": [
    2482,
    90
  ],
  "size": [
    1276,
    1329
  ]
}
[03/13/19, 10:30:15:092] info: Store: SAVE_WINDOW_SETTINGS
{
  "isMaximized": false,
  "position": [
    2482,
    90
  ],
  "size": [
    1276,
    1329
  ]
}
[03/13/19, 10:30:21:312] info: Store: SELECT_CHANNEL C08786VLJ
[03/13/19, 10:30:30:532] info: Store: SAVE_WINDOW_SETTINGS
{
  "isMaximized": false,
  "position": [
    2909,
    90
  ],
  "size": [
    849,
    1329
  ]
}
[03/13/19, 10:30:34:478] info: Store: SAVE_WINDOW_SETTINGS
{
  "isMaximized": false,
  "position": [
    2909,
    90
  ],
  "size": [
    849,
    1329
  ]
}
[03/13/19, 10:32:44:161] info: Store: SELECT_CHANNEL DGYEUP7AA
[03/13/19, 10:35:39:703] info: Store: SELECT_CHANNEL C08786VLJ
[03/13/19, 10:42:06:182] info: Store: SAVE_WINDOW_SETTINGS
{
  "isMaximized": false,
  "position": [
    2909,
    90
  ],
  "size": [
    849,
    1329
  ]
}
[03/13/19, 10:46:00:092] info: Store: SAVE_WINDOW_SETTINGS
{
  "isMaximized": false,
  "position": [
    2909,
    90
  ],
  "size": [
    849,
    1329
  ]
}
[03/13/19, 10:57:25:650] info: Store: SAVE_WINDOW_SETTINGS
{
  "isMaximized": false,
  "position": [
    2909,
    90
  ],
  "size": [
    849,
    1329
  ]
}
[03/13/19, 10:57:35:328] info: Store: SAVE_WINDOW_SETTINGS
{
  "isMaximized": false,
  "position": [
    2909,
    90
  ],
  "size": [
    849,
    1329
  ]
}
[03/13/19, 11:48:11:610] info: Store: SAVE_WINDOW_SETTINGS
{
  "isMaximized": false,
  "position": [
    2909,
    90
  ],
  "size": [
    849,
    1329
  ]
}
[03/13/19, 11:52:24:092] info: Store: SAVE_WINDOW_SETTINGS
{
  "isMaximized": false,
  "position": [
    2482,
    90
  ],
  "size": [
    1276,
    1329
  ]
}
[03/13/19, 11:52:27:176] info: Store: SAVE_WINDOW_SETTINGS
{
  "isMaximized": false,
  "position": [
    3122,
    72
  ],
  "size": [
    636,
    1347
  ]
}
[03/13/19, 11:52:29:964] info: Store: SAVE_WINDOW_SETTINGS
{
  "isMaximized": false,
  "position": [
    2482,
    72
  ],
  "size": [
    636,
    1347
  ]
}
[03/13/19, 13:28:08:900] info: Store: SAVE_WINDOW_SETTINGS
{
  "isMaximized": false,
  "position": [
    2482,
    72
  ],
  "size": [
    1276,
    1347
  ]
}
[03/13/19, 13:28:12:023] info: Store: SAVE_WINDOW_SETTINGS
{
  "isMaximized": false,
  "position": [
    2482,
    72
  ],
  "size": [
    1276,
    1347
  ]
}
[03/13/19, 13:30:19:923] info: Store: SELECT_CHANNEL C029RQSEE
[03/13/19, 13:30:37:181] info: Store: SELECT_CHANNEL C08786VLJ
[03/13/19, 13:30:38:954] info: Store: OPEN_CONTEXT_MENU
{
  "id": 4
}
[03/13/19, 13:30:40:237] info: Store: OPEN_CONTEXT_MENU
{
  "id": 4
}
[03/13/19, 13:30:45:874] info: Store: SAVE_WINDOW_SETTINGS
{
  "isMaximized": false,
  "position": [
    2482,
    72
  ],
  "size": [
    1276,
    1347
  ]
}
[03/13/19, 13:30:46:570] info: Store: OPEN_CONTEXT_MENU
{
  "id": 4
}
[03/13/19, 13:30:49:802] info: Store: SELECT_CHANNEL C029RQSEE
[03/13/19, 13:31:37:978] info: Store: SELECT_CHANNEL C029WKFFW
[03/13/19, 13:31:50:316] info: Store: SELECT_CHANNEL C029RQSEE
[03/13/19, 13:35:16:888] info: Store: SELECT_CHANNEL C1N9ZK1A6
[03/13/19, 13:35:25:941] info: Store: SELECT_CHANNEL C7VM3DXJR
[03/13/19, 13:35:32:965] info: Store: SELECT_CHANNEL C029RQSEE
[03/13/19, 13:38:58:946] info: Store: SAVE_WINDOW_SETTINGS
{
  "isMaximized": false,
  "position": [
    2482,
    72
  ],
  "size": [
    1276,
    1347
  ]
}
[03/13/19, 13:39:01:184] info: Store: SAVE_WINDOW_SETTINGS
{
  "isMaximized": false,
  "position": [
    2482,
    72
  ],
  "size": [
    1276,
    1347
  ]
}
[03/13/19, 13:39:02:550] info: Store: SAVE_WINDOW_SETTINGS
{
  "isMaximized": false,
  "position": [
    2482,
    72
  ],
  "size": [
    1276,
    1347
  ]
}
[03/13/19, 13:46:45:775] info: Store: SAVE_WINDOW_SETTINGS
{
  "isMaximized": false,
  "position": [
    2482,
    72
  ],
  "size": [
    1276,
    1347
  ]
}
[03/13/19, 13:47:02:414] info: Store: SELECT_CHANNEL C08786VLJ
[03/13/19, 13:47:04:190] info: Store: SELECT_CHANNEL C029RQSEE
[03/13/19, 13:54:32:407] info: Store: SELECT_CHANNEL C029WKFFW
[03/13/19, 14:15:41:615] info: Store: NEW_NOTIFICATION
{
  "channel": "C029RQSEE",
  "id": "BPAKsVhjl2BBnLp",
  "launchUri": "slack://channel?id=C029RQSEE&message=1552482941.215600&team=T029RQSE6",
  "silent": true,
  "teamId": "T029RQSE6"
}
[03/13/19, 23:34:10:953] info: Store: UPSERT_WEB_CONTENTS
{
  "id": 4,
  "state": "page-will-navigate",
  "teamId": "T029RQSE6"
}
[03/13/19, 23:34:11:705] info: Store: UPDATE_SESSION_STATUS
{
  "hasValidSession": true,
  "teamId": "T029RQSE6"
}
[03/13/19, 23:34:14:910] info: Store: UPSERT_WEB_CONTENTS
{
  "id": 4,
  "state": "loaded",
  "teamId": "T029RQSE6"
}
[03/13/19, 23:34:15:701] info: Store: UPDATE_SESSION_STATUS
{
  "hasValidSession": true,
  "teamId": "T029RQSE6"
}
[03/13/19, 23:34:16:400] info: Store: UPDATE_TEAM_ICONS
{
  "icons": {
    "image_102": "https://avatars.slack-edge.com/2018-11-30/493552636231_caa7b448943f6c75be82_102.jpg",
    "image_132": "https://avatars.slack-edge.com/2018-11-30/493552636231_caa7b448943f6c75be82_132.jpg",
    "image_230": "https://avatars.slack-edge.com/2018-11-30/493552636231_caa7b448943f6c75be82_230.jpg",
    "image_34": "https://avatars.slack-edge.com/2018-11-30/493552636231_caa7b448943f6c75be82_34.jpg",
    "image_44": "https://avatars.slack-edge.com/2018-11-30/493552636231_caa7b448943f6c75be82_44.jpg",
    "image_68": "https://avatars.slack-edge.com/2018-11-30/493552636231_caa7b448943f6c75be82_68.jpg",
    "image_88": "https://avatars.slack-edge.com/2018-11-30/493552636231_caa7b448943f6c75be82_88.jpg",
    "image_original": "https://avatars.slack-edge.com/2018-11-30/493552636231_caa7b448943f6c75be82_original.jpg"
  },
  "teamId": "T029RQSE6"
}
[03/13/19, 23:34:16:534] info: Store: SELECT_CHANNEL C029WKFFW
[03/13/19, 23:34:16:539] info: Store: UPDATE_TEAM_LOCALE
{
  "locale": "en-US",
  "teamId": "T029RQSE6"
}
[03/13/19, 23:34:16:549] info: Store: UPDATE_TEAM_THEME
{
  "teamId": "T029RQSE6",
  "theme": {
    "active_item": "#1264A3",
    "active_item_text": "#FFFFFF",
    "active_presence": "#2BAC76",
    "badge": "#CD2553",
    "column_bg": "#3F0E40",
    "hover_item": "#350D36",
    "menu_bg": "#350d36",
    "text_color": "#FFFFFF"
  }
}
[03/13/19, 23:34:16:788] info: Store: UPSERT_WEB_CONTENTS
{
  "id": 4,
  "state": "webapp-loaded",
  "teamId": "T029RQSE6"
}
[03/13/19, 23:34:16:790] info: Store: UPDATE_SETTINGS
{
  "sandboxSigninWindow": true
}
[03/13/19, 23:34:16:873] info: Store: STORE_ENTERPRISE_ID_PAIR
{
  "enterpriseId": null,
  "teamId": "T029RQSE6"
}
[03/21/19, 00:28:40:985] info: Store: UPSERT_WEB_CONTENTS
{
  "id": 4,
  "state": "page-will-navigate",
  "teamId": "T029RQSE6"
}
[03/21/19, 00:28:41:734] info: Store: UPDATE_SESSION_STATUS
{
  "hasValidSession": true,
  "teamId": "T029RQSE6"
}
[03/21/19, 00:28:44:887] info: Store: UPSERT_WEB_CONTENTS
{
  "id": 4,
  "state": "loaded",
  "teamId": "T029RQSE6"
}
[03/21/19, 00:28:45:711] info: Store: UPDATE_SESSION_STATUS
{
  "hasValidSession": true,
  "teamId": "T029RQSE6"
}
[03/21/19, 00:28:46:879] info: Store: UPDATE_TEAM_ICONS
{
  "icons": {
    "image_102": "https://avatars.slack-edge.com/2018-11-30/493552636231_caa7b448943f6c75be82_102.jpg",
    "image_132": "https://avatars.slack-edge.com/2018-11-30/493552636231_caa7b448943f6c75be82_132.jpg",
    "image_230": "https://avatars.slack-edge.com/2018-11-30/493552636231_caa7b448943f6c75be82_230.jpg",
    "image_34": "https://avatars.slack-edge.com/2018-11-30/493552636231_caa7b448943f6c75be82_34.jpg",
    "image_44": "https://avatars.slack-edge.com/2018-11-30/493552636231_caa7b448943f6c75be82_44.jpg",
    "image_68": "https://avatars.slack-edge.com/2018-11-30/493552636231_caa7b448943f6c75be82_68.jpg",
    "image_88": "https://avatars.slack-edge.com/2018-11-30/493552636231_caa7b448943f6c75be82_88.jpg",
    "image_original": "https://avatars.slack-edge.com/2018-11-30/493552636231_caa7b448943f6c75be82_original.jpg"
  },
  "teamId": "T029RQSE6"
}
[03/21/19, 00:28:47:006] info: Store: SELECT_CHANNEL C029WKFFW
[03/21/19, 00:28:47:012] info: Store: UPDATE_TEAM_LOCALE
{
  "locale": "en-US",
  "teamId": "T029RQSE6"
}
[03/21/19, 00:28:47:019] info: Store: UPDATE_TEAM_THEME
{
  "teamId": "T029RQSE6",
  "theme": {
    "active_item": "#1264A3",
    "active_item_text": "#FFFFFF",
    "active_presence": "#2BAC76",
    "badge": "#CD2553",
    "column_bg": "#3F0E40",
    "hover_item": "#350D36",
    "menu_bg": "#350d36",
    "text_color": "#FFFFFF"
  }
}
[03/21/19, 00:28:47:258] info: Store: UPSERT_WEB_CONTENTS
{
  "id": 4,
  "state": "webapp-loaded",
  "teamId": "T029RQSE6"
}
[03/21/19, 00:28:47:260] info: Store: UPDATE_SETTINGS
{
  "sandboxSigninWindow": true
}
[03/21/19, 00:28:47:368] info: Store: STORE_ENTERPRISE_ID_PAIR
{
  "enterpriseId": null,
  "teamId": "T029RQSE6"
}
[03/22/19, 01:04:28:650] info: Store: UPSERT_WEB_CONTENTS
{
  "id": 4,
  "state": "page-will-navigate",
  "teamId": "T029RQSE6"
}
[03/22/19, 01:04:29:749] info: Store: UPDATE_SESSION_STATUS
{
  "hasValidSession": true,
  "teamId": "T029RQSE6"
}
[03/22/19, 01:04:32:488] info: Store: UPSERT_WEB_CONTENTS
{
  "id": 4,
  "state": "loaded",
  "teamId": "T029RQSE6"
}
[03/22/19, 01:04:33:711] info: Store: UPDATE_SESSION_STATUS
{
  "hasValidSession": true,
  "teamId": "T029RQSE6"
}
[03/22/19, 01:04:33:971] info: Store: UPDATE_TEAM_ICONS
{
  "icons": {
    "image_102": "https://avatars.slack-edge.com/2018-11-30/493552636231_caa7b448943f6c75be82_102.jpg",
    "image_132": "https://avatars.slack-edge.com/2018-11-30/493552636231_caa7b448943f6c75be82_132.jpg",
    "image_230": "https://avatars.slack-edge.com/2018-11-30/493552636231_caa7b448943f6c75be82_230.jpg",
    "image_34": "https://avatars.slack-edge.com/2018-11-30/493552636231_caa7b448943f6c75be82_34.jpg",
    "image_44": "https://avatars.slack-edge.com/2018-11-30/493552636231_caa7b448943f6c75be82_44.jpg",
    "image_68": "https://avatars.slack-edge.com/2018-11-30/493552636231_caa7b448943f6c75be82_68.jpg",
    "image_88": "https://avatars.slack-edge.com/2018-11-30/493552636231_caa7b448943f6c75be82_88.jpg",
    "image_original": "https://avatars.slack-edge.com/2018-11-30/493552636231_caa7b448943f6c75be82_original.jpg"
  },
  "teamId": "T029RQSE6"
}
[03/22/19, 01:04:34:102] info: Store: SELECT_CHANNEL C029WKFFW
[03/22/19, 01:04:34:106] info: Store: UPDATE_TEAM_LOCALE
{
  "locale": "en-US",
  "teamId": "T029RQSE6"
}
[03/22/19, 01:04:34:116] info: Store: UPDATE_TEAM_THEME
{
  "teamId": "T029RQSE6",
  "theme": {
    "active_item": "#1264A3",
    "active_item_text": "#FFFFFF",
    "active_presence": "#2BAC76",
    "badge": "#CD2553",
    "column_bg": "#3F0E40",
    "hover_item": "#350D36",
    "menu_bg": "#350d36",
    "text_color": "#FFFFFF"
  }
}
[03/22/19, 01:04:34:371] info: Store: UPSERT_WEB_CONTENTS
{
  "id": 4,
  "state": "webapp-loaded",
  "teamId": "T029RQSE6"
}
[03/22/19, 01:04:34:372] info: Store: UPDATE_SETTINGS
{
  "sandboxSigninWindow": true
}
[03/22/19, 01:04:34:510] info: Store: STORE_ENTERPRISE_ID_PAIR
{
  "enterpriseId": null,
  "teamId": "T029RQSE6"
}
[03/24/19, 02:04:56:657] info: Store: UPSERT_WEB_CONTENTS
{
  "id": 4,
  "state": "page-will-navigate",
  "teamId": "T029RQSE6"
}
[03/24/19, 02:04:57:742] info: Store: UPDATE_SESSION_STATUS
{
  "hasValidSession": true,
  "teamId": "T029RQSE6"
}
[03/24/19, 02:05:00:434] info: Store: UPSERT_WEB_CONTENTS
{
  "id": 4,
  "state": "loaded",
  "teamId": "T029RQSE6"
}
[03/24/19, 02:05:00:705] info: Store: UPDATE_SESSION_STATUS
{
  "hasValidSession": true,
  "teamId": "T029RQSE6"
}
[03/24/19, 02:05:01:900] info: Store: UPDATE_TEAM_ICONS
{
  "icons": {
    "image_102": "https://avatars.slack-edge.com/2018-11-30/493552636231_caa7b448943f6c75be82_102.jpg",
    "image_132": "https://avatars.slack-edge.com/2018-11-30/493552636231_caa7b448943f6c75be82_132.jpg",
    "image_230": "https://avatars.slack-edge.com/2018-11-30/493552636231_caa7b448943f6c75be82_230.jpg",
    "image_34": "https://avatars.slack-edge.com/2018-11-30/493552636231_caa7b448943f6c75be82_34.jpg",
    "image_44": "https://avatars.slack-edge.com/2018-11-30/493552636231_caa7b448943f6c75be82_44.jpg",
    "image_68": "https://avatars.slack-edge.com/2018-11-30/493552636231_caa7b448943f6c75be82_68.jpg",
    "image_88": "https://avatars.slack-edge.com/2018-11-30/493552636231_caa7b448943f6c75be82_88.jpg",
    "image_original": "https://avatars.slack-edge.com/2018-11-30/493552636231_caa7b448943f6c75be82_original.jpg"
  },
  "teamId": "T029RQSE6"
}
[03/24/19, 02:05:02:028] info: Store: SELECT_CHANNEL C029WKFFW
[03/24/19, 02:05:02:033] info: Store: UPDATE_TEAM_LOCALE
{
  "locale": "en-US",
  "teamId": "T029RQSE6"
}
[03/24/19, 02:05:02:045] info: Store: UPDATE_TEAM_THEME
{
  "teamId": "T029RQSE6",
  "theme": {
    "active_item": "#1264A3",
    "active_item_text": "#FFFFFF",
    "active_presence": "#2BAC76",
    "badge": "#CD2553",
    "column_bg": "#3F0E40",
    "hover_item": "#350D36",
    "menu_bg": "#350d36",
    "text_color": "#FFFFFF"
  }
}
[03/24/19, 02:05:02:313] info: Store: UPSERT_WEB_CONTENTS
{
  "id": 4,
  "state": "webapp-loaded",
  "teamId": "T029RQSE6"
}
[03/24/19, 02:05:02:316] info: Store: UPDATE_SETTINGS
{
  "sandboxSigninWindow": true
}
[03/24/19, 02:05:02:454] info: Store: STORE_ENTERPRISE_ID_PAIR
{
  "enterpriseId": null,
  "teamId": "T029RQSE6"
}
