[03/13/19, 09:50:37:607] info: ╔═════════════════════════════════════════════════════════════════════════════════╗
[03/13/19, 09:50:37:607] info: ║      Slack 3.3.7, linux 4.4.0-116-generic on x64 at 03/13/19, 09:50:37:603      ║
[03/13/19, 09:50:37:607] info: ╚═════════════════════════════════════════════════════════════════════════════════╝
[03/13/19, 09:50:37:741] info: Initializing local storage instance at path: /home/gbravoma/.config/Slack/local-settings.json
[03/13/19, 09:50:37:940] info: Read UUID from file successful
{
  "uuid": "6329aa9c-0a6f-5b45-aa5b-8c98c17f9b39"
}
[03/13/19, 09:50:38:339] info: cld3::loadModule: loading cld3 module
[03/13/19, 09:50:38:355] info: cld3Loader::loadModule: running environment is NODE
[03/13/19, 09:50:38:355] info: cld3Loader::loadModule: constructed module object for runtime
[03/13/19, 09:50:38:384] info: SpellChecker:: updateSpellcheckerLanguage: Skip to set new language null, v2 spellchecker is not available
[03/13/19, 09:50:38:402] info: Main window preload script finished
{
  "readyTime": 1074.717545
}
[03/13/19, 09:50:39:238] info: cld3Loader::initializeRuntime: successfully initialized module
[03/13/19, 09:50:39:238] info: cld3Loader::loadModule: initialized wasm binary Runtime
[03/13/19, 09:50:42:160] info: Store: UPSERT_WEB_CONTENTS
{
  "id": 4,
  "state": "loaded",
  "teamId": "T029RQSE6"
}
[03/13/19, 09:50:42:341] info: Store: UPDATE_SESSION_STATUS
{
  "hasValidSession": true,
  "teamId": "T029RQSE6"
}
[03/13/19, 09:50:43:365] info: Store: UPDATE_TEAM_ICONS
{
  "icons": {
    "image_102": "https://avatars.slack-edge.com/2018-11-30/493552636231_caa7b448943f6c75be82_102.jpg",
    "image_132": "https://avatars.slack-edge.com/2018-11-30/493552636231_caa7b448943f6c75be82_132.jpg",
    "image_230": "https://avatars.slack-edge.com/2018-11-30/493552636231_caa7b448943f6c75be82_230.jpg",
    "image_34": "https://avatars.slack-edge.com/2018-11-30/493552636231_caa7b448943f6c75be82_34.jpg",
    "image_44": "https://avatars.slack-edge.com/2018-11-30/493552636231_caa7b448943f6c75be82_44.jpg",
    "image_68": "https://avatars.slack-edge.com/2018-11-30/493552636231_caa7b448943f6c75be82_68.jpg",
    "image_88": "https://avatars.slack-edge.com/2018-11-30/493552636231_caa7b448943f6c75be82_88.jpg",
    "image_original": "https://avatars.slack-edge.com/2018-11-30/493552636231_caa7b448943f6c75be82_original.jpg"
  },
  "teamId": "T029RQSE6"
}
[03/13/19, 09:50:43:807] info: Skipping request to provide hint content for channel for spellchecker
{
  "version": "V2"
}
[03/13/19, 09:50:44:275] info: Skipping request to provide hint content for channel for spellchecker
{
  "version": "V2"
}
[03/13/19, 09:50:44:702] info: Store: SELECT_CHANNEL C029RQSEE
[03/13/19, 09:50:44:705] info: Store: UPDATE_TEAM_LOCALE
{
  "locale": "en-US",
  "teamId": "T029RQSE6"
}
[03/13/19, 09:50:44:705] info: Store: UPDATE_SETTINGS
{
  "locale": "en-US"
}
[03/13/19, 09:50:44:706] info: Store: UPDATE_TEAM_THEME
{
  "teamId": "T029RQSE6",
  "theme": {
    "active_item": "#1264A3",
    "active_item_text": "#FFFFFF",
    "active_presence": "#2BAC76",
    "badge": "#CD2553",
    "column_bg": "#3F0E40",
    "hover_item": "#350D36",
    "menu_bg": "#350d36",
    "text_color": "#FFFFFF"
  }
}
[03/13/19, 09:50:44:728] info: Store: SELECT_CHANNEL DGY439JNB
[03/13/19, 09:50:44:730] info: Store: UPSERT_WEB_CONTENTS
{
  "id": 4,
  "state": "webapp-loaded",
  "teamId": "T029RQSE6"
}
[03/13/19, 09:50:44:738] info: Store: UPDATE_SETTINGS
{
  "sandboxSigninWindow": true
}
[03/13/19, 09:50:44:822] info: Store: STORE_ENTERPRISE_ID_PAIR
{
  "enterpriseId": null,
  "teamId": "T029RQSE6"
}
[03/13/19, 09:50:44:828] info: Store: STORE_API_TOKEN
{
  "teamId": "T029RQSE6",
  "token": "xoxs-⋯"
}
[03/13/19, 09:50:45:187] info: postLoadTaskSetup: Setup spellchecker
{
  "version": "V2"
}
[03/13/19, 09:50:45:217] info: loadAsmModule: loading hunspell-asm module
[03/13/19, 09:50:45:810] info: loadAsmModule: asm module loaded successfully
[03/13/19, 09:50:45:810] info: SpellChecker: Starting spellchecker with language detector
[03/13/19, 09:50:45:810] info: SpellChecker::enableSpellCheckerLanguageDetector: enable spellchecker language detector
[03/13/19, 09:50:45:810] info: SpellChecker::startWithDictionary: Starting language detector with English by default
[03/13/19, 09:50:45:812] info: SpellChecker::spellgetLanguageRegionCode: found region supported language
{
  "code": "en"
}
[03/13/19, 09:50:45:813] info: SpellChecker::getLanguageRegionCode: return language code with region
{
  "code": "en-gb"
}
[03/13/19, 09:50:45:814] info: download: downloading dictionary for 'en-gb'
[03/13/19, 09:50:45:814] info: fetchResourceAsBuffer: downloading
{
  "filePath": "https://spellcheck.slack-edge.com/dictionaries/en-gb/1/en-gb.aff",
  "cachePolicy": "default"
}
[03/13/19, 09:50:46:259] info: fetchResourceAsBuffer: downloading
{
  "filePath": "https://spellcheck.slack-edge.com/dictionaries/en-gb/1/en-gb.dic",
  "cachePolicy": "default"
}
[03/13/19, 09:50:47:117] info: dictionaryDownloader: verifying hash
[03/13/19, 09:50:47:154] info: SpellChecker::downloadDictionary: Dictionary is ready for 
{
  "language": "en"
}
[03/13/19, 09:50:47:248] info: assignSpellchecker: spellCheckerTable added new checker for 'en'
[03/13/19, 09:50:47:250] info: SpellChecker::prepareDictionary: Dictionary buffer for 'en' is loaded into spellchecker
[03/13/19, 09:50:47:250] info: switchDictionary: switching dictionary to check spell from 'null' to 'en'
[03/13/19, 09:50:47:253] info: SpellChecker::switchDictionary: SpellChecker enabled for language
{
  "language": "en"
}
[03/13/19, 09:51:15:005] info: Skipping request to provide hint content for channel for spellchecker
{
  "version": "V2"
}
[03/13/19, 09:51:15:140] info: Store: SELECT_CHANNEL DGYEUP7AA
[03/13/19, 09:51:15:242] error: Mar-13 09:51:15.241 (T029RQSE6) Error in messageDeleted: no deleted_ts
[03/13/19, 10:08:07:857] info: Skipping request to provide hint content for channel for spellchecker
{
  "version": "V2"
}
[03/13/19, 10:08:07:936] info: Store: SELECT_CHANNEL C029RQSEE
[03/13/19, 10:08:08:385] error: Mar-13 10:08:08.384 (T029RQSE6) Error in messageDeleted: no deleted_ts
[03/13/19, 10:08:38:260] info: Skipping request to provide hint content for channel for spellchecker
{
  "version": "V2"
}
[03/13/19, 10:08:38:354] info: Store: SELECT_CHANNEL C08786VLJ
[03/13/19, 10:09:02:638] info: Store: SAVE_WINDOW_SETTINGS
{
  "isMaximized": false,
  "position": [
    2,
    18
  ],
  "size": [
    1196,
    931
  ]
}
[03/13/19, 10:09:03:840] info: Store: SAVE_WINDOW_SETTINGS
{
  "isMaximized": false,
  "position": [
    2,
    969
  ],
  "size": [
    1196,
    930
  ]
}
[03/13/19, 10:09:05:706] info: Store: SAVE_WINDOW_SETTINGS
{
  "isMaximized": false,
  "position": [
    2,
    18
  ],
  "size": [
    1196,
    1881
  ]
}
[03/13/19, 10:11:04:983] info: Skipping request to provide hint content for channel for spellchecker
{
  "version": "V2"
}
[03/13/19, 10:11:05:081] info: Store: SELECT_CHANNEL CF86TJ1NW
[03/13/19, 10:18:07:780] info: Store: SAVE_WINDOW_SETTINGS
{
  "isMaximized": false,
  "position": [
    2,
    18
  ],
  "size": [
    1196,
    1881
  ]
}
[03/13/19, 10:18:10:470] info: Store: SAVE_WINDOW_SETTINGS
{
  "isMaximized": false,
  "position": [
    2,
    18
  ],
  "size": [
    1196,
    1881
  ]
}
[03/13/19, 10:20:54:288] info: Store: SAVE_WINDOW_SETTINGS
{
  "isMaximized": false,
  "position": [
    2,
    18
  ],
  "size": [
    1196,
    1881
  ]
}
[03/13/19, 10:21:01:900] info: Skipping request to provide hint content for channel for spellchecker
{
  "version": "V2"
}
[03/13/19, 10:21:02:355] info: Store: SELECT_CHANNEL C029RQSEE
[03/13/19, 10:21:31:912] info: Store: SAVE_WINDOW_SETTINGS
{
  "isMaximized": false,
  "position": [
    2,
    18
  ],
  "size": [
    1196,
    1881
  ]
}
[03/13/19, 10:24:27:700] info: Store: SAVE_WINDOW_SETTINGS
{
  "isMaximized": false,
  "position": [
    2,
    18
  ],
  "size": [
    1196,
    1881
  ]
}
[03/13/19, 10:24:32:967] info: Store: SAVE_WINDOW_SETTINGS
{
  "isMaximized": false,
  "position": [
    2,
    18
  ],
  "size": [
    1196,
    1881
  ]
}
[03/13/19, 10:24:48:426] info: Store: SAVE_WINDOW_SETTINGS
{
  "isMaximized": false,
  "position": [
    2,
    18
  ],
  "size": [
    1196,
    1881
  ]
}
[03/13/19, 10:29:14:988] info: Store: FOREGROUND_APP
[03/13/19, 10:29:16:006] info: Store: SAVE_WINDOW_SETTINGS
{
  "isMaximized": false,
  "position": [
    2,
    18
  ],
  "size": [
    1196,
    1881
  ]
}
[03/13/19, 10:29:18:598] info: Store: SAVE_WINDOW_SETTINGS
{
  "isMaximized": false,
  "position": [
    1202,
    18
  ],
  "size": [
    2556,
    691
  ]
}
[03/13/19, 10:29:21:297] info: Store: SAVE_WINDOW_SETTINGS
{
  "isMaximized": false,
  "position": [
    1202,
    492
  ],
  "size": [
    2556,
    454
  ]
}
[03/13/19, 10:29:25:751] info: Store: SAVE_WINDOW_SETTINGS
{
  "isMaximized": false,
  "position": [
    1202,
    18
  ],
  "size": [
    2556,
    691
  ]
}
[03/13/19, 10:29:30:978] info: Store: SAVE_WINDOW_SETTINGS
{
  "isMaximized": false,
  "position": [
    1202,
    18
  ],
  "size": [
    1276,
    1401
  ]
}
[03/13/19, 10:29:51:791] info: Store: UPDATE_SETTINGS
{
  "hasRunFromTray": true
}
[03/13/19, 10:29:51:792] info: Store: SHOW_TRAY_BALLOON
{
  "content": "Slack’s set to stay running in the notification area. To change this, visit Preferences > Linux App.",
  "title": "Why didn’t Slack quit?"
}
[03/13/19, 10:30:10:406] info: Store: FOREGROUND_APP
[03/13/19, 10:30:11:416] info: Store: SAVE_WINDOW_SETTINGS
{
  "isMaximized": false,
  "position": [
    1202,
    765
  ],
  "size": [
    2556,
    654
  ]
}
[03/13/19, 10:30:12:801] info: Store: SAVE_WINDOW_SETTINGS
{
  "isMaximized": false,
  "position": [
    2482,
    90
  ],
  "size": [
    1276,
    1329
  ]
}
[03/13/19, 10:30:15:092] info: Store: SAVE_WINDOW_SETTINGS
{
  "isMaximized": false,
  "position": [
    2482,
    90
  ],
  "size": [
    1276,
    1329
  ]
}
[03/13/19, 10:30:21:310] info: Skipping request to provide hint content for channel for spellchecker
{
  "version": "V2"
}
[03/13/19, 10:30:21:505] info: Store: SELECT_CHANNEL C08786VLJ
[03/13/19, 10:30:30:531] info: Store: SAVE_WINDOW_SETTINGS
{
  "isMaximized": false,
  "position": [
    2909,
    90
  ],
  "size": [
    849,
    1329
  ]
}
[03/13/19, 10:30:34:478] info: Store: SAVE_WINDOW_SETTINGS
{
  "isMaximized": false,
  "position": [
    2909,
    90
  ],
  "size": [
    849,
    1329
  ]
}
[03/13/19, 10:32:44:159] info: Skipping request to provide hint content for channel for spellchecker
{
  "version": "V2"
}
[03/13/19, 10:32:44:278] info: Store: SELECT_CHANNEL DGYEUP7AA
[03/13/19, 10:35:39:701] info: Skipping request to provide hint content for channel for spellchecker
{
  "version": "V2"
}
[03/13/19, 10:35:39:875] info: Store: SELECT_CHANNEL C08786VLJ
[03/13/19, 10:42:06:183] info: Store: SAVE_WINDOW_SETTINGS
{
  "isMaximized": false,
  "position": [
    2909,
    90
  ],
  "size": [
    849,
    1329
  ]
}
[03/13/19, 10:46:00:092] info: Store: SAVE_WINDOW_SETTINGS
{
  "isMaximized": false,
  "position": [
    2909,
    90
  ],
  "size": [
    849,
    1329
  ]
}
[03/13/19, 10:57:25:649] info: Store: SAVE_WINDOW_SETTINGS
{
  "isMaximized": false,
  "position": [
    2909,
    90
  ],
  "size": [
    849,
    1329
  ]
}
[03/13/19, 10:57:35:327] info: Store: SAVE_WINDOW_SETTINGS
{
  "isMaximized": false,
  "position": [
    2909,
    90
  ],
  "size": [
    849,
    1329
  ]
}
[03/13/19, 11:48:11:609] info: Store: SAVE_WINDOW_SETTINGS
{
  "isMaximized": false,
  "position": [
    2909,
    90
  ],
  "size": [
    849,
    1329
  ]
}
[03/13/19, 11:52:24:091] info: Store: SAVE_WINDOW_SETTINGS
{
  "isMaximized": false,
  "position": [
    2482,
    90
  ],
  "size": [
    1276,
    1329
  ]
}
[03/13/19, 11:52:27:176] info: Store: SAVE_WINDOW_SETTINGS
{
  "isMaximized": false,
  "position": [
    3122,
    72
  ],
  "size": [
    636,
    1347
  ]
}
[03/13/19, 11:52:29:964] info: Store: SAVE_WINDOW_SETTINGS
{
  "isMaximized": false,
  "position": [
    2482,
    72
  ],
  "size": [
    636,
    1347
  ]
}
[03/13/19, 13:28:08:900] info: Store: SAVE_WINDOW_SETTINGS
{
  "isMaximized": false,
  "position": [
    2482,
    72
  ],
  "size": [
    1276,
    1347
  ]
}
[03/13/19, 13:28:12:023] info: Store: SAVE_WINDOW_SETTINGS
{
  "isMaximized": false,
  "position": [
    2482,
    72
  ],
  "size": [
    1276,
    1347
  ]
}
[03/13/19, 13:30:19:922] info: Skipping request to provide hint content for channel for spellchecker
{
  "version": "V2"
}
[03/13/19, 13:30:20:145] info: Store: SELECT_CHANNEL C029RQSEE
[03/13/19, 13:30:37:179] info: Skipping request to provide hint content for channel for spellchecker
{
  "version": "V2"
}
[03/13/19, 13:30:37:344] info: Store: SELECT_CHANNEL C08786VLJ
[03/13/19, 13:30:38:954] info: Store: OPEN_CONTEXT_MENU
{
  "id": 4
}
[03/13/19, 13:30:40:238] info: Store: OPEN_CONTEXT_MENU
{
  "id": 4
}
[03/13/19, 13:30:45:873] info: Store: SAVE_WINDOW_SETTINGS
{
  "isMaximized": false,
  "position": [
    2482,
    72
  ],
  "size": [
    1276,
    1347
  ]
}
[03/13/19, 13:30:46:592] info: Store: OPEN_CONTEXT_MENU
{
  "id": 4
}
[03/13/19, 13:30:49:799] info: Skipping request to provide hint content for channel for spellchecker
{
  "version": "V2"
}
[03/13/19, 13:30:50:084] info: Store: SELECT_CHANNEL C029RQSEE
[03/13/19, 13:31:37:976] info: Skipping request to provide hint content for channel for spellchecker
{
  "version": "V2"
}
[03/13/19, 13:31:38:060] info: Store: SELECT_CHANNEL C029WKFFW
[03/13/19, 13:31:50:315] info: Skipping request to provide hint content for channel for spellchecker
{
  "version": "V2"
}
[03/13/19, 13:31:50:598] info: Store: SELECT_CHANNEL C029RQSEE
[03/13/19, 13:35:16:886] info: Skipping request to provide hint content for channel for spellchecker
{
  "version": "V2"
}
[03/13/19, 13:35:17:001] info: Store: SELECT_CHANNEL C1N9ZK1A6
[03/13/19, 13:35:25:939] info: Skipping request to provide hint content for channel for spellchecker
{
  "version": "V2"
}
[03/13/19, 13:35:26:027] info: Store: SELECT_CHANNEL C7VM3DXJR
[03/13/19, 13:35:32:962] info: Skipping request to provide hint content for channel for spellchecker
{
  "version": "V2"
}
[03/13/19, 13:35:33:236] info: Store: SELECT_CHANNEL C029RQSEE
[03/13/19, 13:38:58:946] info: Store: SAVE_WINDOW_SETTINGS
{
  "isMaximized": false,
  "position": [
    2482,
    72
  ],
  "size": [
    1276,
    1347
  ]
}
[03/13/19, 13:39:01:185] info: Store: SAVE_WINDOW_SETTINGS
{
  "isMaximized": false,
  "position": [
    2482,
    72
  ],
  "size": [
    1276,
    1347
  ]
}
[03/13/19, 13:39:02:551] info: Store: SAVE_WINDOW_SETTINGS
{
  "isMaximized": false,
  "position": [
    2482,
    72
  ],
  "size": [
    1276,
    1347
  ]
}
[03/13/19, 13:46:45:776] info: Store: SAVE_WINDOW_SETTINGS
{
  "isMaximized": false,
  "position": [
    2482,
    72
  ],
  "size": [
    1276,
    1347
  ]
}
[03/13/19, 13:47:02:413] info: Skipping request to provide hint content for channel for spellchecker
{
  "version": "V2"
}
[03/13/19, 13:47:02:592] info: Store: SELECT_CHANNEL C08786VLJ
[03/13/19, 13:47:04:188] info: Skipping request to provide hint content for channel for spellchecker
{
  "version": "V2"
}
[03/13/19, 13:47:04:429] info: Store: SELECT_CHANNEL C029RQSEE
[03/13/19, 13:54:32:405] info: Skipping request to provide hint content for channel for spellchecker
{
  "version": "V2"
}
[03/13/19, 13:54:32:839] info: Store: SELECT_CHANNEL C029WKFFW
[03/13/19, 14:15:41:618] info: Store: NEW_NOTIFICATION
{
  "channel": "C029RQSEE",
  "id": "BPAKsVhjl2BBnLp",
  "launchUri": "slack://channel?id=C029RQSEE&message=1552482941.215600&team=T029RQSE6",
  "silent": true,
  "teamId": "T029RQSE6"
}
[03/13/19, 21:59:02:595] error: Mar-13 21:59:02.595 SOCKET-MANAGER (T029RQSE6) Closing socket because #4104: received goodbye from server
[03/13/19, 23:34:10:954] info: Store: UPSERT_WEB_CONTENTS
{
  "id": 4,
  "state": "page-will-navigate",
  "teamId": "T029RQSE6"
}
[03/13/19, 23:34:11:013] info: Window is unloading, window.desktop is no longer accessible
[03/13/19, 23:34:11:705] info: Store: UPDATE_SESSION_STATUS
{
  "hasValidSession": true,
  "teamId": "T029RQSE6"
}
[03/13/19, 23:34:12:025] info: ╔═════════════════════════════════════════════════════════════════════════════════╗
[03/13/19, 23:34:12:027] info: ║      Slack 3.3.7, linux 4.4.0-116-generic on x64 at 03/13/19, 23:34:12:024      ║
[03/13/19, 23:34:12:027] info: ╚═════════════════════════════════════════════════════════════════════════════════╝
[03/13/19, 23:34:12:126] info: Initializing local storage instance at path: /home/gbravoma/.config/Slack/local-settings.json
[03/13/19, 23:34:12:287] info: Read UUID from file successful
{
  "uuid": "6329aa9c-0a6f-5b45-aa5b-8c98c17f9b39"
}
[03/13/19, 23:34:12:508] info: cld3::loadModule: loading cld3 module
[03/13/19, 23:34:12:521] info: cld3Loader::loadModule: running environment is NODE
[03/13/19, 23:34:12:521] info: cld3Loader::loadModule: constructed module object for runtime
[03/13/19, 23:34:12:550] info: SpellChecker:: updateSpellcheckerLanguage: Skip to set new language null, v2 spellchecker is not available
[03/13/19, 23:34:12:563] info: Main window preload script finished
{
  "readyTime": 800.47267
}
[03/13/19, 23:34:13:546] info: cld3Loader::initializeRuntime: successfully initialized module
[03/13/19, 23:34:13:547] info: cld3Loader::loadModule: initialized wasm binary Runtime
[03/13/19, 23:34:14:917] info: Store: UPSERT_WEB_CONTENTS
{
  "id": 4,
  "state": "loaded",
  "teamId": "T029RQSE6"
}
[03/13/19, 23:34:15:701] info: Store: UPDATE_SESSION_STATUS
{
  "hasValidSession": true,
  "teamId": "T029RQSE6"
}
[03/13/19, 23:34:16:533] info: Skipping request to provide hint content for channel for spellchecker
{
  "version": "V2"
}
[03/13/19, 23:34:16:788] info: postLoadTaskSetup: Desktop client fully loaded
{
  "loadedTime": 49519711.947865
}
[03/13/19, 23:34:16:848] info: Store: UPDATE_TEAM_ICONS
{
  "icons": {
    "image_102": "https://avatars.slack-edge.com/2018-11-30/493552636231_caa7b448943f6c75be82_102.jpg",
    "image_132": "https://avatars.slack-edge.com/2018-11-30/493552636231_caa7b448943f6c75be82_132.jpg",
    "image_230": "https://avatars.slack-edge.com/2018-11-30/493552636231_caa7b448943f6c75be82_230.jpg",
    "image_34": "https://avatars.slack-edge.com/2018-11-30/493552636231_caa7b448943f6c75be82_34.jpg",
    "image_44": "https://avatars.slack-edge.com/2018-11-30/493552636231_caa7b448943f6c75be82_44.jpg",
    "image_68": "https://avatars.slack-edge.com/2018-11-30/493552636231_caa7b448943f6c75be82_68.jpg",
    "image_88": "https://avatars.slack-edge.com/2018-11-30/493552636231_caa7b448943f6c75be82_88.jpg",
    "image_original": "https://avatars.slack-edge.com/2018-11-30/493552636231_caa7b448943f6c75be82_original.jpg"
  },
  "teamId": "T029RQSE6"
}
[03/13/19, 23:34:16:849] info: Store: SELECT_CHANNEL C029WKFFW
[03/13/19, 23:34:16:849] info: Store: UPDATE_TEAM_LOCALE
{
  "locale": "en-US",
  "teamId": "T029RQSE6"
}
[03/13/19, 23:34:16:850] info: Store: UPDATE_TEAM_THEME
{
  "teamId": "T029RQSE6",
  "theme": {
    "active_item": "#1264A3",
    "active_item_text": "#FFFFFF",
    "active_presence": "#2BAC76",
    "badge": "#CD2553",
    "column_bg": "#3F0E40",
    "hover_item": "#350D36",
    "menu_bg": "#350d36",
    "text_color": "#FFFFFF"
  }
}
[03/13/19, 23:34:16:851] info: Store: UPSERT_WEB_CONTENTS
{
  "id": 4,
  "state": "webapp-loaded",
  "teamId": "T029RQSE6"
}
[03/13/19, 23:34:16:852] info: Store: UPDATE_SETTINGS
{
  "sandboxSigninWindow": true
}
[03/13/19, 23:34:16:876] info: Store: STORE_ENTERPRISE_ID_PAIR
{
  "enterpriseId": null,
  "teamId": "T029RQSE6"
}
[03/13/19, 23:34:16:879] info: postLoadTaskSetup: Setup spellchecker
{
  "version": "V2"
}
[03/13/19, 23:34:16:888] info: loadAsmModule: loading hunspell-asm module
[03/13/19, 23:34:17:353] info: loadAsmModule: asm module loaded successfully
[03/13/19, 23:34:17:354] info: SpellChecker: Starting spellchecker with language detector
[03/13/19, 23:34:17:354] info: SpellChecker::enableSpellCheckerLanguageDetector: enable spellchecker language detector
[03/13/19, 23:34:17:354] info: SpellChecker::startWithDictionary: Starting language detector with preloaded dict from last used language en
[03/13/19, 23:34:17:356] info: SpellChecker::spellgetLanguageRegionCode: found region supported language
{
  "code": "en"
}
[03/13/19, 23:34:17:356] info: SpellChecker::getLanguageRegionCode: return language code with region
{
  "code": "en-gb"
}
[03/13/19, 23:34:17:356] info: download: downloading dictionary for 'en-gb'
[03/13/19, 23:34:17:356] info: fetchResourceAsBuffer: downloading
{
  "filePath": "https://spellcheck.slack-edge.com/dictionaries/en-gb/1/en-gb.aff",
  "cachePolicy": "default"
}
[03/13/19, 23:34:17:359] info: fetchResourceAsBuffer: downloading
{
  "filePath": "https://spellcheck.slack-edge.com/dictionaries/en-gb/1/en-gb.dic",
  "cachePolicy": "default"
}
[03/13/19, 23:34:17:365] info: dictionaryDownloader: verifying hash
[03/13/19, 23:34:17:398] info: SpellChecker::downloadDictionary: Dictionary is ready for 
{
  "language": "en"
}
[03/13/19, 23:34:17:460] info: assignSpellchecker: spellCheckerTable added new checker for 'en'
[03/13/19, 23:34:17:461] info: SpellChecker::prepareDictionary: Dictionary buffer for 'en' is loaded into spellchecker
[03/13/19, 23:34:17:463] info: switchDictionary: switching dictionary to check spell from 'null' to 'en'
[03/13/19, 23:34:17:463] info: SpellChecker::switchDictionary: SpellChecker enabled for language
{
  "language": "en"
}
[03/14/19, 11:37:36:597] error: Mar-14 11:37:36.596 SOCKET-MANAGER (T029RQSE6) Closing socket because #4104: received goodbye from server
[03/14/19, 23:38:58:595] error: Mar-14 23:38:58.595 SOCKET-MANAGER (T029RQSE6) Closing socket because #4104: received goodbye from server
[03/15/19, 00:07:33:493] error: Mar-15 00:07:33.493 SOCKET-MANAGER (T029RQSE6) Closing socket because #4104: received goodbye from server
[03/15/19, 00:08:47:240] error: Mar-15 00:08:47.239 SOCKET-MANAGER (T029RQSE6) Closing socket because #4104: received goodbye from server
[03/15/19, 12:11:38:595] error: Mar-15 12:11:38.595 SOCKET-MANAGER (T029RQSE6) Closing socket because #4104: received goodbye from server
[03/16/19, 00:13:50:595] error: Mar-16 00:13:50.595 SOCKET-MANAGER (T029RQSE6) Closing socket because #4104: received goodbye from server
[03/16/19, 12:23:42:594] error: Mar-16 12:23:42.594 SOCKET-MANAGER (T029RQSE6) Closing socket because #4104: received goodbye from server
[03/17/19, 00:27:04:595] error: Mar-17 00:27:04.594 SOCKET-MANAGER (T029RQSE6) Closing socket because #4104: received goodbye from server
[03/17/19, 12:33:36:595] error: Mar-17 12:33:36.594 SOCKET-MANAGER (T029RQSE6) Closing socket because #4104: received goodbye from server
[03/18/19, 00:36:48:595] error: Mar-18 00:36:48.594 SOCKET-MANAGER (T029RQSE6) Closing socket because #4104: received goodbye from server
[03/18/19, 12:38:50:596] error: Mar-18 12:38:50.595 SOCKET-MANAGER (T029RQSE6) Closing socket because #4104: received goodbye from server
[03/19/19, 00:42:23:594] error: Mar-19 00:42:23.594 SOCKET-MANAGER (T029RQSE6) Closing socket because #4104: received goodbye from server
[03/19/19, 12:48:35:595] error: Mar-19 12:48:35.594 SOCKET-MANAGER (T029RQSE6) Closing socket because #4104: received goodbye from server
[03/20/19, 00:56:17:616] error: Mar-20 00:56:17.616 SOCKET-MANAGER (T029RQSE6) Closing socket because #4104: received goodbye from server
[03/20/19, 12:59:59:597] error: Mar-20 12:59:59.596 SOCKET-MANAGER (T029RQSE6) Closing socket because #4104: received goodbye from server
[03/21/19, 00:28:40:970] info: Store: UPSERT_WEB_CONTENTS
{
  "id": 4,
  "state": "page-will-navigate",
  "teamId": "T029RQSE6"
}
[03/21/19, 00:28:41:043] info: Window is unloading, window.desktop is no longer accessible
[03/21/19, 00:28:41:733] info: Store: UPDATE_SESSION_STATUS
{
  "hasValidSession": true,
  "teamId": "T029RQSE6"
}
[03/21/19, 00:28:42:014] info: ╔═════════════════════════════════════════════════════════════════════════════════╗
[03/21/19, 00:28:42:015] info: ║      Slack 3.3.7, linux 4.4.0-116-generic on x64 at 03/21/19, 00:28:42:012      ║
[03/21/19, 00:28:42:015] info: ╚═════════════════════════════════════════════════════════════════════════════════╝
[03/21/19, 00:28:42:112] info: Initializing local storage instance at path: /home/gbravoma/.config/Slack/local-settings.json
[03/21/19, 00:28:42:291] info: Read UUID from file successful
{
  "uuid": "6329aa9c-0a6f-5b45-aa5b-8c98c17f9b39"
}
[03/21/19, 00:28:42:515] info: cld3::loadModule: loading cld3 module
[03/21/19, 00:28:42:527] info: cld3Loader::loadModule: running environment is NODE
[03/21/19, 00:28:42:527] info: cld3Loader::loadModule: constructed module object for runtime
[03/21/19, 00:28:42:558] info: SpellChecker:: updateSpellcheckerLanguage: Skip to set new language null, v2 spellchecker is not available
[03/21/19, 00:28:42:572] info: Main window preload script finished
{
  "readyTime": 814.116212
}
[03/21/19, 00:28:42:878] info: cld3Loader::initializeRuntime: successfully initialized module
[03/21/19, 00:28:42:878] info: cld3Loader::loadModule: initialized wasm binary Runtime
[03/21/19, 00:28:44:912] info: Store: UPSERT_WEB_CONTENTS
{
  "id": 4,
  "state": "loaded",
  "teamId": "T029RQSE6"
}
[03/21/19, 00:28:45:711] info: Store: UPDATE_SESSION_STATUS
{
  "hasValidSession": true,
  "teamId": "T029RQSE6"
}
[03/21/19, 00:28:47:006] info: Skipping request to provide hint content for channel for spellchecker
{
  "version": "V2"
}
[03/21/19, 00:28:47:258] info: postLoadTaskSetup: Desktop client fully loaded
{
  "loadedTime": 657590181.843415
}
[03/21/19, 00:28:47:305] info: Store: UPDATE_TEAM_ICONS
{
  "icons": {
    "image_102": "https://avatars.slack-edge.com/2018-11-30/493552636231_caa7b448943f6c75be82_102.jpg",
    "image_132": "https://avatars.slack-edge.com/2018-11-30/493552636231_caa7b448943f6c75be82_132.jpg",
    "image_230": "https://avatars.slack-edge.com/2018-11-30/493552636231_caa7b448943f6c75be82_230.jpg",
    "image_34": "https://avatars.slack-edge.com/2018-11-30/493552636231_caa7b448943f6c75be82_34.jpg",
    "image_44": "https://avatars.slack-edge.com/2018-11-30/493552636231_caa7b448943f6c75be82_44.jpg",
    "image_68": "https://avatars.slack-edge.com/2018-11-30/493552636231_caa7b448943f6c75be82_68.jpg",
    "image_88": "https://avatars.slack-edge.com/2018-11-30/493552636231_caa7b448943f6c75be82_88.jpg",
    "image_original": "https://avatars.slack-edge.com/2018-11-30/493552636231_caa7b448943f6c75be82_original.jpg"
  },
  "teamId": "T029RQSE6"
}
[03/21/19, 00:28:47:306] info: Store: SELECT_CHANNEL C029WKFFW
[03/21/19, 00:28:47:307] info: Store: UPDATE_TEAM_LOCALE
{
  "locale": "en-US",
  "teamId": "T029RQSE6"
}
[03/21/19, 00:28:47:309] info: Store: UPDATE_TEAM_THEME
{
  "teamId": "T029RQSE6",
  "theme": {
    "active_item": "#1264A3",
    "active_item_text": "#FFFFFF",
    "active_presence": "#2BAC76",
    "badge": "#CD2553",
    "column_bg": "#3F0E40",
    "hover_item": "#350D36",
    "menu_bg": "#350d36",
    "text_color": "#FFFFFF"
  }
}
[03/21/19, 00:28:47:310] info: Store: UPSERT_WEB_CONTENTS
{
  "id": 4,
  "state": "webapp-loaded",
  "teamId": "T029RQSE6"
}
[03/21/19, 00:28:47:312] info: Store: UPDATE_SETTINGS
{
  "sandboxSigninWindow": true
}
[03/21/19, 00:28:47:347] info: postLoadTaskSetup: Setup spellchecker
{
  "version": "V2"
}
[03/21/19, 00:28:47:358] info: loadAsmModule: loading hunspell-asm module
[03/21/19, 00:28:47:455] info: Store: STORE_ENTERPRISE_ID_PAIR
{
  "enterpriseId": null,
  "teamId": "T029RQSE6"
}
[03/21/19, 00:28:47:820] info: loadAsmModule: asm module loaded successfully
[03/21/19, 00:28:47:820] info: SpellChecker: Starting spellchecker with language detector
[03/21/19, 00:28:47:820] info: SpellChecker::enableSpellCheckerLanguageDetector: enable spellchecker language detector
[03/21/19, 00:28:47:820] info: SpellChecker::startWithDictionary: Starting language detector with preloaded dict from last used language en
[03/21/19, 00:28:47:822] info: SpellChecker::spellgetLanguageRegionCode: found region supported language
{
  "code": "en"
}
[03/21/19, 00:28:47:822] info: SpellChecker::getLanguageRegionCode: return language code with region
{
  "code": "en-gb"
}
[03/21/19, 00:28:47:823] info: download: downloading dictionary for 'en-gb'
[03/21/19, 00:28:47:823] info: fetchResourceAsBuffer: downloading
{
  "filePath": "https://spellcheck.slack-edge.com/dictionaries/en-gb/1/en-gb.aff",
  "cachePolicy": "default"
}
[03/21/19, 00:28:47:826] info: fetchResourceAsBuffer: downloading
{
  "filePath": "https://spellcheck.slack-edge.com/dictionaries/en-gb/1/en-gb.dic",
  "cachePolicy": "default"
}
[03/21/19, 00:28:47:832] info: dictionaryDownloader: verifying hash
[03/21/19, 00:28:47:858] info: SpellChecker::downloadDictionary: Dictionary is ready for 
{
  "language": "en"
}
[03/21/19, 00:28:47:908] info: assignSpellchecker: spellCheckerTable added new checker for 'en'
[03/21/19, 00:28:47:909] info: SpellChecker::prepareDictionary: Dictionary buffer for 'en' is loaded into spellchecker
[03/21/19, 00:28:47:910] info: switchDictionary: switching dictionary to check spell from 'null' to 'en'
[03/21/19, 00:28:47:911] info: SpellChecker::switchDictionary: SpellChecker enabled for language
{
  "language": "en"
}
[03/21/19, 12:32:16:597] error: Mar-21 12:32:16.597 SOCKET-MANAGER (T029RQSE6) Closing socket because #4104: received goodbye from server
[03/22/19, 00:36:58:595] error: Mar-22 00:36:58.595 SOCKET-MANAGER (T029RQSE6) Closing socket because #4104: received goodbye from server
[03/22/19, 01:04:28:599] info: Store: UPSERT_WEB_CONTENTS
{
  "id": 4,
  "state": "page-will-navigate",
  "teamId": "T029RQSE6"
}
[03/22/19, 01:04:28:657] info: Window is unloading, window.desktop is no longer accessible
[03/22/19, 01:04:29:748] info: Store: UPDATE_SESSION_STATUS
{
  "hasValidSession": true,
  "teamId": "T029RQSE6"
}
[03/22/19, 01:04:29:431] info: ╔═════════════════════════════════════════════════════════════════════════════════╗
[03/22/19, 01:04:29:431] info: ║      Slack 3.3.7, linux 4.4.0-116-generic on x64 at 03/22/19, 01:04:29:429      ║
[03/22/19, 01:04:29:431] info: ╚═════════════════════════════════════════════════════════════════════════════════╝
[03/22/19, 01:04:29:529] info: Initializing local storage instance at path: /home/gbravoma/.config/Slack/local-settings.json
[03/22/19, 01:04:29:704] info: Read UUID from file successful
{
  "uuid": "6329aa9c-0a6f-5b45-aa5b-8c98c17f9b39"
}
[03/22/19, 01:04:29:999] info: cld3::loadModule: loading cld3 module
[03/22/19, 01:04:30:015] info: cld3Loader::loadModule: running environment is NODE
[03/22/19, 01:04:30:015] info: cld3Loader::loadModule: constructed module object for runtime
[03/22/19, 01:04:30:046] info: SpellChecker:: updateSpellcheckerLanguage: Skip to set new language null, v2 spellchecker is not available
[03/22/19, 01:04:30:060] info: Main window preload script finished
{
  "readyTime": 892.346725
}
[03/22/19, 01:04:31:089] info: cld3Loader::initializeRuntime: successfully initialized module
[03/22/19, 01:04:31:089] info: cld3Loader::loadModule: initialized wasm binary Runtime
[03/22/19, 01:04:32:501] info: Store: UPSERT_WEB_CONTENTS
{
  "id": 4,
  "state": "loaded",
  "teamId": "T029RQSE6"
}
[03/22/19, 01:04:34:101] info: Skipping request to provide hint content for channel for spellchecker
{
  "version": "V2"
}
[03/22/19, 01:04:34:370] info: postLoadTaskSetup: Desktop client fully loaded
{
  "loadedTime": 746137294.406655
}
[03/22/19, 01:04:34:434] info: Store: UPDATE_SESSION_STATUS
{
  "hasValidSession": true,
  "teamId": "T029RQSE6"
}
[03/22/19, 01:04:34:441] info: Store: UPDATE_TEAM_ICONS
{
  "icons": {
    "image_102": "https://avatars.slack-edge.com/2018-11-30/493552636231_caa7b448943f6c75be82_102.jpg",
    "image_132": "https://avatars.slack-edge.com/2018-11-30/493552636231_caa7b448943f6c75be82_132.jpg",
    "image_230": "https://avatars.slack-edge.com/2018-11-30/493552636231_caa7b448943f6c75be82_230.jpg",
    "image_34": "https://avatars.slack-edge.com/2018-11-30/493552636231_caa7b448943f6c75be82_34.jpg",
    "image_44": "https://avatars.slack-edge.com/2018-11-30/493552636231_caa7b448943f6c75be82_44.jpg",
    "image_68": "https://avatars.slack-edge.com/2018-11-30/493552636231_caa7b448943f6c75be82_68.jpg",
    "image_88": "https://avatars.slack-edge.com/2018-11-30/493552636231_caa7b448943f6c75be82_88.jpg",
    "image_original": "https://avatars.slack-edge.com/2018-11-30/493552636231_caa7b448943f6c75be82_original.jpg"
  },
  "teamId": "T029RQSE6"
}
[03/22/19, 01:04:34:441] info: Store: SELECT_CHANNEL C029WKFFW
[03/22/19, 01:04:34:442] info: Store: UPDATE_TEAM_LOCALE
{
  "locale": "en-US",
  "teamId": "T029RQSE6"
}
[03/22/19, 01:04:34:443] info: Store: UPDATE_TEAM_THEME
{
  "teamId": "T029RQSE6",
  "theme": {
    "active_item": "#1264A3",
    "active_item_text": "#FFFFFF",
    "active_presence": "#2BAC76",
    "badge": "#CD2553",
    "column_bg": "#3F0E40",
    "hover_item": "#350D36",
    "menu_bg": "#350d36",
    "text_color": "#FFFFFF"
  }
}
[03/22/19, 01:04:34:456] info: Store: UPSERT_WEB_CONTENTS
{
  "id": 4,
  "state": "webapp-loaded",
  "teamId": "T029RQSE6"
}
[03/22/19, 01:04:34:459] info: Store: UPDATE_SETTINGS
{
  "sandboxSigninWindow": true
}
[03/22/19, 01:04:34:476] info: postLoadTaskSetup: Setup spellchecker
{
  "version": "V2"
}
[03/22/19, 01:04:34:487] info: loadAsmModule: loading hunspell-asm module
[03/22/19, 01:04:34:547] info: Store: STORE_ENTERPRISE_ID_PAIR
{
  "enterpriseId": null,
  "teamId": "T029RQSE6"
}
[03/22/19, 01:04:34:976] info: loadAsmModule: asm module loaded successfully
[03/22/19, 01:04:34:977] info: SpellChecker: Starting spellchecker with language detector
[03/22/19, 01:04:34:977] info: SpellChecker::enableSpellCheckerLanguageDetector: enable spellchecker language detector
[03/22/19, 01:04:34:977] info: SpellChecker::startWithDictionary: Starting language detector with preloaded dict from last used language en
[03/22/19, 01:04:34:979] info: SpellChecker::spellgetLanguageRegionCode: found region supported language
{
  "code": "en"
}
[03/22/19, 01:04:34:979] info: SpellChecker::getLanguageRegionCode: return language code with region
{
  "code": "en-gb"
}
[03/22/19, 01:04:34:979] info: download: downloading dictionary for 'en-gb'
[03/22/19, 01:04:34:980] info: fetchResourceAsBuffer: downloading
{
  "filePath": "https://spellcheck.slack-edge.com/dictionaries/en-gb/1/en-gb.aff",
  "cachePolicy": "default"
}
[03/22/19, 01:04:34:984] info: fetchResourceAsBuffer: downloading
{
  "filePath": "https://spellcheck.slack-edge.com/dictionaries/en-gb/1/en-gb.dic",
  "cachePolicy": "default"
}
[03/22/19, 01:04:34:990] info: dictionaryDownloader: verifying hash
[03/22/19, 01:04:35:013] info: SpellChecker::downloadDictionary: Dictionary is ready for 
{
  "language": "en"
}
[03/22/19, 01:04:35:062] info: assignSpellchecker: spellCheckerTable added new checker for 'en'
[03/22/19, 01:04:35:065] info: SpellChecker::prepareDictionary: Dictionary buffer for 'en' is loaded into spellchecker
[03/22/19, 01:04:35:065] info: switchDictionary: switching dictionary to check spell from 'null' to 'en'
[03/22/19, 01:04:35:066] info: SpellChecker::switchDictionary: SpellChecker enabled for language
{
  "language": "en"
}
[03/22/19, 13:10:13:607] error: Mar-22 13:10:13.606 SOCKET-MANAGER (T029RQSE6) Closing socket because #4104: received goodbye from server
[03/23/19, 01:15:35:595] error: Mar-23 01:15:35.595 SOCKET-MANAGER (T029RQSE6) Closing socket because #4104: received goodbye from server
[03/23/19, 01:22:26:725] error: Mar-23 01:22:26.725 SOCKET-MANAGER (T029RQSE6) Socket was closed because #1006: generic error
[03/23/19, 13:30:09:595] error: Mar-23 13:30:09.595 SOCKET-MANAGER (T029RQSE6) Closing socket because #4104: received goodbye from server
[03/24/19, 01:37:31:595] error: Mar-24 01:37:31.595 SOCKET-MANAGER (T029RQSE6) Closing socket because #4104: received goodbye from server
[03/24/19, 02:04:56:606] info: Store: UPSERT_WEB_CONTENTS
{
  "id": 4,
  "state": "page-will-navigate",
  "teamId": "T029RQSE6"
}
[03/24/19, 02:04:56:682] info: Window is unloading, window.desktop is no longer accessible
[03/24/19, 02:04:57:740] info: Store: UPDATE_SESSION_STATUS
{
  "hasValidSession": true,
  "teamId": "T029RQSE6"
}
[03/24/19, 02:04:57:677] info: ╔═════════════════════════════════════════════════════════════════════════════════╗
[03/24/19, 02:04:57:678] info: ║      Slack 3.3.7, linux 4.4.0-116-generic on x64 at 03/24/19, 02:04:57:676      ║
[03/24/19, 02:04:57:678] info: ╚═════════════════════════════════════════════════════════════════════════════════╝
[03/24/19, 02:04:57:782] info: Initializing local storage instance at path: /home/gbravoma/.config/Slack/local-settings.json
[03/24/19, 02:04:57:960] info: Read UUID from file successful
{
  "uuid": "6329aa9c-0a6f-5b45-aa5b-8c98c17f9b39"
}
[03/24/19, 02:04:58:219] info: cld3::loadModule: loading cld3 module
[03/24/19, 02:04:58:232] info: cld3Loader::loadModule: running environment is NODE
[03/24/19, 02:04:58:232] info: cld3Loader::loadModule: constructed module object for runtime
[03/24/19, 02:04:58:283] info: SpellChecker:: updateSpellcheckerLanguage: Skip to set new language null, v2 spellchecker is not available
[03/24/19, 02:04:58:298] info: Main window preload script finished
{
  "readyTime": 894.784091
}
[03/24/19, 02:04:59:016] info: cld3Loader::initializeRuntime: successfully initialized module
[03/24/19, 02:04:59:017] info: cld3Loader::loadModule: initialized wasm binary Runtime
[03/24/19, 02:05:00:441] info: Store: UPSERT_WEB_CONTENTS
{
  "id": 4,
  "state": "loaded",
  "teamId": "T029RQSE6"
}
[03/24/19, 02:05:00:705] info: Store: UPDATE_SESSION_STATUS
{
  "hasValidSession": true,
  "teamId": "T029RQSE6"
}
[03/24/19, 02:05:02:026] info: Skipping request to provide hint content for channel for spellchecker
{
  "version": "V2"
}
[03/24/19, 02:05:02:313] info: postLoadTaskSetup: Desktop client fully loaded
{
  "loadedTime": 922565237.662143
}
[03/24/19, 02:05:02:358] info: Store: UPDATE_TEAM_ICONS
{
  "icons": {
    "image_102": "https://avatars.slack-edge.com/2018-11-30/493552636231_caa7b448943f6c75be82_102.jpg",
    "image_132": "https://avatars.slack-edge.com/2018-11-30/493552636231_caa7b448943f6c75be82_132.jpg",
    "image_230": "https://avatars.slack-edge.com/2018-11-30/493552636231_caa7b448943f6c75be82_230.jpg",
    "image_34": "https://avatars.slack-edge.com/2018-11-30/493552636231_caa7b448943f6c75be82_34.jpg",
    "image_44": "https://avatars.slack-edge.com/2018-11-30/493552636231_caa7b448943f6c75be82_44.jpg",
    "image_68": "https://avatars.slack-edge.com/2018-11-30/493552636231_caa7b448943f6c75be82_68.jpg",
    "image_88": "https://avatars.slack-edge.com/2018-11-30/493552636231_caa7b448943f6c75be82_88.jpg",
    "image_original": "https://avatars.slack-edge.com/2018-11-30/493552636231_caa7b448943f6c75be82_original.jpg"
  },
  "teamId": "T029RQSE6"
}
[03/24/19, 02:05:02:360] info: Store: SELECT_CHANNEL C029WKFFW
[03/24/19, 02:05:02:360] info: Store: UPDATE_TEAM_LOCALE
{
  "locale": "en-US",
  "teamId": "T029RQSE6"
}
[03/24/19, 02:05:02:361] info: Store: UPDATE_TEAM_THEME
{
  "teamId": "T029RQSE6",
  "theme": {
    "active_item": "#1264A3",
    "active_item_text": "#FFFFFF",
    "active_presence": "#2BAC76",
    "badge": "#CD2553",
    "column_bg": "#3F0E40",
    "hover_item": "#350D36",
    "menu_bg": "#350d36",
    "text_color": "#FFFFFF"
  }
}
[03/24/19, 02:05:02:362] info: Store: UPSERT_WEB_CONTENTS
{
  "id": 4,
  "state": "webapp-loaded",
  "teamId": "T029RQSE6"
}
[03/24/19, 02:05:02:363] info: Store: UPDATE_SETTINGS
{
  "sandboxSigninWindow": true
}
[03/24/19, 02:05:02:390] info: postLoadTaskSetup: Setup spellchecker
{
  "version": "V2"
}
[03/24/19, 02:05:02:399] info: loadAsmModule: loading hunspell-asm module
[03/24/19, 02:05:02:500] info: Store: STORE_ENTERPRISE_ID_PAIR
{
  "enterpriseId": null,
  "teamId": "T029RQSE6"
}
[03/24/19, 02:05:02:869] info: loadAsmModule: asm module loaded successfully
[03/24/19, 02:05:02:870] info: SpellChecker: Starting spellchecker with language detector
[03/24/19, 02:05:02:870] info: SpellChecker::enableSpellCheckerLanguageDetector: enable spellchecker language detector
[03/24/19, 02:05:02:870] info: SpellChecker::startWithDictionary: Starting language detector with preloaded dict from last used language en
[03/24/19, 02:05:02:872] info: SpellChecker::spellgetLanguageRegionCode: found region supported language
{
  "code": "en"
}
[03/24/19, 02:05:02:872] info: SpellChecker::getLanguageRegionCode: return language code with region
{
  "code": "en-gb"
}
[03/24/19, 02:05:02:872] info: download: downloading dictionary for 'en-gb'
[03/24/19, 02:05:02:873] info: fetchResourceAsBuffer: downloading
{
  "filePath": "https://spellcheck.slack-edge.com/dictionaries/en-gb/1/en-gb.aff",
  "cachePolicy": "default"
}
[03/24/19, 02:05:02:877] info: fetchResourceAsBuffer: downloading
{
  "filePath": "https://spellcheck.slack-edge.com/dictionaries/en-gb/1/en-gb.dic",
  "cachePolicy": "default"
}
[03/24/19, 02:05:02:885] info: dictionaryDownloader: verifying hash
[03/24/19, 02:05:02:911] info: SpellChecker::downloadDictionary: Dictionary is ready for 
{
  "language": "en"
}
[03/24/19, 02:05:02:965] info: assignSpellchecker: spellCheckerTable added new checker for 'en'
[03/24/19, 02:05:02:966] info: SpellChecker::prepareDictionary: Dictionary buffer for 'en' is loaded into spellchecker
[03/24/19, 02:05:02:967] info: switchDictionary: switching dictionary to check spell from 'null' to 'en'
[03/24/19, 02:05:02:968] info: SpellChecker::switchDictionary: SpellChecker enabled for language
{
  "language": "en"
}
[03/24/19, 14:06:51:596] error: Mar-24 14:06:51.595 SOCKET-MANAGER (T029RQSE6) Closing socket because #4104: received goodbye from server
[03/25/19, 02:15:03:596] error: Mar-25 02:15:03.595 SOCKET-MANAGER (T029RQSE6) Closing socket because #4104: received goodbye from server
[03/25/19, 14:20:45:616] error: Mar-25 14:20:45.615 SOCKET-MANAGER (T029RQSE6) Closing socket because #4104: received goodbye from server
[03/25/19, 16:50:32:191] error: Mar-25 16:50:32.191 SOCKET-MANAGER (T029RQSE6) Socket was closed because #1006: generic error
[03/25/19, 17:05:43:605] error: Mar-25 17:05:43.605 SOCKET-MANAGER (T029RQSE6) Socket was closed because #1006: generic error
[03/26/19, 05:10:04:596] error: Mar-26 05:10:04.596 SOCKET-MANAGER (T029RQSE6) Closing socket because #4104: received goodbye from server
[03/26/19, 17:13:16:594] error: Mar-26 17:13:16.594 SOCKET-MANAGER (T029RQSE6) Closing socket because #4104: received goodbye from server
[03/27/19, 05:16:18:595] error: Mar-27 05:16:18.595 SOCKET-MANAGER (T029RQSE6) Closing socket because #4104: received goodbye from server
