Looking for git in: git
Using git 2.7.4 from git
> git rev-parse --show-toplevel
> git config --get commit.template
Open repository: /home/gbravoma/go/src/gitlab.cern.ch/compute-accounting/monit-accounting
> git rev-parse --show-toplevel
> git status -z -u
> git symbolic-ref --short HEAD
fatal: Not a git repository (or any of the parent directories): .git
> git rev-parse pandas_monit
> git rev-parse --symbolic-full-name pandas_monit@{u}
> git rev-list --left-right pandas_monit...refs/remotes/origin/pandas_monit
> git for-each-ref --format %(refname) %(objectname) --sort -committerdate
> git remote --verbose
> git check-ignore -z --stdin
> git show :main.go
> git check-ignore -z --stdin
> git check-ignore -z --stdin
> git show :controllers/readers/readers.go
> git ls-files --stage -- controllers/readers/
> git show :controllers/readers/s3_reader.go
> git show :controllers/readers/readers.go
> git ls-files --stage -- controllers/readers/
> git show :controllers/readers/s3_reader.go
> git show :main.go
> git status -z -u
> git symbolic-ref --short HEAD
> git rev-parse pandas_monit
> git rev-parse --symbolic-full-name pandas_monit@{u}
> git rev-list --left-right pandas_monit...refs/remotes/origin/pandas_monit
> git for-each-ref --format %(refname) %(objectname) --sort -committerdate
> git remote --verbose
> git rev-parse --show-toplevel
fatal: Not a git repository (or any of the parent directories): .git
> git status -z -u
> git symbolic-ref --short HEAD
> git rev-parse pandas_monit
> git rev-parse --symbolic-full-name pandas_monit@{u}
> git rev-list --left-right pandas_monit...refs/remotes/origin/pandas_monit
> git for-each-ref --format %(refname) %(objectname) --sort -committerdate
> git remote --verbose
> git rev-parse --show-toplevel
fatal: Not a git repository (or any of the parent directories): .git
> git show :main.go
> git status -z -u
> git symbolic-ref --short HEAD
> git rev-parse pandas_monit
> git rev-parse --symbolic-full-name pandas_monit@{u}
> git rev-list --left-right pandas_monit...refs/remotes/origin/pandas_monit
> git for-each-ref --format %(refname) %(objectname) --sort -committerdate
> git remote --verbose
> git status -z -u
> git symbolic-ref --short HEAD
> git rev-parse pandas_monit
> git rev-parse --symbolic-full-name pandas_monit@{u}
> git rev-list --left-right pandas_monit...refs/remotes/origin/pandas_monit
> git for-each-ref --format %(refname) %(objectname) --sort -committerdate
> git remote --verbose
> git rev-parse --show-toplevel
fatal: Not a git repository (or any of the parent directories): .git
> git status -z -u
> git symbolic-ref --short HEAD
> git rev-parse pandas_monit
> git rev-parse --symbolic-full-name pandas_monit@{u}
> git rev-list --left-right pandas_monit...refs/remotes/origin/pandas_monit
> git for-each-ref --format %(refname) %(objectname) --sort -committerdate
> git remote --verbose
> git show :main.go
> git status -z -u
> git symbolic-ref --short HEAD
> git rev-parse pandas_monit
> git rev-parse --symbolic-full-name pandas_monit@{u}
> git rev-list --left-right pandas_monit...refs/remotes/origin/pandas_monit
> git for-each-ref --format %(refname) %(objectname) --sort -committerdate
> git remote --verbose
> git rev-parse --show-toplevel
fatal: Not a git repository (or any of the parent directories): .git
> git rev-parse --show-toplevel
fatal: Not a git repository (or any of the parent directories): .git
> git rev-parse --show-toplevel
fatal: Not a git repository (or any of the parent directories): .git
> git status -z -u
> git symbolic-ref --short HEAD
> git rev-parse pandas_monit
> git rev-parse --symbolic-full-name pandas_monit@{u}
> git rev-list --left-right pandas_monit...refs/remotes/origin/pandas_monit
> git for-each-ref --format %(refname) %(objectname) --sort -committerdate
> git remote --verbose
> git show :main.go
> git status -z -u
> git symbolic-ref --short HEAD
> git rev-parse pandas_monit
> git rev-parse --symbolic-full-name pandas_monit@{u}
> git rev-list --left-right pandas_monit...refs/remotes/origin/pandas_monit
> git for-each-ref --format %(refname) %(objectname) --sort -committerdate
> git remote --verbose
> git show :.vscode/launch.json
> git show :main.go
> git rev-parse --show-toplevel
fatal: Not a git repository (or any of the parent directories): .git
> git show :main.go
> git rev-parse --show-toplevel
fatal: Not a git repository (or any of the parent directories): .git
> git rev-parse --show-toplevel
fatal: Not a git repository (or any of the parent directories): .git
> git rev-parse --show-toplevel
fatal: Not a git repository (or any of the parent directories): .git
> git show :controllers/readers/s3_reader.go
> git rev-parse --show-toplevel
fatal: Not a git repository (or any of the parent directories): .git
> git show :main.go
> git show :controllers/readers/s3_reader.go
> git show :main.go
> git show :controllers/readers/s3_reader.go
> git show :main.go
> git status -z -u
> git symbolic-ref --short HEAD
> git rev-parse pandas_monit
> git rev-parse --symbolic-full-name pandas_monit@{u}
> git rev-list --left-right pandas_monit...refs/remotes/origin/pandas_monit
> git for-each-ref --format %(refname) %(objectname) --sort -committerdate
> git remote --verbose
> git show :controllers/readers/s3_reader.go
> git status -z -u
> git symbolic-ref --short HEAD
> git rev-parse pandas_monit
> git rev-parse --symbolic-full-name pandas_monit@{u}
> git rev-list --left-right pandas_monit...refs/remotes/origin/pandas_monit
> git for-each-ref --format %(refname) %(objectname) --sort -committerdate
> git remote --verbose
> git show :main.go
> git rev-parse --show-toplevel
fatal: Not a git repository (or any of the parent directories): .git
> git show :main.go
> git check-ignore -z --stdin
> git show :controllers/readers/readers.go
> git ls-files --stage -- controllers/readers/
> git show :controllers/readers/s3_reader.go
> git status -z -u
> git symbolic-ref --short HEAD
> git rev-parse pandas_monit
> git rev-parse --symbolic-full-name pandas_monit@{u}
> git rev-list --left-right pandas_monit...refs/remotes/origin/pandas_monit
> git for-each-ref --format %(refname) %(objectname) --sort -committerdate
> git remote --verbose
> git show :main.go
> git status -z -u
> git symbolic-ref --short HEAD
> git rev-parse pandas_monit
> git rev-parse --symbolic-full-name pandas_monit@{u}
> git rev-list --left-right pandas_monit...refs/remotes/origin/pandas_monit
> git for-each-ref --format %(refname) %(objectname) --sort -committerdate
> git remote --verbose
> git show :controllers/readers/readers.go
> git ls-files --stage -- controllers/readers/
> git show :controllers/readers/s3_reader.go
> git status -z -u
> git symbolic-ref --short HEAD
> git rev-parse pandas_monit
> git rev-parse --symbolic-full-name pandas_monit@{u}
> git rev-list --left-right pandas_monit...refs/remotes/origin/pandas_monit
> git for-each-ref --format %(refname) %(objectname) --sort -committerdate
> git remote --verbose
> git show :main.go
> git show :.vscode/launch.json
> git show :main.go
> git show :controllers/readers/s3_reader.go
> git status -z -u
> git symbolic-ref --short HEAD
> git rev-parse pandas_monit
> git rev-parse --symbolic-full-name pandas_monit@{u}
> git rev-list --left-right pandas_monit...refs/remotes/origin/pandas_monit
> git for-each-ref --format %(refname) %(objectname) --sort -committerdate
> git remote --verbose
> git show :controllers/readers/readers.go
> git ls-files --stage -- controllers/readers/
> git show :main.go
> git status -z -u
> git symbolic-ref --short HEAD
> git rev-parse pandas_monit
> git rev-parse --symbolic-full-name pandas_monit@{u}
> git rev-list --left-right pandas_monit...refs/remotes/origin/pandas_monit
> git for-each-ref --format %(refname) %(objectname) --sort -committerdate
> git remote --verbose
> git status -z -u
> git symbolic-ref --short HEAD
> git rev-parse pandas_monit
> git rev-parse --symbolic-full-name pandas_monit@{u}
> git rev-list --left-right pandas_monit...refs/remotes/origin/pandas_monit
> git for-each-ref --format %(refname) %(objectname) --sort -committerdate
> git remote --verbose
> git status -z -u
> git symbolic-ref --short HEAD
> git rev-parse pandas_monit
> git rev-parse --symbolic-full-name pandas_monit@{u}
> git rev-list --left-right pandas_monit...refs/remotes/origin/pandas_monit
> git for-each-ref --format %(refname) %(objectname) --sort -committerdate
> git remote --verbose
> git show :controllers/readers/readers.go
> git ls-files --stage -- controllers/readers/
> git show :controllers/readers/s3_reader.go
> git show :controllers/readers/readers.go
> git ls-files --stage -- controllers/readers/
> git show :controllers/readers/s3_reader.go
> git status -z -u
> git symbolic-ref --short HEAD
> git rev-parse pandas_monit
> git rev-parse --symbolic-full-name pandas_monit@{u}
> git rev-list --left-right pandas_monit...refs/remotes/origin/pandas_monit
> git for-each-ref --format %(refname) %(objectname) --sort -committerdate
> git remote --verbose
> git show :main.go
> git status -z -u
> git symbolic-ref --short HEAD
> git rev-parse pandas_monit
> git rev-parse --symbolic-full-name pandas_monit@{u}
> git rev-list --left-right pandas_monit...refs/remotes/origin/pandas_monit
> git for-each-ref --format %(refname) %(objectname) --sort -committerdate
> git remote --verbose
> git status -z -u
> git symbolic-ref --short HEAD
> git rev-parse pandas_monit
> git rev-parse --symbolic-full-name pandas_monit@{u}
> git rev-list --left-right pandas_monit...refs/remotes/origin/pandas_monit
> git for-each-ref --format %(refname) %(objectname) --sort -committerdate
> git remote --verbose
> git status -z -u
> git symbolic-ref --short HEAD
> git rev-parse pandas_monit
> git rev-parse --symbolic-full-name pandas_monit@{u}
> git rev-list --left-right pandas_monit...refs/remotes/origin/pandas_monit
> git for-each-ref --format %(refname) %(objectname) --sort -committerdate
> git remote --verbose
> git status -z -u
> git symbolic-ref --short HEAD
> git rev-parse pandas_monit
> git rev-parse --symbolic-full-name pandas_monit@{u}
> git rev-list --left-right pandas_monit...refs/remotes/origin/pandas_monit
> git for-each-ref --format %(refname) %(objectname) --sort -committerdate
> git remote --verbose
> git show :controllers/readers/readers.go
> git ls-files --stage -- controllers/readers/
> git status -z -u
> git symbolic-ref --short HEAD
> git rev-parse pandas_monit
> git rev-parse --symbolic-full-name pandas_monit@{u}
> git rev-list --left-right pandas_monit...refs/remotes/origin/pandas_monit
> git for-each-ref --format %(refname) %(objectname) --sort -committerdate
> git remote --verbose
> git show :controllers/readers/s3_reader.go
> git status -z -u
> git symbolic-ref --short HEAD
> git rev-parse pandas_monit
> git rev-parse --symbolic-full-name pandas_monit@{u}
> git rev-list --left-right pandas_monit...refs/remotes/origin/pandas_monit
> git for-each-ref --format %(refname) %(objectname) --sort -committerdate
> git remote --verbose
> git show :main.go
> git status -z -u
> git symbolic-ref --short HEAD
> git rev-parse pandas_monit
> git rev-parse --symbolic-full-name pandas_monit@{u}
> git rev-list --left-right pandas_monit...refs/remotes/origin/pandas_monit
> git for-each-ref --format %(refname) %(objectname) --sort -committerdate
> git remote --verbose
> git show :controllers/readers/s3_reader.go
> git status -z -u
> git symbolic-ref --short HEAD
> git rev-parse pandas_monit
> git rev-parse --symbolic-full-name pandas_monit@{u}
> git rev-list --left-right pandas_monit...refs/remotes/origin/pandas_monit
> git for-each-ref --format %(refname) %(objectname) --sort -committerdate
> git remote --verbose
> git status -z -u
> git symbolic-ref --short HEAD
> git rev-parse pandas_monit
> git rev-parse --symbolic-full-name pandas_monit@{u}
> git rev-list --left-right pandas_monit...refs/remotes/origin/pandas_monit
> git for-each-ref --format %(refname) %(objectname) --sort -committerdate
> git remote --verbose
> git status -z -u
> git symbolic-ref --short HEAD
> git rev-parse pandas_monit
> git rev-parse --symbolic-full-name pandas_monit@{u}
> git rev-list --left-right pandas_monit...refs/remotes/origin/pandas_monit
> git for-each-ref --format %(refname) %(objectname) --sort -committerdate
> git remote --verbose
> git show :controllers/readers/readers.go
> git ls-files --stage -- controllers/readers/
> git status -z -u
> git symbolic-ref --short HEAD
> git rev-parse pandas_monit
> git rev-parse --symbolic-full-name pandas_monit@{u}
> git rev-list --left-right pandas_monit...refs/remotes/origin/pandas_monit
> git for-each-ref --format %(refname) %(objectname) --sort -committerdate
> git remote --verbose
> git show :main.go
> git status -z -u
> git symbolic-ref --short HEAD
> git rev-parse pandas_monit
> git rev-parse --symbolic-full-name pandas_monit@{u}
> git rev-list --left-right pandas_monit...refs/remotes/origin/pandas_monit
> git for-each-ref --format %(refname) %(objectname) --sort -committerdate
> git remote --verbose
> git show :controllers/readers/s3_reader.go
> git show :controllers/readers/readers.go
> git ls-files --stage -- controllers/readers/
> git show :main.go
> git status -z -u
> git symbolic-ref --short HEAD
> git rev-parse pandas_monit
> git rev-parse --symbolic-full-name pandas_monit@{u}
> git rev-list --left-right pandas_monit...refs/remotes/origin/pandas_monit
> git for-each-ref --format %(refname) %(objectname) --sort -committerdate
> git remote --verbose
> git show :controllers/readers/s3_reader.go
> git status -z -u
> git symbolic-ref --short HEAD
> git rev-parse pandas_monit
> git rev-parse --symbolic-full-name pandas_monit@{u}
> git rev-list --left-right pandas_monit...refs/remotes/origin/pandas_monit
> git for-each-ref --format %(refname) %(objectname) --sort -committerdate
> git remote --verbose
> git show :controllers/readers/readers.go
> git ls-files --stage -- controllers/readers/
> git status -z -u
> git symbolic-ref --short HEAD
> git rev-parse pandas_monit
> git rev-parse --symbolic-full-name pandas_monit@{u}
> git rev-list --left-right pandas_monit...refs/remotes/origin/pandas_monit
> git for-each-ref --format %(refname) %(objectname) --sort -committerdate
> git remote --verbose
> git show :main.go
> git status -z -u
> git symbolic-ref --short HEAD
> git rev-parse pandas_monit
> git rev-parse --symbolic-full-name pandas_monit@{u}
> git rev-list --left-right pandas_monit...refs/remotes/origin/pandas_monit
> git for-each-ref --format %(refname) %(objectname) --sort -committerdate
> git remote --verbose
> git show :controllers/readers/s3_reader.go
> git status -z -u
> git symbolic-ref --short HEAD
> git rev-parse pandas_monit
> git rev-parse --symbolic-full-name pandas_monit@{u}
> git rev-list --left-right pandas_monit...refs/remotes/origin/pandas_monit
> git for-each-ref --format %(refname) %(objectname) --sort -committerdate
> git remote --verbose
> git show :main.go
> git status -z -u
> git symbolic-ref --short HEAD
> git rev-parse pandas_monit
> git rev-parse --symbolic-full-name pandas_monit@{u}
> git rev-list --left-right pandas_monit...refs/remotes/origin/pandas_monit
> git for-each-ref --format %(refname) %(objectname) --sort -committerdate
> git remote --verbose
> git show :controllers/readers/readers.go
> git ls-files --stage -- controllers/readers/
> git status -z -u
> git symbolic-ref --short HEAD
> git rev-parse pandas_monit
> git rev-parse --symbolic-full-name pandas_monit@{u}
> git rev-list --left-right pandas_monit...refs/remotes/origin/pandas_monit
> git for-each-ref --format %(refname) %(objectname) --sort -committerdate
> git remote --verbose
> git show :controllers/readers/s3_reader.go
> git status -z -u
> git symbolic-ref --short HEAD
> git rev-parse pandas_monit
> git rev-parse --symbolic-full-name pandas_monit@{u}
> git rev-list --left-right pandas_monit...refs/remotes/origin/pandas_monit
> git for-each-ref --format %(refname) %(objectname) --sort -committerdate
> git remote --verbose
> git status -z -u
> git symbolic-ref --short HEAD
> git rev-parse pandas_monit
> git rev-parse --symbolic-full-name pandas_monit@{u}
> git rev-list --left-right pandas_monit...refs/remotes/origin/pandas_monit
> git for-each-ref --format %(refname) %(objectname) --sort -committerdate
> git remote --verbose
> git show :main.go
> git status -z -u
> git symbolic-ref --short HEAD
> git rev-parse pandas_monit
> git rev-parse --symbolic-full-name pandas_monit@{u}
> git rev-list --left-right pandas_monit...refs/remotes/origin/pandas_monit
> git for-each-ref --format %(refname) %(objectname) --sort -committerdate
> git remote --verbose
> git show :controllers/readers/s3_reader.go
> git status -z -u
> git symbolic-ref --short HEAD
> git rev-parse pandas_monit
> git rev-parse --symbolic-full-name pandas_monit@{u}
> git rev-list --left-right pandas_monit...refs/remotes/origin/pandas_monit
> git for-each-ref --format %(refname) %(objectname) --sort -committerdate
> git remote --verbose
> git show :main.go
> git status -z -u
> git symbolic-ref --short HEAD
> git rev-parse pandas_monit
> git rev-parse --symbolic-full-name pandas_monit@{u}
> git rev-list --left-right pandas_monit...refs/remotes/origin/pandas_monit
> git for-each-ref --format %(refname) %(objectname) --sort -committerdate
> git remote --verbose
> git status -z -u
> git symbolic-ref --short HEAD
> git rev-parse pandas_monit
> git rev-parse --symbolic-full-name pandas_monit@{u}
> git rev-list --left-right pandas_monit...refs/remotes/origin/pandas_monit
> git for-each-ref --format %(refname) %(objectname) --sort -committerdate
> git remote --verbose
> git status -z -u
> git symbolic-ref --short HEAD
> git rev-parse pandas_monit
> git rev-parse --symbolic-full-name pandas_monit@{u}
> git rev-list --left-right pandas_monit...refs/remotes/origin/pandas_monit
> git for-each-ref --format %(refname) %(objectname) --sort -committerdate
> git remote --verbose
> git show :controllers/readers/s3_reader.go
> git show :main.go
> git status -z -u
> git symbolic-ref --short HEAD
> git rev-parse pandas_monit
> git rev-parse --symbolic-full-name pandas_monit@{u}
> git rev-list --left-right pandas_monit...refs/remotes/origin/pandas_monit
> git for-each-ref --format %(refname) %(objectname) --sort -committerdate
> git remote --verbose
> git show :.vscode/launch.json
> git show :main.go
> git status -z -u
> git symbolic-ref --short HEAD
> git rev-parse pandas_monit
> git rev-parse --symbolic-full-name pandas_monit@{u}
> git rev-list --left-right pandas_monit...refs/remotes/origin/pandas_monit
> git for-each-ref --format %(refname) %(objectname) --sort -committerdate
> git remote --verbose
> git status -z -u
> git symbolic-ref --short HEAD
> git rev-parse pandas_monit
> git rev-parse --symbolic-full-name pandas_monit@{u}
> git rev-list --left-right pandas_monit...refs/remotes/origin/pandas_monit
> git for-each-ref --format %(refname) %(objectname) --sort -committerdate
> git remote --verbose
> git show :controllers/readers/s3_reader.go
> git status -z -u
> git symbolic-ref --short HEAD
> git rev-parse pandas_monit
> git rev-parse --symbolic-full-name pandas_monit@{u}
> git rev-list --left-right pandas_monit...refs/remotes/origin/pandas_monit
> git for-each-ref --format %(refname) %(objectname) --sort -committerdate
> git remote --verbose
> git status -z -u
> git symbolic-ref --short HEAD
> git rev-parse pandas_monit
> git rev-parse --symbolic-full-name pandas_monit@{u}
> git rev-list --left-right pandas_monit...refs/remotes/origin/pandas_monit
> git for-each-ref --format %(refname) %(objectname) --sort -committerdate
> git remote --verbose
> git status -z -u
> git symbolic-ref --short HEAD
> git rev-parse pandas_monit
> git rev-parse --symbolic-full-name pandas_monit@{u}
> git rev-list --left-right pandas_monit...refs/remotes/origin/pandas_monit
> git for-each-ref --format %(refname) %(objectname) --sort -committerdate
> git remote --verbose
> git status -z -u
> git symbolic-ref --short HEAD
> git rev-parse pandas_monit
> git rev-parse --symbolic-full-name pandas_monit@{u}
> git rev-list --left-right pandas_monit...refs/remotes/origin/pandas_monit
> git for-each-ref --format %(refname) %(objectname) --sort -committerdate
> git remote --verbose
> git status -z -u
> git symbolic-ref --short HEAD
> git rev-parse pandas_monit
> git rev-parse --symbolic-full-name pandas_monit@{u}
> git rev-list --left-right pandas_monit...refs/remotes/origin/pandas_monit
> git for-each-ref --format %(refname) %(objectname) --sort -committerdate
> git remote --verbose
> git status -z -u
> git symbolic-ref --short HEAD
> git rev-parse pandas_monit
> git rev-parse --symbolic-full-name pandas_monit@{u}
> git rev-list --left-right pandas_monit...refs/remotes/origin/pandas_monit
> git for-each-ref --format %(refname) %(objectname) --sort -committerdate
> git remote --verbose
> git status -z -u
> git symbolic-ref --short HEAD
> git rev-parse pandas_monit
> git rev-parse --symbolic-full-name pandas_monit@{u}
> git rev-list --left-right pandas_monit...refs/remotes/origin/pandas_monit
> git for-each-ref --format %(refname) %(objectname) --sort -committerdate
> git remote --verbose
> git status -z -u
> git symbolic-ref --short HEAD
> git rev-parse pandas_monit
> git rev-parse --symbolic-full-name pandas_monit@{u}
> git rev-list --left-right pandas_monit...refs/remotes/origin/pandas_monit
> git for-each-ref --format %(refname) %(objectname) --sort -committerdate
> git remote --verbose
> git status -z -u
> git symbolic-ref --short HEAD
> git rev-parse pandas_monit
> git rev-parse --symbolic-full-name pandas_monit@{u}
> git rev-list --left-right pandas_monit...refs/remotes/origin/pandas_monit
> git for-each-ref --format %(refname) %(objectname) --sort -committerdate
> git remote --verbose
> git status -z -u
> git symbolic-ref --short HEAD
> git rev-parse pandas_monit
> git rev-parse --symbolic-full-name pandas_monit@{u}
> git rev-list --left-right pandas_monit...refs/remotes/origin/pandas_monit
> git for-each-ref --format %(refname) %(objectname) --sort -committerdate
> git remote --verbose
> git status -z -u
> git symbolic-ref --short HEAD
> git rev-parse pandas_monit
> git rev-parse --symbolic-full-name pandas_monit@{u}
> git rev-list --left-right pandas_monit...refs/remotes/origin/pandas_monit
> git for-each-ref --format %(refname) %(objectname) --sort -committerdate
> git remote --verbose
> git status -z -u
> git symbolic-ref --short HEAD
> git rev-parse pandas_monit
> git rev-parse --symbolic-full-name pandas_monit@{u}
> git rev-list --left-right pandas_monit...refs/remotes/origin/pandas_monit
> git for-each-ref --format %(refname) %(objectname) --sort -committerdate
> git remote --verbose
> git status -z -u
> git symbolic-ref --short HEAD
> git rev-parse pandas_monit
> git rev-parse --symbolic-full-name pandas_monit@{u}
> git rev-list --left-right pandas_monit...refs/remotes/origin/pandas_monit
> git for-each-ref --format %(refname) %(objectname) --sort -committerdate
> git remote --verbose
> git show :main.go
> git status -z -u
> git symbolic-ref --short HEAD
> git rev-parse pandas_monit
> git rev-parse --symbolic-full-name pandas_monit@{u}
> git rev-list --left-right pandas_monit...refs/remotes/origin/pandas_monit
> git for-each-ref --format %(refname) %(objectname) --sort -committerdate
> git remote --verbose
> git status -z -u
> git symbolic-ref --short HEAD
> git rev-parse pandas_monit
> git rev-parse --symbolic-full-name pandas_monit@{u}
> git rev-list --left-right pandas_monit...refs/remotes/origin/pandas_monit
> git for-each-ref --format %(refname) %(objectname) --sort -committerdate
> git remote --verbose
> git status -z -u
> git symbolic-ref --short HEAD
> git rev-parse pandas_monit
> git rev-parse --symbolic-full-name pandas_monit@{u}
> git rev-list --left-right pandas_monit...refs/remotes/origin/pandas_monit
> git for-each-ref --format %(refname) %(objectname) --sort -committerdate
> git remote --verbose
> git status -z -u
> git symbolic-ref --short HEAD
> git rev-parse pandas_monit
> git rev-parse --symbolic-full-name pandas_monit@{u}
> git rev-list --left-right pandas_monit...refs/remotes/origin/pandas_monit
> git for-each-ref --format %(refname) %(objectname) --sort -committerdate
> git remote --verbose
> git status -z -u
> git symbolic-ref --short HEAD
> git rev-parse pandas_monit
> git rev-parse --symbolic-full-name pandas_monit@{u}
> git rev-list --left-right pandas_monit...refs/remotes/origin/pandas_monit
> git for-each-ref --format %(refname) %(objectname) --sort -committerdate
> git remote --verbose
> git status -z -u
> git symbolic-ref --short HEAD
> git rev-parse pandas_monit
> git rev-parse --symbolic-full-name pandas_monit@{u}
> git rev-list --left-right pandas_monit...refs/remotes/origin/pandas_monit
> git for-each-ref --format %(refname) %(objectname) --sort -committerdate
> git remote --verbose
> git status -z -u
> git symbolic-ref --short HEAD
> git rev-parse pandas_monit
> git rev-parse --symbolic-full-name pandas_monit@{u}
> git rev-list --left-right pandas_monit...refs/remotes/origin/pandas_monit
> git for-each-ref --format %(refname) %(objectname) --sort -committerdate
> git remote --verbose
> git status -z -u
> git symbolic-ref --short HEAD
> git rev-parse pandas_monit
> git rev-parse --symbolic-full-name pandas_monit@{u}
> git rev-list --left-right pandas_monit...refs/remotes/origin/pandas_monit
> git for-each-ref --format %(refname) %(objectname) --sort -committerdate
> git remote --verbose
> git status -z -u
> git symbolic-ref --short HEAD
> git rev-parse pandas_monit
> git rev-parse --symbolic-full-name pandas_monit@{u}
> git rev-list --left-right pandas_monit...refs/remotes/origin/pandas_monit
> git for-each-ref --format %(refname) %(objectname) --sort -committerdate
> git remote --verbose
> git status -z -u
> git symbolic-ref --short HEAD
> git rev-parse pandas_monit
> git rev-parse --symbolic-full-name pandas_monit@{u}
> git rev-list --left-right pandas_monit...refs/remotes/origin/pandas_monit
> git for-each-ref --format %(refname) %(objectname) --sort -committerdate
> git remote --verbose
> git status -z -u
> git symbolic-ref --short HEAD
> git rev-parse pandas_monit
> git rev-parse --symbolic-full-name pandas_monit@{u}
> git rev-list --left-right pandas_monit...refs/remotes/origin/pandas_monit
> git for-each-ref --format %(refname) %(objectname) --sort -committerdate
> git remote --verbose
