/home/gbravoma/go/src/gitlab.cern.ch/compute-accounting/monit-accounting>Finished running tool: /home/gbravoma/go/bin/golint
/home/gbravoma/go/src/gitlab.cern.ch/compute-accounting/monit-accounting/main.go:13: don't use underscores in Go names; var s3cfg_file should be s3cfgFile

/home/gbravoma/go/src/gitlab.cern.ch/compute-accounting/monit-accounting>Finished running tool: /usr/bin/go vet ./...
/home/gbravoma/go/src/gitlab.cern.ch/compute-accounting/monit-accounting/pandas/configUtils/fileUtils/JsonHandler.go:6: cannot find package "github.com/tidwall/gjson" in any of:
/home/gbravoma/go/src/gitlab.cern.ch/compute-accounting/monit-accounting/pandas/configUtils/fileUtils/JsonHandler.go:7: cannot find package "github.com/tidwall/sjson" in any of:

/home/gbravoma/go/src/gitlab.cern.ch/compute-accounting/monit-accounting>Finished running tool: /usr/bin/go build -i -o /tmp/vscode-gozE0gVK/go-code-check gitlab.cern.ch/compute-accounting/monit-accounting
/home/gbravoma/go/src/gitlab.cern.ch/compute-accounting/monit-accounting/main.go:18: undefined: log

Installing 4 tools at /home/gbravoma/go/bin
  gopkgs
  go-outline
  go-symbols
  goreturns

Installing github.com/uudashr/gopkgs/cmd/gopkgs SUCCEEDED
Installing github.com/ramya-rao-a/go-outline SUCCEEDED
Installing github.com/acroca/go-symbols SUCCEEDED
Installing github.com/sqs/goreturns SUCCEEDED

All tools successfully installed. You're ready to Go :).
/home/gbravoma/go/src/gitlab.cern.ch/compute-accounting/monit-accounting>Finished running tool: /home/gbravoma/go/bin/golint
/home/gbravoma/go/src/gitlab.cern.ch/compute-accounting/monit-accounting/main.go:14: don't use underscores in Go names; var s3cfg_file should be s3cfgFile

/home/gbravoma/go/src/gitlab.cern.ch/compute-accounting/monit-accounting>Finished running tool: /usr/bin/go vet ./...
/home/gbravoma/go/src/gitlab.cern.ch/compute-accounting/monit-accounting/pandas/configUtils/fileUtils/JsonHandler.go:6: cannot find package "github.com/tidwall/gjson" in any of:
/home/gbravoma/go/src/gitlab.cern.ch/compute-accounting/monit-accounting/pandas/configUtils/fileUtils/JsonHandler.go:7: cannot find package "github.com/tidwall/sjson" in any of:

/home/gbravoma/go/src/gitlab.cern.ch/compute-accounting/monit-accounting>Finished running tool: /usr/bin/go build -i -o /tmp/vscode-gozE0gVK/go-code-check gitlab.cern.ch/compute-accounting/monit-accounting

/home/gbravoma/go/src/gitlab.cern.ch/compute-accounting/monit-accounting>Finished running tool: /home/gbravoma/go/bin/golint
/home/gbravoma/go/src/gitlab.cern.ch/compute-accounting/monit-accounting/main.go:14: don't use underscores in Go names; var s3cfg_file should be s3cfgFile

/home/gbravoma/go/src/gitlab.cern.ch/compute-accounting/monit-accounting>Finished running tool: /usr/bin/go vet ./...
/home/gbravoma/go/src/gitlab.cern.ch/compute-accounting/monit-accounting/pandas/configUtils/fileUtils/JsonHandler.go:6: cannot find package "github.com/tidwall/gjson" in any of:
/home/gbravoma/go/src/gitlab.cern.ch/compute-accounting/monit-accounting/pandas/configUtils/fileUtils/JsonHandler.go:7: cannot find package "github.com/tidwall/sjson" in any of:

/home/gbravoma/go/src/gitlab.cern.ch/compute-accounting/monit-accounting>Finished running tool: /usr/bin/go build -i -o /tmp/vscode-gozE0gVK/go-code-check gitlab.cern.ch/compute-accounting/monit-accounting

